#
# A fatal error has been detected by the Java Runtime Environment:
#
#  SIGBUS (0x7) at pc=0x00007f2864c14fcd, pid=8376, tid=139811521144576
#
# JRE version: OpenJDK Runtime Environment (7.0_91-b02) (build 1.7.0_91-b02)
# Java VM: OpenJDK 64-Bit Server VM (24.91-b01 mixed mode linux-amd64 compressed oops)
# Derivative: IcedTea 2.6.3
# Distribution: Ubuntu 14.04 LTS, package 7u91-2.6.3-0ubuntu0.14.04.1
# Problematic frame:
# C  [libzip.so+0x4fcd]
#
# Failed to write core dump. Core dumps have been disabled. To enable core dumping, try "ulimit -c unlimited" before starting Java again
#
# If you would like to submit a bug report, please include
# instructions on how to reproduce the bug and visit:
#   http://icedtea.classpath.org/bugzilla
# The crash happened outside the Java Virtual Machine in native code.
# See problematic frame for where to report the bug.
#

---------------  T H R E A D  ---------------

Current thread (0x00007f286000d000):  JavaThread "main" [_thread_in_native, id=8378, stack(0x00007f2867fda000,0x00007f28680db000)]

siginfo:si_signo=SIGBUS: si_errno=0, si_code=2 (BUS_ADRERR), si_addr=0x00007f28273fc551

Registers:
RAX=0x00007f286076f6b0, RBX=0x00007f28608985e0, RCX=0x00007f2860000020, RDX=0x00007f286076f6b0
RSP=0x00007f28680d7800, RBP=0x00007f28680d7860, RSI=0x0000000008000000, RDI=0x0000000000000002
R8 =0x0000000000000003, R9 =0x00007f2860000078, R10=0x00007f285d0707f8, R11=0x00007f285d070701
R12=0x00007f2860898788, R13=0x00007f28273fc534, R14=0x00007f286076f6b0, R15=0x000000004eecb6d3
RIP=0x00007f2864c14fcd, EFLAGS=0x0000000000010202, CSGSFS=0x0000000000000033, ERR=0x0000000000000004
  TRAPNO=0x000000000000000e

Top of Stack: (sp=0x00007f28680d7800)
0x00007f28680d7800:   0000000000000000 00007f28680d7820
0x00007f28680d7810:   00007f28680d7868 000000005d006058
0x00007f28680d7820:   00000000eef83808 00007f2866c537dc
0x00007f28680d7830:   00007f28680d78d0 00007f2860898780
0x00007f28680d7840:   00007f28608985e0 00007f28680d78d0
0x00007f28680d7850:   00007f2860864f10 000000004eecb6d3
0x00007f28680d7860:   00007f28680d78b0 00007f2864c15d7d
0x00007f28680d7870:   00007f286000d4d0 0000000066d16a79
0x00007f28680d7880:   00007f28680d78a0 00007f28680d78d0
0x00007f28680d7890:   00007f28680d7d28 00007f28680d78d0
0x00007f28680d78a0:   0000000000000010 00007f286000d1d8
0x00007f28680d78b0:   00007f28680d7d10 00007f2864c13a21
0x00007f28680d78c0:   00000000c3a3e080 00007f28608985e0
0x00007f28680d78d0:   73706f7250636f64 6c6d782e7070612f
0x00007f28680d78e0:   00007f28680d7900 00000000b92a5250
0x00007f28680d78f0:   0000000000000000 00000000b92a4b18
0x00007f28680d7900:   0000000000000000 00007f28680d7920
0x00007f28680d7910:   00007f28680d7968 00007f285d006058
0x00007f28680d7920:   00000000eef83c58 00007f28680d7928
0x00007f28680d7930:   00000000b92a9f11 00007f28680d7980
0x00007f28680d7940:   00000000b94d2b60 0000000000000000
0x00007f28680d7950:   00000000b92a9f40 0000000000000000
0x00007f28680d7960:   00007f28680d7978 00007f28680d79c8
0x00007f28680d7970:   00007f285d006058 00000000eef83c30
0x00007f28680d7980:   00000000eef83c58 00007f28680d7988
0x00007f28680d7990:   00000000b92a9a52 00007f28680d79e0
0x00007f28680d79a0:   00000000b94d4d48 0000000000000000
0x00007f28680d79b0:   00000000b92a9a78 0000000000000000
0x00007f28680d79c0:   000000000000d800 000000000000006c
0x00007f28680d79d0:   00007f28680d79d0 00000000b8ca4218
0x00007f28680d79e0:   00007f28680d7a20 00007f286418caa1
0x00007f28680d79f0:   00007f28680d7a60 00007f2866a6a674 

Instructions: (pc=0x00007f2864c14fcd)
0x00007f2864c14fad:   73 48 48 8b 7b 10 b9 a0 00 00 00 49 8b 14 24 e8
0x00007f2864c14fbd:   8f fe ff ff 49 89 c5 4d 85 ed 0f 84 d3 04 00 00
0x00007f2864c14fcd:   41 0f b6 55 1d 41 0f b6 45 1c 45 31 e4 41 0f b6
0x00007f2864c14fdd:   75 0d 41 0f b6 7d 0e 45 0f b6 7d 1f c1 e2 08 09 

Register to memory mapping:

RAX=0x00007f286076f6b0 is an unknown value
RBX=0x00007f28608985e0 is an unknown value
RCX=0x00007f2860000020 is an unknown value
RDX=0x00007f286076f6b0 is an unknown value
RSP=0x00007f28680d7800 is pointing into the stack for thread: 0x00007f286000d000
RBP=0x00007f28680d7860 is pointing into the stack for thread: 0x00007f286000d000
RSI=0x0000000008000000 is an unknown value
RDI=0x0000000000000002 is an unknown value
R8 =0x0000000000000003 is an unknown value
R9 =0x00007f2860000078 is an unknown value
R10=0x00007f285d0707f8 is at entry_point+88 in (nmethod*)0x00007f285d070610
R11=0x00007f285d070701 is at entry_point+-159 in (nmethod*)0x00007f285d070610
R12=0x00007f2860898788 is an unknown value
R13=0x00007f28273fc534 is an unknown value
R14=0x00007f286076f6b0 is an unknown value
R15=0x000000004eecb6d3 is an unknown value


Stack: [0x00007f2867fda000,0x00007f28680db000],  sp=0x00007f28680d7800,  free space=1014k
Native frames: (J=compiled Java code, j=interpreted, Vv=VM code, C=native code)
C  [libzip.so+0x4fcd]
C  [libzip.so+0x5d7d]  ZIP_GetEntry+0xcd
C  [libzip.so+0x3a21]  Java_java_util_zip_ZipFile_getEntry+0x101
J 43  java.util.zip.ZipFile.getEntry(J[BZ)J (0 bytes) @ 0x00007f285d07086e [0x00007f285d0707a0+0xce]
j  java.util.zip.ZipFile.getInputStream(Ljava/util/zip/ZipEntry;)Ljava/io/InputStream;+88
j  org.apache.poi.openxml4j.util.ZipSecureFile.getInputStream(Ljava/util/zip/ZipEntry;)Ljava/io/InputStream;+2
j  org.apache.poi.openxml4j.util.ZipFileZipEntrySource.getInputStream(Ljava/util/zip/ZipEntry;)Ljava/io/InputStream;+22
j  org.apache.poi.openxml4j.opc.ZipPackagePart.getInputStreamImpl()Ljava/io/InputStream;+14
j  org.apache.poi.openxml4j.opc.PackagePart.getInputStream()Ljava/io/InputStream;+1
j  org.apache.poi.POIXMLProperties.<init>(Lorg/apache/poi/openxml4j/opc/OPCPackage;)V+69
j  org.apache.poi.POIXMLDocument.getProperties()Lorg/apache/poi/POIXMLProperties;+16
j  org.apache.poi.POIXMLDocument.write(Ljava/io/OutputStream;)V+20
j  screenShotTest.screenCaptureTest()V+541
v  ~StubRoutines::call_stub
V  [libjvm.so+0x5edc89]  JavaCalls::call_helper(JavaValue*, methodHandle*, JavaCallArguments*, Thread*)+0x339
V  [libjvm.so+0x5ed728]  JavaCalls::call(JavaValue*, methodHandle, JavaCallArguments*, Thread*)+0x28
V  [libjvm.so+0x848ff5]  Reflection::invoke(instanceKlassHandle, methodHandle, Handle, bool, objArrayHandle, BasicType, objArrayHandle, bool, Thread*)+0x4f5
V  [libjvm.so+0x84a148]  Reflection::invoke_method(oopDesc*, Handle, objArrayHandle, Thread*)+0x188
V  [libjvm.so+0x63a1b0]  JVM_InvokeMethod+0x180
j  sun.reflect.NativeMethodAccessorImpl.invoke0(Ljava/lang/reflect/Method;Ljava/lang/Object;[Ljava/lang/Object;)Ljava/lang/Object;+0
j  sun.reflect.NativeMethodAccessorImpl.invoke(Ljava/lang/Object;[Ljava/lang/Object;)Ljava/lang/Object;+87
j  sun.reflect.DelegatingMethodAccessorImpl.invoke(Ljava/lang/Object;[Ljava/lang/Object;)Ljava/lang/Object;+6
j  java.lang.reflect.Method.invoke(Ljava/lang/Object;[Ljava/lang/Object;)Ljava/lang/Object;+57
j  org.testng.internal.MethodInvocationHelper.invokeMethod(Ljava/lang/reflect/Method;Ljava/lang/Object;[Ljava/lang/Object;)Ljava/lang/Object;+235
j  org.testng.internal.Invoker.invokeMethod(Ljava/lang/Object;Lorg/testng/ITestNGMethod;[Ljava/lang/Object;ILorg/testng/xml/XmlSuite;Ljava/util/Map;Lorg/testng/ITestClass;[Lorg/testng/ITestNGMethod;[Lorg/testng/ITestNGMethod;Lorg/testng/internal/ConfigurationGroupMethods;Lorg/testng/internal/Invoker$FailureContext;)Lorg/testng/ITestResult;+278
j  org.testng.internal.Invoker.invokeTestMethod(Ljava/lang/Object;Lorg/testng/ITestNGMethod;[Ljava/lang/Object;ILorg/testng/xml/XmlSuite;Ljava/util/Map;Lorg/testng/ITestClass;[Lorg/testng/ITestNGMethod;[Lorg/testng/ITestNGMethod;Lorg/testng/internal/ConfigurationGroupMethods;Lorg/testng/internal/Invoker$FailureContext;)Lorg/testng/ITestResult;+29
j  org.testng.internal.Invoker.invokeTestMethods(Lorg/testng/ITestNGMethod;Lorg/testng/xml/XmlSuite;Ljava/util/Map;Lorg/testng/internal/ConfigurationGroupMethods;Ljava/lang/Object;Lorg/testng/ITestContext;)Ljava/util/List;+675
j  org.testng.internal.TestMethodWorker.invokeTestMethods(Lorg/testng/ITestNGMethod;Ljava/lang/Object;Lorg/testng/ITestContext;)V+19
j  org.testng.internal.TestMethodWorker.run()V+60
j  org.testng.TestRunner.privateRun(Lorg/testng/xml/XmlTest;)V+358
j  org.testng.TestRunner.run()V+26
j  org.testng.SuiteRunner.runTest(Lorg/testng/TestRunner;)V+1
j  org.testng.SuiteRunner.runSequentially()V+31
j  org.testng.SuiteRunner.privateRun()V+281
j  org.testng.SuiteRunner.run()V+6
j  org.testng.SuiteRunnerWorker.runSuite(Lorg/testng/internal/SuiteRunnerMap;Lorg/testng/xml/XmlSuite;)V+89
j  org.testng.SuiteRunnerWorker.run()V+12
j  org.testng.TestNG.runSuitesSequentially(Lorg/testng/xml/XmlSuite;Lorg/testng/internal/SuiteRunnerMap;ILjava/lang/String;)V+66
j  org.testng.TestNG.runSuitesLocally()Ljava/util/List;+143
j  org.testng.TestNG.run()V+77
j  org.testng.IDEARemoteTestNG.run()V+268
j  org.testng.RemoteTestNGStarter.main([Ljava/lang/String;)V+556
v  ~StubRoutines::call_stub
V  [libjvm.so+0x5edc89]  JavaCalls::call_helper(JavaValue*, methodHandle*, JavaCallArguments*, Thread*)+0x339
V  [libjvm.so+0x5ed728]  JavaCalls::call(JavaValue*, methodHandle, JavaCallArguments*, Thread*)+0x28
V  [libjvm.so+0x848ff5]  Reflection::invoke(instanceKlassHandle, methodHandle, Handle, bool, objArrayHandle, BasicType, objArrayHandle, bool, Thread*)+0x4f5
V  [libjvm.so+0x84a148]  Reflection::invoke_method(oopDesc*, Handle, objArrayHandle, Thread*)+0x188
V  [libjvm.so+0x63a1b0]  JVM_InvokeMethod+0x180
j  sun.reflect.NativeMethodAccessorImpl.invoke0(Ljava/lang/reflect/Method;Ljava/lang/Object;[Ljava/lang/Object;)Ljava/lang/Object;+0
j  sun.reflect.NativeMethodAccessorImpl.invoke(Ljava/lang/Object;[Ljava/lang/Object;)Ljava/lang/Object;+87
j  sun.reflect.DelegatingMethodAccessorImpl.invoke(Ljava/lang/Object;[Ljava/lang/Object;)Ljava/lang/Object;+6
j  java.lang.reflect.Method.invoke(Ljava/lang/Object;[Ljava/lang/Object;)Ljava/lang/Object;+57
j  com.intellij.rt.execution.application.AppMain.main([Ljava/lang/String;)V+180
v  ~StubRoutines::call_stub
V  [libjvm.so+0x5edc89]  JavaCalls::call_helper(JavaValue*, methodHandle*, JavaCallArguments*, Thread*)+0x339
V  [libjvm.so+0x5ed728]  JavaCalls::call(JavaValue*, methodHandle, JavaCallArguments*, Thread*)+0x28
V  [libjvm.so+0x5fd04b]  jni_invoke_static(JNIEnv_*, JavaValue*, _jobject*, JNICallType, _jmethodID*, JNI_ArgumentPusher*, Thread*) [clone .isra.123] [clone .constprop.154]+0x28b
V  [libjvm.so+0x60e0e8]  jni_CallStaticVoidMethod+0x118
C  [libjli.so+0x31f9]

Java frames: (J=compiled Java code, j=interpreted, Vv=VM code)
J 43  java.util.zip.ZipFile.getEntry(J[BZ)J (0 bytes) @ 0x00007f285d0707f8 [0x00007f285d0707a0+0x58]
j  java.util.zip.ZipFile.getInputStream(Ljava/util/zip/ZipEntry;)Ljava/io/InputStream;+88
j  org.apache.poi.openxml4j.util.ZipSecureFile.getInputStream(Ljava/util/zip/ZipEntry;)Ljava/io/InputStream;+2
j  org.apache.poi.openxml4j.util.ZipFileZipEntrySource.getInputStream(Ljava/util/zip/ZipEntry;)Ljava/io/InputStream;+22
j  org.apache.poi.openxml4j.opc.ZipPackagePart.getInputStreamImpl()Ljava/io/InputStream;+14
j  org.apache.poi.openxml4j.opc.PackagePart.getInputStream()Ljava/io/InputStream;+1
j  org.apache.poi.POIXMLProperties.<init>(Lorg/apache/poi/openxml4j/opc/OPCPackage;)V+69
j  org.apache.poi.POIXMLDocument.getProperties()Lorg/apache/poi/POIXMLProperties;+16
j  org.apache.poi.POIXMLDocument.write(Ljava/io/OutputStream;)V+20
j  screenShotTest.screenCaptureTest()V+541
v  ~StubRoutines::call_stub
j  sun.reflect.NativeMethodAccessorImpl.invoke0(Ljava/lang/reflect/Method;Ljava/lang/Object;[Ljava/lang/Object;)Ljava/lang/Object;+0
j  sun.reflect.NativeMethodAccessorImpl.invoke(Ljava/lang/Object;[Ljava/lang/Object;)Ljava/lang/Object;+87
j  sun.reflect.DelegatingMethodAccessorImpl.invoke(Ljava/lang/Object;[Ljava/lang/Object;)Ljava/lang/Object;+6
j  java.lang.reflect.Method.invoke(Ljava/lang/Object;[Ljava/lang/Object;)Ljava/lang/Object;+57
j  org.testng.internal.MethodInvocationHelper.invokeMethod(Ljava/lang/reflect/Method;Ljava/lang/Object;[Ljava/lang/Object;)Ljava/lang/Object;+235
j  org.testng.internal.Invoker.invokeMethod(Ljava/lang/Object;Lorg/testng/ITestNGMethod;[Ljava/lang/Object;ILorg/testng/xml/XmlSuite;Ljava/util/Map;Lorg/testng/ITestClass;[Lorg/testng/ITestNGMethod;[Lorg/testng/ITestNGMethod;Lorg/testng/internal/ConfigurationGroupMethods;Lorg/testng/internal/Invoker$FailureContext;)Lorg/testng/ITestResult;+278
j  org.testng.internal.Invoker.invokeTestMethod(Ljava/lang/Object;Lorg/testng/ITestNGMethod;[Ljava/lang/Object;ILorg/testng/xml/XmlSuite;Ljava/util/Map;Lorg/testng/ITestClass;[Lorg/testng/ITestNGMethod;[Lorg/testng/ITestNGMethod;Lorg/testng/internal/ConfigurationGroupMethods;Lorg/testng/internal/Invoker$FailureContext;)Lorg/testng/ITestResult;+29
j  org.testng.internal.Invoker.invokeTestMethods(Lorg/testng/ITestNGMethod;Lorg/testng/xml/XmlSuite;Ljava/util/Map;Lorg/testng/internal/ConfigurationGroupMethods;Ljava/lang/Object;Lorg/testng/ITestContext;)Ljava/util/List;+675
j  org.testng.internal.TestMethodWorker.invokeTestMethods(Lorg/testng/ITestNGMethod;Ljava/lang/Object;Lorg/testng/ITestContext;)V+19
j  org.testng.internal.TestMethodWorker.run()V+60
j  org.testng.TestRunner.privateRun(Lorg/testng/xml/XmlTest;)V+358
j  org.testng.TestRunner.run()V+26
j  org.testng.SuiteRunner.runTest(Lorg/testng/TestRunner;)V+1
j  org.testng.SuiteRunner.runSequentially()V+31
j  org.testng.SuiteRunner.privateRun()V+281
j  org.testng.SuiteRunner.run()V+6
j  org.testng.SuiteRunnerWorker.runSuite(Lorg/testng/internal/SuiteRunnerMap;Lorg/testng/xml/XmlSuite;)V+89
j  org.testng.SuiteRunnerWorker.run()V+12
j  org.testng.TestNG.runSuitesSequentially(Lorg/testng/xml/XmlSuite;Lorg/testng/internal/SuiteRunnerMap;ILjava/lang/String;)V+66
j  org.testng.TestNG.runSuitesLocally()Ljava/util/List;+143
j  org.testng.TestNG.run()V+77
j  org.testng.IDEARemoteTestNG.run()V+268
j  org.testng.RemoteTestNGStarter.main([Ljava/lang/String;)V+556
v  ~StubRoutines::call_stub
j  sun.reflect.NativeMethodAccessorImpl.invoke0(Ljava/lang/reflect/Method;Ljava/lang/Object;[Ljava/lang/Object;)Ljava/lang/Object;+0
j  sun.reflect.NativeMethodAccessorImpl.invoke(Ljava/lang/Object;[Ljava/lang/Object;)Ljava/lang/Object;+87
j  sun.reflect.DelegatingMethodAccessorImpl.invoke(Ljava/lang/Object;[Ljava/lang/Object;)Ljava/lang/Object;+6
j  java.lang.reflect.Method.invoke(Ljava/lang/Object;[Ljava/lang/Object;)Ljava/lang/Object;+57
j  com.intellij.rt.execution.application.AppMain.main([Ljava/lang/String;)V+180
v  ~StubRoutines::call_stub

---------------  P R O C E S S  ---------------

Java Threads: ( => current thread )
  0x00007f28608f2000 JavaThread "Java2D Disposer" daemon [_thread_blocked, id=8511, stack(0x00007f2825b81000,0x00007f2825c82000)]
  0x00007f286069e800 JavaThread "UrlChecker-2" daemon [_thread_blocked, id=8426, stack(0x00007f2825c82000,0x00007f2825d83000)]
  0x00007f281c005000 JavaThread "Exec Stream Pumper" daemon [_thread_in_native, id=8425, stack(0x00007f2825d83000,0x00007f2825e84000)]
  0x00007f281c003800 JavaThread "Exec Stream Pumper" daemon [_thread_in_native, id=8424, stack(0x00007f2825e84000,0x00007f2825f85000)]
  0x00007f281c002000 JavaThread "process reaper" daemon [_thread_in_native, id=8423, stack(0x00007f2825f85000,0x00007f2825fbe000)]
  0x00007f2860694800 JavaThread "Exec Default Executor" daemon [_thread_blocked, id=8421, stack(0x00007f2825fbe000,0x00007f28260bf000)]
  0x00007f28600fc000 JavaThread "Monitor Ctrl-Break" daemon [_thread_in_native, id=8416, stack(0x00007f284d054000,0x00007f284d155000)]
  0x00007f28600b0800 JavaThread "Service Thread" daemon [_thread_blocked, id=8414, stack(0x00007f284d458000,0x00007f284d559000)]
  0x00007f28600ae000 JavaThread "C2 CompilerThread1" daemon [_thread_in_native, id=8413, stack(0x00007f284d559000,0x00007f284d65a000)]
  0x00007f28600ab000 JavaThread "C2 CompilerThread0" daemon [_thread_in_native, id=8412, stack(0x00007f284d65a000,0x00007f284d75b000)]
  0x00007f28600a9000 JavaThread "Signal Dispatcher" daemon [_thread_blocked, id=8411, stack(0x00007f284d75b000,0x00007f284d85c000)]
  0x00007f286007e800 JavaThread "Finalizer" daemon [_thread_blocked, id=8404, stack(0x00007f284d85c000,0x00007f284d95d000)]
  0x00007f286007c800 JavaThread "Reference Handler" daemon [_thread_blocked, id=8402, stack(0x00007f284d95d000,0x00007f284da5e000)]
=>0x00007f286000d000 JavaThread "main" [_thread_in_native, id=8378, stack(0x00007f2867fda000,0x00007f28680db000)]

Other Threads:
  0x00007f2860078800 VMThread [stack: 0x00007f284da5e000,0x00007f284db5f000] [id=8401]
  0x00007f28600bb000 WatcherThread [stack: 0x00007f284d357000,0x00007f284d458000] [id=8415]

VM state:not at safepoint (normal execution)

VM Mutex/Monitor currently owned by a thread: None

Heap
 PSYoungGen      total 73728K, used 58235K [0x00000000ebb00000, 0x00000000f3300000, 0x0000000100000000)
  eden space 62464K, 87% used [0x00000000ebb00000,0x00000000ef02a8d0,0x00000000ef800000)
  from space 11264K, 33% used [0x00000000ef800000,0x00000000efbb4448,0x00000000f0300000)
  to   space 11264K, 0% used [0x00000000f2800000,0x00000000f2800000,0x00000000f3300000)
 ParOldGen       total 41472K, used 18707K [0x00000000c3200000, 0x00000000c5a80000, 0x00000000ebb00000)
  object space 41472K, 45% used [0x00000000c3200000,0x00000000c4444e00,0x00000000c5a80000)
 PSPermGen       total 22528K, used 22463K [0x00000000b8c00000, 0x00000000ba200000, 0x00000000c3200000)
  object space 22528K, 99% used [0x00000000b8c00000,0x00000000ba1efeb0,0x00000000ba200000)

Card table byte_map: [0x00007f28649d5000,0x00007f2864c10000] byte_map_base: 0x00007f286440f000

Polling page: 0x00007f28680f9000

Code Cache  [0x00007f285d000000, 0x00007f285d270000, 0x00007f2860000000)
 total_blobs=698 nmethods=325 adapters=326 free_code_cache=48045Kb largest_free_block=49146688

Compilation events (10 events):
Event: 30.718 Thread 0x00007f28600ae000 nmethod 336 0x00007f285d101250 code [0x00007f285d101380, 0x00007f285d101438]
Event: 30.718 Thread 0x00007f28600ae000  337             org.apache.xmlbeans.impl.store.Saver$TextSaver::isEscapedChar (25 bytes)
Event: 30.719 Thread 0x00007f28600ae000 nmethod 337 0x00007f285d101010 code [0x00007f285d101140, 0x00007f285d1011b8]
Event: 30.719 Thread 0x00007f28600ae000  338             org.apache.xmlbeans.impl.store.Xobj::hasChildren (23 bytes)
Event: 30.720 Thread 0x00007f28600ae000 nmethod 338 0x00007f285d107690 code [0x00007f285d1077c0, 0x00007f285d107838]
Event: 30.720 Thread 0x00007f28600ae000  339             org.apache.xmlbeans.impl.store.Cur::toNextAttr (49 bytes)
Event: 30.726 Thread 0x00007f28600ae000 nmethod 339 0x00007f285d103750 code [0x00007f285d1038e0, 0x00007f285d103d48]
Event: 30.726 Thread 0x00007f28600ae000  340             org.apache.xmlbeans.impl.store.Xobj::nextAttr (46 bytes)
Event: 30.727 Thread 0x00007f28600ae000 nmethod 340 0x00007f285d105cd0 code [0x00007f285d105e00, 0x00007f285d105e98]
Event: 30.727 Thread 0x00007f28600ae000  341             org.apache.xmlbeans.impl.store.Cur::getName (36 bytes)

GC Heap History (10 events):
Event: 6.307 GC heap before
{Heap before GC invocations=5 (full 0):
 PSYoungGen      total 18432K, used 18400K [0x00000000ebb00000, 0x00000000ecf80000, 0x0000000100000000)
  eden space 15872K, 100% used [0x00000000ebb00000,0x00000000eca80000,0x00000000eca80000)
  from space 2560K, 98% used [0x00000000ecd00000,0x00000000ecf78020,0x00000000ecf80000)
  to   space 2560K, 0% used [0x00000000eca80000,0x00000000eca80000,0x00000000ecd00000)
 ParOldGen       total 41472K, used 6414K [0x00000000c3200000, 0x00000000c5a80000, 0x00000000ebb00000)
  object space 41472K, 15% used [0x00000000c3200000,0x00000000c3843a08,0x00000000c5a80000)
 PSPermGen       total 21504K, used 17774K [0x00000000b8c00000, 0x00000000ba100000, 0x00000000c3200000)
  object space 21504K, 82% used [0x00000000b8c00000,0x00000000b9d5b890,0x00000000ba100000)
Event: 6.316 GC heap after
Heap after GC invocations=5 (full 0):
 PSYoungGen      total 18432K, used 2528K [0x00000000ebb00000, 0x00000000ee500000, 0x0000000100000000)
  eden space 15872K, 0% used [0x00000000ebb00000,0x00000000ebb00000,0x00000000eca80000)
  from space 2560K, 98% used [0x00000000eca80000,0x00000000eccf8308,0x00000000ecd00000)
  to   space 5632K, 0% used [0x00000000edf80000,0x00000000edf80000,0x00000000ee500000)
 ParOldGen       total 41472K, used 8320K [0x00000000c3200000, 0x00000000c5a80000, 0x00000000ebb00000)
  object space 41472K, 20% used [0x00000000c3200000,0x00000000c3a20038,0x00000000c5a80000)
 PSPermGen       total 21504K, used 17774K [0x00000000b8c00000, 0x00000000ba100000, 0x00000000c3200000)
  object space 21504K, 82% used [0x00000000b8c00000,0x00000000b9d5b890,0x00000000ba100000)
}
Event: 6.734 GC heap before
{Heap before GC invocations=6 (full 0):
 PSYoungGen      total 18432K, used 18400K [0x00000000ebb00000, 0x00000000ee500000, 0x0000000100000000)
  eden space 15872K, 100% used [0x00000000ebb00000,0x00000000eca80000,0x00000000eca80000)
  from space 2560K, 98% used [0x00000000eca80000,0x00000000eccf8308,0x00000000ecd00000)
  to   space 5632K, 0% used [0x00000000edf80000,0x00000000edf80000,0x00000000ee500000)
 ParOldGen       total 41472K, used 8320K [0x00000000c3200000, 0x00000000c5a80000, 0x00000000ebb00000)
  object space 41472K, 20% used [0x00000000c3200000,0x00000000c3a20038,0x00000000c5a80000)
 PSPermGen       total 21504K, used 19514K [0x00000000b8c00000, 0x00000000ba100000, 0x00000000c3200000)
  object space 21504K, 90% used [0x00000000b8c00000,0x00000000b9f0e970,0x00000000ba100000)
Event: 6.748 GC heap after
Heap after GC invocations=6 (full 0):
 PSYoungGen      total 36864K, used 5612K [0x00000000ebb00000, 0x00000000ee600000, 0x0000000100000000)
  eden space 31232K, 0% used [0x00000000ebb00000,0x00000000ebb00000,0x00000000ed980000)
  from space 5632K, 99% used [0x00000000edf80000,0x00000000ee4fb010,0x00000000ee500000)
  to   space 6144K, 0% used [0x00000000ed980000,0x00000000ed980000,0x00000000edf80000)
 ParOldGen       total 41472K, used 8420K [0x00000000c3200000, 0x00000000c5a80000, 0x00000000ebb00000)
  object space 41472K, 20% used [0x00000000c3200000,0x00000000c3a393a8,0x00000000c5a80000)
 PSPermGen       total 21504K, used 19514K [0x00000000b8c00000, 0x00000000ba100000, 0x00000000c3200000)
  object space 21504K, 90% used [0x00000000b8c00000,0x00000000b9f0e970,0x00000000ba100000)
}
Event: 27.971 GC heap before
{Heap before GC invocations=7 (full 0):
 PSYoungGen      total 36864K, used 35298K [0x00000000ebb00000, 0x00000000ee600000, 0x0000000100000000)
  eden space 31232K, 95% used [0x00000000ebb00000,0x00000000ed7fdbc0,0x00000000ed980000)
  from space 5632K, 99% used [0x00000000edf80000,0x00000000ee4fb010,0x00000000ee500000)
  to   space 6144K, 0% used [0x00000000ed980000,0x00000000ed980000,0x00000000edf80000)
 ParOldGen       total 41472K, used 8420K [0x00000000c3200000, 0x00000000c5a80000, 0x00000000ebb00000)
  object space 41472K, 20% used [0x00000000c3200000,0x00000000c3a393a8,0x00000000c5a80000)
 PSPermGen       total 21504K, used 20712K [0x00000000b8c00000, 0x00000000ba100000, 0x00000000c3200000)
  object space 21504K, 96% used [0x00000000b8c00000,0x00000000ba03a1e8,0x00000000ba100000)
Event: 27.983 GC heap after
Heap after GC invocations=7 (full 0):
 PSYoungGen      total 37376K, used 6116K [0x00000000ebb00000, 0x00000000f0e00000, 0x0000000100000000)
  eden space 31232K, 0% used [0x00000000ebb00000,0x00000000ebb00000,0x00000000ed980000)
  from space 6144K, 99% used [0x00000000ed980000,0x00000000edf79060,0x00000000edf80000)
  to   space 11264K, 0% used [0x00000000f0300000,0x00000000f0300000,0x00000000f0e00000)
 ParOldGen       total 41472K, used 17168K [0x00000000c3200000, 0x00000000c5a80000, 0x00000000ebb00000)
  object space 41472K, 41% used [0x00000000c3200000,0x00000000c42c4278,0x00000000c5a80000)
 PSPermGen       total 21504K, used 20712K [0x00000000b8c00000, 0x00000000ba100000, 0x00000000c3200000)
  object space 21504K, 96% used [0x00000000b8c00000,0x00000000ba03a1e8,0x00000000ba100000)
}
Event: 28.059 GC heap before
{Heap before GC invocations=8 (full 0):
 PSYoungGen      total 37376K, used 36483K [0x00000000ebb00000, 0x00000000f0e00000, 0x0000000100000000)
  eden space 31232K, 97% used [0x00000000ebb00000,0x00000000ed8a7c48,0x00000000ed980000)
  from space 6144K, 99% used [0x00000000ed980000,0x00000000edf79060,0x00000000edf80000)
  to   space 11264K, 0% used [0x00000000f0300000,0x00000000f0300000,0x00000000f0e00000)
 ParOldGen       total 41472K, used 17168K [0x00000000c3200000, 0x00000000c5a80000, 0x00000000ebb00000)
  object space 41472K, 41% used [0x00000000c3200000,0x00000000c42c4278,0x00000000c5a80000)
 PSPermGen       total 21504K, used 20719K [0x00000000b8c00000, 0x00000000ba100000, 0x00000000c3200000)
  object space 21504K, 96% used [0x00000000b8c00000,0x00000000ba03bdf8,0x00000000ba100000)
Event: 28.065 GC heap after
Heap after GC invocations=8 (full 0):
 PSYoungGen      total 73728K, used 7085K [0x00000000ebb00000, 0x00000000f0e00000, 0x0000000100000000)
  eden space 62464K, 0% used [0x00000000ebb00000,0x00000000ebb00000,0x00000000ef800000)
  from space 11264K, 62% used [0x00000000f0300000,0x00000000f09eb530,0x00000000f0e00000)
  to   space 11264K, 0% used [0x00000000ef800000,0x00000000ef800000,0x00000000f0300000)
 ParOldGen       total 41472K, used 17416K [0x00000000c3200000, 0x00000000c5a80000, 0x00000000ebb00000)
  object space 41472K, 41% used [0x00000000c3200000,0x00000000c43022d8,0x00000000c5a80000)
 PSPermGen       total 21504K, used 20719K [0x00000000b8c00000, 0x00000000ba100000, 0x00000000c3200000)
  object space 21504K, 96% used [0x00000000b8c00000,0x00000000ba03bdf8,0x00000000ba100000)
}
Event: 29.927 GC heap before
{Heap before GC invocations=9 (full 0):
 PSYoungGen      total 73728K, used 54882K [0x00000000ebb00000, 0x00000000f0e00000, 0x0000000100000000)
  eden space 62464K, 76% used [0x00000000ebb00000,0x00000000ee9ad5d8,0x00000000ef800000)
  from space 11264K, 62% used [0x00000000f0300000,0x00000000f09eb530,0x00000000f0e00000)
  to   space 11264K, 0% used [0x00000000ef800000,0x00000000ef800000,0x00000000f0300000)
 ParOldGen       total 41472K, used 17416K [0x00000000c3200000, 0x00000000c5a80000, 0x00000000ebb00000)
  object space 41472K, 41% used [0x00000000c3200000,0x00000000c43022d8,0x00000000c5a80000)
 PSPermGen       total 22528K, used 22060K [0x00000000b8c00000, 0x00000000ba200000, 0x00000000c3200000)
  object space 22528K, 97% used [0x00000000b8c00000,0x00000000ba18b340,0x00000000ba200000)
Event: 29.934 GC heap after
Heap after GC invocations=9 (full 0):
 PSYoungGen      total 73728K, used 3793K [0x00000000ebb00000, 0x00000000f3300000, 0x0000000100000000)
  eden space 62464K, 0% used [0x00000000ebb00000,0x00000000ebb00000,0x00000000ef800000)
  from space 11264K, 33% used [0x00000000ef800000,0x00000000efbb4448,0x00000000f0300000)
  to   space 11264K, 0% used [0x00000000f2800000,0x00000000f2800000,0x00000000f3300000)
 ParOldGen       total 41472K, used 18707K [0x00000000c3200000, 0x00000000c5a80000, 0x00000000ebb00000)
  object space 41472K, 45% used [0x00000000c3200000,0x00000000c4444e00,0x00000000c5a80000)
 PSPermGen       total 22528K, used 22060K [0x00000000b8c00000, 0x00000000ba200000, 0x00000000c3200000)
  object space 22528K, 97% used [0x00000000b8c00000,0x00000000ba18b340,0x00000000ba200000)
}

Deoptimization events (10 events):
Event: 29.952 Thread 0x00007f286000d000 Uncommon trap: reason=class_check action=maybe_recompile pc=0x00007f285d0bafd8 method=java.io.DataInputStream.readFully([BII)V @ 34
Event: 29.952 Thread 0x00007f286000d000 Uncommon trap: reason=class_check action=maybe_recompile pc=0x00007f285d0c074c method=java.io.FilterInputStream.read()I @ 4
Event: 29.952 Thread 0x00007f286000d000 Uncommon trap: reason=class_check action=maybe_recompile pc=0x00007f285d0bafd8 method=java.io.DataInputStream.readFully([BII)V @ 34
Event: 30.483 Thread 0x00007f286000d000 Uncommon trap: reason=unstable_if action=reinterpret pc=0x00007f285d0df644 method=org.apache.xmlbeans.impl.store.Xobj.isNormal(I)Z @ 39
Event: 30.483 Thread 0x00007f286000d000 Uncommon trap: reason=unstable_if action=reinterpret pc=0x00007f285d0d8d50 method=org.apache.xmlbeans.impl.store.Xobj.isNormal(I)Z @ 39
Event: 30.483 Thread 0x00007f286000d000 Uncommon trap: reason=unstable_if action=reinterpret pc=0x00007f285d0dd9dc method=org.apache.xmlbeans.impl.store.Xobj.isNormal(I)Z @ 39
Event: 30.483 Thread 0x00007f286000d000 Uncommon trap: reason=unstable_if action=reinterpret pc=0x00007f285d0d9288 method=org.apache.xmlbeans.impl.store.Xobj.isNormal(I)Z @ 39
Event: 30.483 Thread 0x00007f286000d000 Uncommon trap: reason=unstable_if action=reinterpret pc=0x00007f285d0dd2f8 method=org.apache.xmlbeans.impl.store.Cur.moveToNoCheck(Lorg/apache/xmlbeans/impl/store/Xobj;I)V @ 13
Event: 30.505 Thread 0x00007f286000d000 Uncommon trap: reason=unstable_if action=reinterpret pc=0x00007f285d0e244c method=org.apache.xmlbeans.impl.store.Xobj.isNormal(I)Z @ 39
Event: 30.505 Thread 0x00007f286000d000 Uncommon trap: reason=unstable_if action=reinterpret pc=0x00007f285d0e5764 method=org.apache.xmlbeans.impl.store.Xobj.isNormal(I)Z @ 39

Internal exceptions (10 events):
Event: 30.695 Thread 0x00007f286000d000 Threw 0x00000000eee71940 at /build/openjdk-7-zaTxYK/openjdk-7-7u91-2.6.3/build/openjdk/hotspot/src/share/vm/prims/jvm.cpp:1322
Event: 30.698 Thread 0x00007f286000d000 Threw 0x00000000eee93ee8 at /build/openjdk-7-zaTxYK/openjdk-7-7u91-2.6.3/build/openjdk/hotspot/src/share/vm/prims/jvm.cpp:1322
Event: 30.707 Thread 0x00007f286000d000 Threw 0x00000000eeec8a50 at /build/openjdk-7-zaTxYK/openjdk-7-7u91-2.6.3/build/openjdk/hotspot/src/share/vm/prims/jvm.cpp:1322
Event: 30.708 Thread 0x00007f286000d000 Threw 0x00000000eeee9580 at /build/openjdk-7-zaTxYK/openjdk-7-7u91-2.6.3/build/openjdk/hotspot/src/share/vm/prims/jvm.cpp:1322
Event: 30.718 Thread 0x00007f286000d000 Threw 0x00000000eeefc060 at /build/openjdk-7-zaTxYK/openjdk-7-7u91-2.6.3/build/openjdk/hotspot/src/share/vm/prims/jvm.cpp:1322
Event: 30.720 Thread 0x00007f286000d000 Threw 0x00000000eef100f0 at /build/openjdk-7-zaTxYK/openjdk-7-7u91-2.6.3/build/openjdk/hotspot/src/share/vm/prims/jvm.cpp:1322
Event: 30.722 Thread 0x00007f286000d000 Threw 0x00000000eef32088 at /build/openjdk-7-zaTxYK/openjdk-7-7u91-2.6.3/build/openjdk/hotspot/src/share/vm/prims/jvm.cpp:1322
Event: 30.725 Thread 0x00007f286000d000 Threw 0x00000000eef54f90 at /build/openjdk-7-zaTxYK/openjdk-7-7u91-2.6.3/build/openjdk/hotspot/src/share/vm/prims/jvm.cpp:1322
Event: 30.727 Thread 0x00007f286000d000 Threw 0x00000000eef66dc0 at /build/openjdk-7-zaTxYK/openjdk-7-7u91-2.6.3/build/openjdk/hotspot/src/share/vm/prims/jvm.cpp:1322
Event: 30.729 Thread 0x00007f286000d000 Threw 0x00000000eef75e90 at /build/openjdk-7-zaTxYK/openjdk-7-7u91-2.6.3/build/openjdk/hotspot/src/share/vm/prims/jvm.cpp:1322

Events (10 events):
Event: 30.719 loading class 0x00007f2860776370
Event: 30.719 loading class 0x00007f2860776370 done
Event: 30.722 loading class 0x00007f28607707d0
Event: 30.722 loading class 0x00007f28607707d0 done
Event: 30.725 loading class 0x00007f286076f420
Event: 30.725 loading class 0x00007f286076f420 done
Event: 30.726 loading class 0x00007f28607711d0
Event: 30.726 loading class 0x00007f28607711d0 done
Event: 30.728 loading class 0x00007f28608f6130
Event: 30.728 loading class 0x00007f28608f6130 done


Dynamic libraries:
00400000-00401000 r-xp 00000000 08:21 1718691                            /usr/lib/jvm/java-7-openjdk-amd64/jre/bin/java
00600000-00601000 r--p 00000000 08:21 1718691                            /usr/lib/jvm/java-7-openjdk-amd64/jre/bin/java
00601000-00602000 rw-p 00001000 08:21 1718691                            /usr/lib/jvm/java-7-openjdk-amd64/jre/bin/java
01faa000-01fcb000 rw-p 00000000 00:00 0                                  [heap]
b8c00000-ba200000 rw-p 00000000 00:00 0 
ba200000-c3200000 rw-p 00000000 00:00 0 
c3200000-c5a80000 rw-p 00000000 00:00 0 
c5a80000-ebb00000 rw-p 00000000 00:00 0 
ebb00000-f3300000 rw-p 00000000 00:00 0 
f3300000-100000000 rw-p 00000000 00:00 0 
7f2804000000-7f2804021000 rw-p 00000000 00:00 0 
7f2804021000-7f2808000000 ---p 00000000 00:00 0 
7f28097fb000-7f28097ff000 r-xp 00000000 08:21 1311453                    /lib/x86_64-linux-gnu/libgpg-error.so.0.10.0
7f28097ff000-7f28099fe000 ---p 00004000 08:21 1311453                    /lib/x86_64-linux-gnu/libgpg-error.so.0.10.0
7f28099fe000-7f28099ff000 r--p 00003000 08:21 1311453                    /lib/x86_64-linux-gnu/libgpg-error.so.0.10.0
7f28099ff000-7f2809a00000 rw-p 00004000 08:21 1311453                    /lib/x86_64-linux-gnu/libgpg-error.so.0.10.0
7f2809a00000-7f2809a02000 r-xp 00000000 08:21 1311448                    /lib/x86_64-linux-gnu/libkeyutils.so.1.4
7f2809a02000-7f2809c02000 ---p 00002000 08:21 1311448                    /lib/x86_64-linux-gnu/libkeyutils.so.1.4
7f2809c02000-7f2809c03000 r--p 00002000 08:21 1311448                    /lib/x86_64-linux-gnu/libkeyutils.so.1.4
7f2809c03000-7f2809c04000 rw-p 00003000 08:21 1311448                    /lib/x86_64-linux-gnu/libkeyutils.so.1.4
7f2809c04000-7f2809c29000 r-xp 00000000 08:21 1311388                    /lib/x86_64-linux-gnu/libpng12.so.0.50.0
7f2809c29000-7f2809e28000 ---p 00025000 08:21 1311388                    /lib/x86_64-linux-gnu/libpng12.so.0.50.0
7f2809e28000-7f2809e29000 r--p 00024000 08:21 1311388                    /lib/x86_64-linux-gnu/libpng12.so.0.50.0
7f2809e29000-7f2809e2a000 rw-p 00025000 08:21 1311388                    /lib/x86_64-linux-gnu/libpng12.so.0.50.0
7f2809e2a000-7f2809e6e000 r-xp 00000000 08:21 1311427                    /lib/x86_64-linux-gnu/libdbus-1.so.3.7.6
7f2809e6e000-7f280a06d000 ---p 00044000 08:21 1311427                    /lib/x86_64-linux-gnu/libdbus-1.so.3.7.6
7f280a06d000-7f280a06e000 r--p 00043000 08:21 1311427                    /lib/x86_64-linux-gnu/libdbus-1.so.3.7.6
7f280a06e000-7f280a06f000 rw-p 00044000 08:21 1311427                    /lib/x86_64-linux-gnu/libdbus-1.so.3.7.6
7f280a06f000-7f280a0aa000 r-xp 00000000 08:21 10155                      /usr/lib/x86_64-linux-gnu/libp11-kit.so.0.0.0
7f280a0aa000-7f280a2a9000 ---p 0003b000 08:21 10155                      /usr/lib/x86_64-linux-gnu/libp11-kit.so.0.0.0
7f280a2a9000-7f280a2af000 r--p 0003a000 08:21 10155                      /usr/lib/x86_64-linux-gnu/libp11-kit.so.0.0.0
7f280a2af000-7f280a2b1000 rw-p 00040000 08:21 10155                      /usr/lib/x86_64-linux-gnu/libp11-kit.so.0.0.0
7f280a2b1000-7f280a2c3000 r-xp 00000000 08:21 10108                      /usr/lib/x86_64-linux-gnu/libtasn1.so.6.2.0
7f280a2c3000-7f280a4c3000 ---p 00012000 08:21 10108                      /usr/lib/x86_64-linux-gnu/libtasn1.so.6.2.0
7f280a4c3000-7f280a4c4000 r--p 00012000 08:21 10108                      /usr/lib/x86_64-linux-gnu/libtasn1.so.6.2.0
7f280a4c4000-7f280a4c5000 rw-p 00013000 08:21 10108                      /usr/lib/x86_64-linux-gnu/libtasn1.so.6.2.0
7f280a4c5000-7f280a541000 r-xp 00000000 08:21 1311438                    /lib/x86_64-linux-gnu/libgcrypt.so.11.8.2
7f280a541000-7f280a741000 ---p 0007c000 08:21 1311438                    /lib/x86_64-linux-gnu/libgcrypt.so.11.8.2
7f280a741000-7f280a742000 r--p 0007c000 08:21 1311438                    /lib/x86_64-linux-gnu/libgcrypt.so.11.8.2
7f280a742000-7f280a745000 rw-p 0007d000 08:21 1311438                    /lib/x86_64-linux-gnu/libgcrypt.so.11.8.2
7f280a745000-7f280a74f000 r-xp 00000000 08:21 10116                      /usr/lib/x86_64-linux-gnu/libkrb5support.so.0.1
7f280a74f000-7f280a94e000 ---p 0000a000 08:21 10116                      /usr/lib/x86_64-linux-gnu/libkrb5support.so.0.1
7f280a94e000-7f280a94f000 r--p 00009000 08:21 10116                      /usr/lib/x86_64-linux-gnu/libkrb5support.so.0.1
7f280a94f000-7f280a950000 rw-p 0000a000 08:21 10116                      /usr/lib/x86_64-linux-gnu/libkrb5support.so.0.1
7f280a950000-7f280a953000 r-xp 00000000 08:21 1311397                    /lib/x86_64-linux-gnu/libcom_err.so.2.1
7f280a953000-7f280ab52000 ---p 00003000 08:21 1311397                    /lib/x86_64-linux-gnu/libcom_err.so.2.1
7f280ab52000-7f280ab53000 r--p 00002000 08:21 1311397                    /lib/x86_64-linux-gnu/libcom_err.so.2.1
7f280ab53000-7f280ab54000 rw-p 00003000 08:21 1311397                    /lib/x86_64-linux-gnu/libcom_err.so.2.1
7f280ab54000-7f280ab80000 r-xp 00000000 08:21 10118                      /usr/lib/x86_64-linux-gnu/libk5crypto.so.3.1
7f280ab80000-7f280ad7f000 ---p 0002c000 08:21 10118                      /usr/lib/x86_64-linux-gnu/libk5crypto.so.3.1
7f280ad7f000-7f280ad81000 r--p 0002b000 08:21 10118                      /usr/lib/x86_64-linux-gnu/libk5crypto.so.3.1
7f280ad81000-7f280ad82000 rw-p 0002d000 08:21 10118                      /usr/lib/x86_64-linux-gnu/libk5crypto.so.3.1
7f280ad82000-7f280ad83000 rw-p 00000000 00:00 0 
7f280ad83000-7f280ae3f000 r-xp 00000000 08:21 10122                      /usr/lib/x86_64-linux-gnu/libkrb5.so.3.3
7f280ae3f000-7f280b03f000 ---p 000bc000 08:21 10122                      /usr/lib/x86_64-linux-gnu/libkrb5.so.3.3
7f280b03f000-7f280b04c000 r--p 000bc000 08:21 10122                      /usr/lib/x86_64-linux-gnu/libkrb5.so.3.3
7f280b04c000-7f280b04e000 rw-p 000c9000 08:21 10122                      /usr/lib/x86_64-linux-gnu/libkrb5.so.3.3
7f280b04e000-7f280b053000 r-xp 00000000 08:21 10617                      /usr/lib/x86_64-linux-gnu/libXdmcp.so.6.0.0
7f280b053000-7f280b252000 ---p 00005000 08:21 10617                      /usr/lib/x86_64-linux-gnu/libXdmcp.so.6.0.0
7f280b252000-7f280b253000 r--p 00004000 08:21 10617                      /usr/lib/x86_64-linux-gnu/libXdmcp.so.6.0.0
7f280b253000-7f280b254000 rw-p 00005000 08:21 10617                      /usr/lib/x86_64-linux-gnu/libXdmcp.so.6.0.0
7f280b254000-7f280b256000 r-xp 00000000 08:21 10615                      /usr/lib/x86_64-linux-gnu/libXau.so.6.0.0
7f280b256000-7f280b456000 ---p 00002000 08:21 10615                      /usr/lib/x86_64-linux-gnu/libXau.so.6.0.0
7f280b456000-7f280b457000 r--p 00002000 08:21 10615                      /usr/lib/x86_64-linux-gnu/libXau.so.6.0.0
7f280b457000-7f280b458000 rw-p 00003000 08:21 10615                      /usr/lib/x86_64-linux-gnu/libXau.so.6.0.0
7f280b458000-7f280b47f000 r-xp 00000000 08:21 1311419                    /lib/x86_64-linux-gnu/libexpat.so.1.6.0
7f280b47f000-7f280b67f000 ---p 00027000 08:21 1311419                    /lib/x86_64-linux-gnu/libexpat.so.1.6.0
7f280b67f000-7f280b681000 r--p 00027000 08:21 1311419                    /lib/x86_64-linux-gnu/libexpat.so.1.6.0
7f280b681000-7f280b682000 rw-p 00029000 08:21 1311419                    /lib/x86_64-linux-gnu/libexpat.so.1.6.0
7f280b682000-7f280b71f000 r-xp 00000000 08:21 10635                      /usr/lib/x86_64-linux-gnu/libfreetype.so.6.11.1
7f280b71f000-7f280b91e000 ---p 0009d000 08:21 10635                      /usr/lib/x86_64-linux-gnu/libfreetype.so.6.11.1
7f280b91e000-7f280b924000 r--p 0009c000 08:21 10635                      /usr/lib/x86_64-linux-gnu/libfreetype.so.6.11.1
7f280b924000-7f280b925000 rw-p 000a2000 08:21 10635                      /usr/lib/x86_64-linux-gnu/libfreetype.so.6.11.1
7f280b925000-7f280b934000 r-xp 00000000 08:21 10802                      /usr/lib/x86_64-linux-gnu/libavahi-client.so.3.2.9
7f280b934000-7f280bb34000 ---p 0000f000 08:21 10802                      /usr/lib/x86_64-linux-gnu/libavahi-client.so.3.2.9
7f280bb34000-7f280bb35000 r--p 0000f000 08:21 10802                      /usr/lib/x86_64-linux-gnu/libavahi-client.so.3.2.9
7f280bb35000-7f280bb36000 rw-p 00010000 08:21 10802                      /usr/lib/x86_64-linux-gnu/libavahi-client.so.3.2.9
7f280bb36000-7f280bb41000 r-xp 00000000 08:21 10800                      /usr/lib/x86_64-linux-gnu/libavahi-common.so.3.5.3
7f280bb41000-7f280bd40000 ---p 0000b000 08:21 10800                      /usr/lib/x86_64-linux-gnu/libavahi-common.so.3.5.3
7f280bd40000-7f280bd41000 r--p 0000a000 08:21 10800                      /usr/lib/x86_64-linux-gnu/libavahi-common.so.3.5.3
7f280bd41000-7f280bd42000 rw-p 0000b000 08:21 10800                      /usr/lib/x86_64-linux-gnu/libavahi-common.so.3.5.3
7f280bd42000-7f280bdf8000 r-xp 00000000 08:21 1069                       /usr/lib/x86_64-linux-gnu/libgnutls.so.26.22.6
7f280bdf8000-7f280bff8000 ---p 000b6000 08:21 1069                       /usr/lib/x86_64-linux-gnu/libgnutls.so.26.22.6
7f280bff8000-7f280bffe000 r--p 000b6000 08:21 1069                       /usr/lib/x86_64-linux-gnu/libgnutls.so.26.22.6
7f280bffe000-7f280bfff000 rw-p 000bc000 08:21 1069                       /usr/lib/x86_64-linux-gnu/libgnutls.so.26.22.6
7f280bfff000-7f280c000000 rw-p 00000000 00:00 0 
7f280c000000-7f280c021000 rw-p 00000000 00:00 0 
7f280c021000-7f2810000000 ---p 00000000 00:00 0 
7f2810000000-7f2810021000 rw-p 00000000 00:00 0 
7f2810021000-7f2814000000 ---p 00000000 00:00 0 
7f2814000000-7f2814021000 rw-p 00000000 00:00 0 
7f2814021000-7f2818000000 ---p 00000000 00:00 0 
7f2818000000-7f2818021000 rw-p 00000000 00:00 0 
7f2818021000-7f281c000000 ---p 00000000 00:00 0 
7f281c000000-7f281c021000 rw-p 00000000 00:00 0 
7f281c021000-7f2820000000 ---p 00000000 00:00 0 
7f2820000000-7f2820021000 rw-p 00000000 00:00 0 
7f2820021000-7f2824000000 ---p 00000000 00:00 0 
7f28241cd000-7f2824211000 r-xp 00000000 08:21 10126                      /usr/lib/x86_64-linux-gnu/libgssapi_krb5.so.2.2
7f2824211000-7f2824411000 ---p 00044000 08:21 10126                      /usr/lib/x86_64-linux-gnu/libgssapi_krb5.so.2.2
7f2824411000-7f2824412000 r--p 00044000 08:21 10126                      /usr/lib/x86_64-linux-gnu/libgssapi_krb5.so.2.2
7f2824412000-7f2824414000 rw-p 00045000 08:21 10126                      /usr/lib/x86_64-linux-gnu/libgssapi_krb5.so.2.2
7f2824414000-7f2824431000 r-xp 00000000 08:21 10619                      /usr/lib/x86_64-linux-gnu/libxcb.so.1.1.0
7f2824431000-7f2824631000 ---p 0001d000 08:21 10619                      /usr/lib/x86_64-linux-gnu/libxcb.so.1.1.0
7f2824631000-7f2824632000 r--p 0001d000 08:21 10619                      /usr/lib/x86_64-linux-gnu/libxcb.so.1.1.0
7f2824632000-7f2824633000 rw-p 0001e000 08:21 10619                      /usr/lib/x86_64-linux-gnu/libxcb.so.1.1.0
7f2824633000-7f282466d000 r-xp 00000000 08:21 10637                      /usr/lib/x86_64-linux-gnu/libfontconfig.so.1.8.0
7f282466d000-7f282486c000 ---p 0003a000 08:21 10637                      /usr/lib/x86_64-linux-gnu/libfontconfig.so.1.8.0
7f282486c000-7f282486e000 r--p 00039000 08:21 10637                      /usr/lib/x86_64-linux-gnu/libfontconfig.so.1.8.0
7f282486e000-7f282486f000 rw-p 0003b000 08:21 10637                      /usr/lib/x86_64-linux-gnu/libfontconfig.so.1.8.0
7f282486f000-7f28248db000 r-xp 00000000 08:21 10804                      /usr/lib/x86_64-linux-gnu/libcups.so.2
7f28248db000-7f2824adb000 ---p 0006c000 08:21 10804                      /usr/lib/x86_64-linux-gnu/libcups.so.2
7f2824adb000-7f2824ae2000 r--p 0006c000 08:21 10804                      /usr/lib/x86_64-linux-gnu/libcups.so.2
7f2824ae2000-7f2824ae3000 rw-p 00073000 08:21 10804                      /usr/lib/x86_64-linux-gnu/libcups.so.2
7f2824ae3000-7f2824af2000 r-xp 00000000 08:21 10726                      /usr/lib/x86_64-linux-gnu/libXi.so.6.1.0
7f2824af2000-7f2824cf1000 ---p 0000f000 08:21 10726                      /usr/lib/x86_64-linux-gnu/libXi.so.6.1.0
7f2824cf1000-7f2824cf2000 r--p 0000e000 08:21 10726                      /usr/lib/x86_64-linux-gnu/libXi.so.6.1.0
7f2824cf2000-7f2824cf3000 rw-p 0000f000 08:21 10726                      /usr/lib/x86_64-linux-gnu/libXi.so.6.1.0
7f2824cf3000-7f2824cf8000 r-xp 00000000 08:21 10736                      /usr/lib/x86_64-linux-gnu/libXtst.so.6.1.0
7f2824cf8000-7f2824ef7000 ---p 00005000 08:21 10736                      /usr/lib/x86_64-linux-gnu/libXtst.so.6.1.0
7f2824ef7000-7f2824ef8000 r--p 00004000 08:21 10736                      /usr/lib/x86_64-linux-gnu/libXtst.so.6.1.0
7f2824ef8000-7f2824ef9000 rw-p 00005000 08:21 10736                      /usr/lib/x86_64-linux-gnu/libXtst.so.6.1.0
7f2824ef9000-7f2824f02000 r-xp 00000000 08:21 10716                      /usr/lib/x86_64-linux-gnu/libXrender.so.1.3.0
7f2824f02000-7f2825101000 ---p 00009000 08:21 10716                      /usr/lib/x86_64-linux-gnu/libXrender.so.1.3.0
7f2825101000-7f2825102000 r--p 00008000 08:21 10716                      /usr/lib/x86_64-linux-gnu/libXrender.so.1.3.0
7f2825102000-7f2825103000 rw-p 00009000 08:21 10716                      /usr/lib/x86_64-linux-gnu/libXrender.so.1.3.0
7f2825103000-7f2825233000 r-xp 00000000 08:21 10621                      /usr/lib/x86_64-linux-gnu/libX11.so.6.3.0
7f2825233000-7f2825433000 ---p 00130000 08:21 10621                      /usr/lib/x86_64-linux-gnu/libX11.so.6.3.0
7f2825433000-7f2825434000 r--p 00130000 08:21 10621                      /usr/lib/x86_64-linux-gnu/libX11.so.6.3.0
7f2825434000-7f2825438000 rw-p 00131000 08:21 10621                      /usr/lib/x86_64-linux-gnu/libX11.so.6.3.0
7f2825438000-7f2825449000 r-xp 00000000 08:21 10623                      /usr/lib/x86_64-linux-gnu/libXext.so.6.4.0
7f2825449000-7f2825648000 ---p 00011000 08:21 10623                      /usr/lib/x86_64-linux-gnu/libXext.so.6.4.0
7f2825648000-7f2825649000 r--p 00010000 08:21 10623                      /usr/lib/x86_64-linux-gnu/libXext.so.6.4.0
7f2825649000-7f282564a000 rw-p 00011000 08:21 10623                      /usr/lib/x86_64-linux-gnu/libXext.so.6.4.0
7f2825664000-7f28256ac000 r-xp 00000000 08:21 1718844                    /usr/lib/jvm/java-7-openjdk-amd64/jre/lib/amd64/xawt/libmawt.so
7f28256ac000-7f28258ab000 ---p 00048000 08:21 1718844                    /usr/lib/jvm/java-7-openjdk-amd64/jre/lib/amd64/xawt/libmawt.so
7f28258ab000-7f28258ac000 r--p 00047000 08:21 1718844                    /usr/lib/jvm/java-7-openjdk-amd64/jre/lib/amd64/xawt/libmawt.so
7f28258ac000-7f28258af000 rw-p 00048000 08:21 1718844                    /usr/lib/jvm/java-7-openjdk-amd64/jre/lib/amd64/xawt/libmawt.so
7f28258af000-7f28258b0000 rw-p 00000000 00:00 0 
7f28258b0000-7f2825950000 r-xp 00000000 08:21 1718721                    /usr/lib/jvm/java-7-openjdk-amd64/jre/lib/amd64/libawt.so
7f2825950000-7f2825b50000 ---p 000a0000 08:21 1718721                    /usr/lib/jvm/java-7-openjdk-amd64/jre/lib/amd64/libawt.so
7f2825b50000-7f2825b51000 r--p 000a0000 08:21 1718721                    /usr/lib/jvm/java-7-openjdk-amd64/jre/lib/amd64/libawt.so
7f2825b51000-7f2825b5c000 rw-p 000a1000 08:21 1718721                    /usr/lib/jvm/java-7-openjdk-amd64/jre/lib/amd64/libawt.so
7f2825b5c000-7f2825b81000 rw-p 00000000 00:00 0 
7f2825b81000-7f2825b84000 ---p 00000000 00:00 0 
7f2825b84000-7f2825c82000 rw-p 00000000 00:00 0                          [stack:8511]
7f2825c82000-7f2825c85000 ---p 00000000 00:00 0 
7f2825c85000-7f2825d83000 rw-p 00000000 00:00 0                          [stack:8426]
7f2825d83000-7f2825d86000 ---p 00000000 00:00 0 
7f2825d86000-7f2825e84000 rw-p 00000000 00:00 0                          [stack:8425]
7f2825e84000-7f2825e87000 ---p 00000000 00:00 0 
7f2825e87000-7f2825f85000 rw-p 00000000 00:00 0                          [stack:8424]
7f2825f85000-7f2825f88000 ---p 00000000 00:00 0 
7f2825f88000-7f2825fbe000 rw-p 00000000 00:00 0                          [stack:8423]
7f2825fbe000-7f2825fc1000 ---p 00000000 00:00 0 
7f2825fc1000-7f28260bf000 rw-p 00000000 00:00 0                          [stack:8421]
7f28260bf000-7f2826137000 r-xp 00000000 08:21 140104                     /usr/lib/x86_64-linux-gnu/nss/libfreebl3.so
7f2826137000-7f2826336000 ---p 00078000 08:21 140104                     /usr/lib/x86_64-linux-gnu/nss/libfreebl3.so
7f2826336000-7f2826338000 r--p 00077000 08:21 140104                     /usr/lib/x86_64-linux-gnu/nss/libfreebl3.so
7f2826338000-7f2826339000 rw-p 00079000 08:21 140104                     /usr/lib/x86_64-linux-gnu/nss/libfreebl3.so
7f2826339000-7f282633d000 rw-p 00000000 00:00 0 
7f282633d000-7f28263f1000 r-xp 00000000 08:21 10148                      /usr/lib/x86_64-linux-gnu/libsqlite3.so.0.8.6
7f28263f1000-7f28265f1000 ---p 000b4000 08:21 10148                      /usr/lib/x86_64-linux-gnu/libsqlite3.so.0.8.6
7f28265f1000-7f28265f3000 r--p 000b4000 08:21 10148                      /usr/lib/x86_64-linux-gnu/libsqlite3.so.0.8.6
7f28265f3000-7f28265f5000 rw-p 000b6000 08:21 10148                      /usr/lib/x86_64-linux-gnu/libsqlite3.so.0.8.6
7f28265f5000-7f28265f6000 rw-p 00000000 00:00 0 
7f28265f6000-7f2826636000 r-xp 00000000 08:21 140110                     /usr/lib/x86_64-linux-gnu/nss/libsoftokn3.so
7f2826636000-7f2826836000 ---p 00040000 08:21 140110                     /usr/lib/x86_64-linux-gnu/nss/libsoftokn3.so
7f2826836000-7f2826837000 r--p 00040000 08:21 140110                     /usr/lib/x86_64-linux-gnu/nss/libsoftokn3.so
7f2826837000-7f2826838000 rw-p 00041000 08:21 140110                     /usr/lib/x86_64-linux-gnu/nss/libsoftokn3.so
7f2826838000-7f2826871000 r-xp 00000000 08:21 11783                      /usr/lib/x86_64-linux-gnu/libnspr4.so
7f2826871000-7f2826a70000 ---p 00039000 08:21 11783                      /usr/lib/x86_64-linux-gnu/libnspr4.so
7f2826a70000-7f2826a71000 r--p 00038000 08:21 11783                      /usr/lib/x86_64-linux-gnu/libnspr4.so
7f2826a71000-7f2826a72000 rw-p 00039000 08:21 11783                      /usr/lib/x86_64-linux-gnu/libnspr4.so
7f2826a72000-7f2826a75000 rw-p 00000000 00:00 0 
7f2826a75000-7f2826a78000 r-xp 00000000 08:21 11780                      /usr/lib/x86_64-linux-gnu/libplds4.so
7f2826a78000-7f2826c77000 ---p 00003000 08:21 11780                      /usr/lib/x86_64-linux-gnu/libplds4.so
7f2826c77000-7f2826c78000 r--p 00002000 08:21 11780                      /usr/lib/x86_64-linux-gnu/libplds4.so
7f2826c78000-7f2826c79000 rw-p 00003000 08:21 11780                      /usr/lib/x86_64-linux-gnu/libplds4.so
7f2826c79000-7f2826c7d000 r-xp 00000000 08:21 11784                      /usr/lib/x86_64-linux-gnu/libplc4.so
7f2826c7d000-7f2826e7c000 ---p 00004000 08:21 11784                      /usr/lib/x86_64-linux-gnu/libplc4.so
7f2826e7c000-7f2826e7d000 r--p 00003000 08:21 11784                      /usr/lib/x86_64-linux-gnu/libplc4.so
7f2826e7d000-7f2826e7e000 rw-p 00004000 08:21 11784                      /usr/lib/x86_64-linux-gnu/libplc4.so
7f2826e7e000-7f2826ea3000 r-xp 00000000 08:21 11789                      /usr/lib/x86_64-linux-gnu/libnssutil3.so
7f2826ea3000-7f28270a2000 ---p 00025000 08:21 11789                      /usr/lib/x86_64-linux-gnu/libnssutil3.so
7f28270a2000-7f28270a8000 r--p 00024000 08:21 11789                      /usr/lib/x86_64-linux-gnu/libnssutil3.so
7f28270a8000-7f28270a9000 rw-p 0002a000 08:21 11789                      /usr/lib/x86_64-linux-gnu/libnssutil3.so
7f28270a9000-7f28271dc000 r-xp 00000000 08:21 11790                      /usr/lib/x86_64-linux-gnu/libnss3.so
7f28271dc000-7f28273db000 ---p 00133000 08:21 11790                      /usr/lib/x86_64-linux-gnu/libnss3.so
7f28273db000-7f28273e0000 r--p 00132000 08:21 11790                      /usr/lib/x86_64-linux-gnu/libnss3.so
7f28273e0000-7f28273e2000 rw-p 00137000 08:21 11790                      /usr/lib/x86_64-linux-gnu/libnss3.so
7f28273e2000-7f28273e3000 rw-p 00000000 00:00 0 
7f28273f9000-7f28273fc000 rw-p 00000000 00:00 0 
7f28273fc000-7f28273fd000 r--s 00002000 08:21 1314135                    /home/fortegs/IdeaProjects/java1/src/NewsIDResults.xlsx
7f28273fd000-7f282740d000 r-xp 00000000 08:21 1718747                    /usr/lib/jvm/java-7-openjdk-amd64/jre/lib/amd64/libj2pkcs11.so
7f282740d000-7f282760c000 ---p 00010000 08:21 1718747                    /usr/lib/jvm/java-7-openjdk-amd64/jre/lib/amd64/libj2pkcs11.so
7f282760c000-7f282760d000 r--p 0000f000 08:21 1718747                    /usr/lib/jvm/java-7-openjdk-amd64/jre/lib/amd64/libj2pkcs11.so
7f282760d000-7f282760e000 rw-p 00010000 08:21 1718747                    /usr/lib/jvm/java-7-openjdk-amd64/jre/lib/amd64/libj2pkcs11.so
7f282760e000-7f2827611000 r--s 00017000 08:21 1718701                    /usr/lib/jvm/java-7-openjdk-amd64/jre/lib/jce.jar
7f2827611000-7f2827621000 r-xp 00000000 08:21 1718716                    /usr/lib/jvm/java-7-openjdk-amd64/jre/lib/amd64/libnio.so
7f2827621000-7f2827821000 ---p 00010000 08:21 1718716                    /usr/lib/jvm/java-7-openjdk-amd64/jre/lib/amd64/libnio.so
7f2827821000-7f2827822000 r--p 00010000 08:21 1718716                    /usr/lib/jvm/java-7-openjdk-amd64/jre/lib/amd64/libnio.so
7f2827822000-7f2827823000 rw-p 00011000 08:21 1718716                    /usr/lib/jvm/java-7-openjdk-amd64/jre/lib/amd64/libnio.so
7f2827823000-7f2827828000 r--s 0004e000 08:21 1718757                    /usr/lib/jvm/java-7-openjdk-amd64/jre/lib/jsse.jar
7f2827828000-7f282782a000 r--s 0000c000 00:19 407098                     /home/fortegs/Downloads/idea-IC-143.382.35/plugins/testng/lib/jcommander.jar
7f282782a000-7f2827868000 r--s 0025d000 00:19 270816                     /home/fortegs/Downloads/poi-3.13/ooxml-lib/xmlbeans-2.6.0.jar
7f2827868000-7f2827879000 r--s 0012f000 00:19 270822                     /home/fortegs/Downloads/poi-3.13/poi-scratchpad-3.13-20150929.jar
7f2827879000-7f2827932000 r--s 004a9000 00:19 270821                     /home/fortegs/Downloads/poi-3.13/poi-ooxml-schemas-3.13-20150929.jar
7f2827932000-7f2827940000 r--s 00109000 00:19 270820                     /home/fortegs/Downloads/poi-3.13/poi-ooxml-3.13-20150929.jar
7f2827940000-7f2827947000 r--s 0004e000 00:19 270818                     /home/fortegs/Downloads/poi-3.13/poi-examples-3.13-20150929.jar
7f2827947000-7f2827971000 r--s 00238000 00:19 270817                     /home/fortegs/Downloads/poi-3.13/poi-3.13-20150929.jar
7f2827971000-7f282797a000 r--s 0002d000 00:19 262221                     /home/fortegs/Downloads/selenium-2.48.2/libs/xml-apis-1.4.01.jar
7f282797a000-7f282799f000 r--s 002de000 00:19 262219                     /home/fortegs/Downloads/selenium-2.48.2/libs/xalan-2.7.2.jar
7f282799f000-7f28279dc000 r-xp 00000000 08:21 1311413                    /lib/x86_64-linux-gnu/libpcre.so.3.13.1
7f28279dc000-7f2827bdb000 ---p 0003d000 08:21 1311413                    /lib/x86_64-linux-gnu/libpcre.so.3.13.1
7f2827bdb000-7f2827bdc000 r--p 0003c000 08:21 1311413                    /lib/x86_64-linux-gnu/libpcre.so.3.13.1
7f2827bdc000-7f2827bdd000 rw-p 0003d000 08:21 1311413                    /lib/x86_64-linux-gnu/libpcre.so.3.13.1
7f2827bdd000-7f2827be4000 r-xp 00000000 08:21 10101                      /usr/lib/x86_64-linux-gnu/libffi.so.6.0.1
7f2827be4000-7f2827de3000 ---p 00007000 08:21 10101                      /usr/lib/x86_64-linux-gnu/libffi.so.6.0.1
7f2827de3000-7f2827de4000 r--p 00006000 08:21 10101                      /usr/lib/x86_64-linux-gnu/libffi.so.6.0.1
7f2827de4000-7f2827de5000 rw-p 00007000 08:21 10101                      /usr/lib/x86_64-linux-gnu/libffi.so.6.0.1
7f2827de5000-7f2827dfc000 r-xp 00000000 08:21 1311495                    /lib/x86_64-linux-gnu/libresolv-2.19.so
7f2827dfc000-7f2827ffc000 ---p 00017000 08:21 1311495                    /lib/x86_64-linux-gnu/libresolv-2.19.so
7f2827ffc000-7f2827ffd000 r--p 00017000 08:21 1311495                    /lib/x86_64-linux-gnu/libresolv-2.19.so
7f2827ffd000-7f2827ffe000 rw-p 00018000 08:21 1311495                    /lib/x86_64-linux-gnu/libresolv-2.19.so
7f2827ffe000-7f2828000000 rw-p 00000000 00:00 0 
7f2828000000-7f2828021000 rw-p 00000000 00:00 0 
7f2828021000-7f282c000000 ---p 00000000 00:00 0 
7f282c000000-7f282c021000 rw-p 00000000 00:00 0 
7f282c021000-7f2830000000 ---p 00000000 00:00 0 
7f2830000000-7f2830e25000 rw-p 00000000 00:00 0 
7f2830e25000-7f2834000000 ---p 00000000 00:00 0 
7f2834000000-7f283492f000 rw-p 00000000 00:00 0 
7f283492f000-7f2838000000 ---p 00000000 00:00 0 
7f2838000000-7f2838021000 rw-p 00000000 00:00 0 
7f2838021000-7f283c000000 ---p 00000000 00:00 0 
7f283c000000-7f283c021000 rw-p 00000000 00:00 0 
7f283c021000-7f2840000000 ---p 00000000 00:00 0 
7f2840000000-7f2840021000 rw-p 00000000 00:00 0 
7f2840021000-7f2844000000 ---p 00000000 00:00 0 
7f2844000000-7f2844021000 rw-p 00000000 00:00 0 
7f2844021000-7f2848000000 ---p 00000000 00:00 0 
7f2848000000-7f2848021000 rw-p 00000000 00:00 0 
7f2848021000-7f284c000000 ---p 00000000 00:00 0 
7f284c000000-7f284c002000 r--s 00006000 00:19 270819                     /home/fortegs/Downloads/poi-3.13/poi-excelant-3.13-20150929.jar
7f284c002000-7f284c01b000 r--s 00135000 00:19 262220                     /home/fortegs/Downloads/selenium-2.48.2/libs/xercesImpl-2.11.0.jar
7f284c01b000-7f284c01f000 r--s 00028000 00:19 262218                     /home/fortegs/Downloads/selenium-2.48.2/libs/websocket-common-9.2.13.v20150730.jar
7f284c01f000-7f284c020000 r--s 00008000 00:19 262217                     /home/fortegs/Downloads/selenium-2.48.2/libs/websocket-client-9.2.13.v20150730.jar
7f284c020000-7f284c022000 r--s 00009000 00:19 262216                     /home/fortegs/Downloads/selenium-2.48.2/libs/websocket-api-9.2.13.v20150730.jar
7f284c022000-7f284c030000 r--s 000c7000 00:19 262215                     /home/fortegs/Downloads/selenium-2.48.2/libs/testng-6.9.6.jar
7f284c030000-7f284c034000 r--s 00040000 00:19 262214                     /home/fortegs/Downloads/selenium-2.48.2/libs/serializer-2.7.2.jar
7f284c034000-7f284c035000 r--s 00003000 00:19 262213                     /home/fortegs/Downloads/selenium-2.48.2/libs/sac-1.3.jar
7f284c035000-7f284c036000 r--s 00002000 00:19 262212                     /home/fortegs/Downloads/selenium-2.48.2/libs/phantomjsdriver-1.2.1.jar
7f284c036000-7f284c04c000 r--s 000f9000 00:19 262211                     /home/fortegs/Downloads/selenium-2.48.2/libs/netty-3.5.7.Final.jar
7f284c04c000-7f284c04e000 r--s 0001d000 00:19 262210                     /home/fortegs/Downloads/selenium-2.48.2/libs/nekohtml-1.9.22.jar
7f284c04e000-7f284c056000 r--s 00045000 00:19 262209                     /home/fortegs/Downloads/selenium-2.48.2/libs/junit-4.12.jar
7f284c056000-7f284c058000 r--s 0000c000 00:19 262208                     /home/fortegs/Downloads/selenium-2.48.2/libs/jsp-api-2.0.jar
7f284c058000-7f284c069000 r--s 00155000 00:19 262207                     /home/fortegs/Downloads/selenium-2.48.2/libs/jna-platform-4.1.0.jar
7f284c069000-7f284c06d000 r--s 000dc000 00:19 262206                     /home/fortegs/Downloads/selenium-2.48.2/libs/jna-4.1.0.jar
7f284c06d000-7f284c073000 r--s 00052000 00:19 262205                     /home/fortegs/Downloads/selenium-2.48.2/libs/jetty-util-9.2.13.v20150730.jar
7f284c073000-7f284c075000 r--s 0001c000 00:19 262204                     /home/fortegs/Downloads/selenium-2.48.2/libs/jetty-servlets-9.2.13.v20150730.jar
7f284c075000-7f284c078000 r--s 0001a000 00:19 262203                     /home/fortegs/Downloads/selenium-2.48.2/libs/jetty-servlet-9.2.13.v20150730.jar
7f284c078000-7f284c07e000 r--s 00061000 00:19 262202                     /home/fortegs/Downloads/selenium-2.48.2/libs/jetty-server-9.2.13.v20150730.jar
7f284c07e000-7f284c081000 r--s 00015000 00:19 262201                     /home/fortegs/Downloads/selenium-2.48.2/libs/jetty-security-9.2.13.v20150730.jar
7f284c081000-7f284c082000 r--s 00005000 00:19 262200                     /home/fortegs/Downloads/selenium-2.48.2/libs/jetty-jmx-9.2.13.v20150730.jar
7f284c082000-7f284c085000 r--s 00018000 00:19 262199                     /home/fortegs/Downloads/selenium-2.48.2/libs/jetty-io-9.2.13.v20150730.jar
7f284c085000-7f284c087000 r--s 00018000 00:19 262198                     /home/fortegs/Downloads/selenium-2.48.2/libs/jetty-http-9.2.13.v20150730.jar
7f284c087000-7f284c088000 r--s 00003000 00:19 262197                     /home/fortegs/Downloads/selenium-2.48.2/libs/jetty-continuation-9.2.13.v20150730.jar
7f284c088000-7f284c08a000 r--s 0000e000 00:19 262196                     /home/fortegs/Downloads/selenium-2.48.2/libs/jcommander-1.48.jar
7f284c08a000-7f284c08d000 r--s 00015000 00:19 262195                     /home/fortegs/Downloads/selenium-2.48.2/libs/javax.servlet-api-3.1.0.jar
7f284c08d000-7f284c08f000 r--s 00011000 00:19 262194                     /home/fortegs/Downloads/selenium-2.48.2/libs/jasper-runtime-5.5.15.jar
7f284c08f000-7f284c09a000 r--s 0011d000 00:19 262193                     /home/fortegs/Downloads/selenium-2.48.2/libs/jasper-compiler-jdt-5.5.15.jar
7f284c09a000-7f284c09f000 r--s 0005f000 00:19 262192                     /home/fortegs/Downloads/selenium-2.48.2/libs/jasper-compiler-5.5.15.jar
7f284c09f000-7f284c0a6000 r--s 00049000 00:19 262190                     /home/fortegs/Downloads/selenium-2.48.2/libs/httpcore-4.4.3.jar
7f284c0a6000-7f284c0b3000 r--s 000a6000 00:19 262189                     /home/fortegs/Downloads/selenium-2.48.2/libs/httpclient-4.5.1.jar
7f284c0b3000-7f284c0c1000 r--s 000fc000 00:19 262188                     /home/fortegs/Downloads/selenium-2.48.2/libs/htmlunit-core-js-2.17.jar
7f284c0c1000-7f284c0e6000 r--s 001a1000 00:19 262187                     /home/fortegs/Downloads/selenium-2.48.2/libs/htmlunit-2.18.jar
7f284c0e6000-7f284c0e8000 r--s 00009000 00:19 262185                     /home/fortegs/Downloads/selenium-2.48.2/libs/hamcrest-core-1.3.jar
7f284c0e8000-7f284c113000 r--s 001fc000 00:19 262184                     /home/fortegs/Downloads/selenium-2.48.2/libs/guava-18.0.jar
7f284c113000-7f284c118000 r--s 0002f000 00:19 262183                     /home/fortegs/Downloads/selenium-2.48.2/libs/gson-2.3.1.jar
7f284c118000-7f284c11b000 r--s 0005a000 00:19 262182                     /home/fortegs/Downloads/selenium-2.48.2/libs/cssparser-0.9.16.jar
7f284c11b000-7f284c11d000 r--s 0000e000 00:19 262181                     /home/fortegs/Downloads/selenium-2.48.2/libs/commons-logging-1.2.jar
7f284c11d000-7f284c124000 r--s 00064000 00:19 262180                     /home/fortegs/Downloads/selenium-2.48.2/libs/commons-lang3-3.4.jar
7f284c124000-7f284c128000 r--s 0002a000 00:19 262179                     /home/fortegs/Downloads/selenium-2.48.2/libs/commons-io-2.4.jar
7f284c128000-7f284c12a000 r--s 0000c000 00:19 262178                     /home/fortegs/Downloads/selenium-2.48.2/libs/commons-exec-1.3.jar
7f284c12a000-7f284c12d000 r--s 00019000 00:19 262177                     /home/fortegs/Downloads/selenium-2.48.2/libs/commons-el-1.0.jar
7f284c12d000-7f284c13b000 r--s 0007f000 00:19 262176                     /home/fortegs/Downloads/selenium-2.48.2/libs/commons-collections-3.2.1.jar
7f284c13b000-7f284c142000 r--s 0003f000 00:19 262175                     /home/fortegs/Downloads/selenium-2.48.2/libs/commons-codec-1.10.jar
7f284c142000-7f284c149000 r--s 00049000 00:19 262174                     /home/fortegs/Downloads/selenium-2.48.2/libs/cglib-nodep-2.1_3.jar
7f284c149000-7f284c169000 r-xp 00000000 08:21 1311416                    /lib/x86_64-linux-gnu/libselinux.so.1
7f284c169000-7f284c368000 ---p 00020000 08:21 1311416                    /lib/x86_64-linux-gnu/libselinux.so.1
7f284c368000-7f284c369000 r--p 0001f000 08:21 1311416                    /lib/x86_64-linux-gnu/libselinux.so.1
7f284c369000-7f284c36a000 rw-p 00020000 08:21 1311416                    /lib/x86_64-linux-gnu/libselinux.so.1
7f284c36a000-7f284c36c000 rw-p 00000000 00:00 0 
7f284c36c000-7f284c36f000 r-xp 00000000 08:21 10501                      /usr/lib/x86_64-linux-gnu/libgmodule-2.0.so.0.4002.0
7f284c36f000-7f284c56e000 ---p 00003000 08:21 10501                      /usr/lib/x86_64-linux-gnu/libgmodule-2.0.so.0.4002.0
7f284c56e000-7f284c56f000 r--p 00002000 08:21 10501                      /usr/lib/x86_64-linux-gnu/libgmodule-2.0.so.0.4002.0
7f284c56f000-7f284c570000 rw-p 00003000 08:21 10501                      /usr/lib/x86_64-linux-gnu/libgmodule-2.0.so.0.4002.0
7f284c570000-7f284c676000 r-xp 00000000 08:21 1311487                    /lib/x86_64-linux-gnu/libglib-2.0.so.0.4002.0
7f284c676000-7f284c875000 ---p 00106000 08:21 1311487                    /lib/x86_64-linux-gnu/libglib-2.0.so.0.4002.0
7f284c875000-7f284c876000 r--p 00105000 08:21 1311487                    /lib/x86_64-linux-gnu/libglib-2.0.so.0.4002.0
7f284c876000-7f284c877000 rw-p 00106000 08:21 1311487                    /lib/x86_64-linux-gnu/libglib-2.0.so.0.4002.0
7f284c877000-7f284c878000 rw-p 00000000 00:00 0 
7f284c878000-7f284c8c7000 r-xp 00000000 08:21 10502                      /usr/lib/x86_64-linux-gnu/libgobject-2.0.so.0.4002.0
7f284c8c7000-7f284cac7000 ---p 0004f000 08:21 10502                      /usr/lib/x86_64-linux-gnu/libgobject-2.0.so.0.4002.0
7f284cac7000-7f284cac8000 r--p 0004f000 08:21 10502                      /usr/lib/x86_64-linux-gnu/libgobject-2.0.so.0.4002.0
7f284cac8000-7f284cac9000 rw-p 00050000 08:21 10502                      /usr/lib/x86_64-linux-gnu/libgobject-2.0.so.0.4002.0
7f284cac9000-7f284cc35000 r-xp 00000000 08:21 10504                      /usr/lib/x86_64-linux-gnu/libgio-2.0.so.0.4002.0
7f284cc35000-7f284ce34000 ---p 0016c000 08:21 10504                      /usr/lib/x86_64-linux-gnu/libgio-2.0.so.0.4002.0
7f284ce34000-7f284ce38000 r--p 0016b000 08:21 10504                      /usr/lib/x86_64-linux-gnu/libgio-2.0.so.0.4002.0
7f284ce38000-7f284ce3a000 rw-p 0016f000 08:21 10504                      /usr/lib/x86_64-linux-gnu/libgio-2.0.so.0.4002.0
7f284ce3a000-7f284ce3c000 rw-p 00000000 00:00 0 
7f284ce3c000-7f284ce53000 r-xp 00000000 08:21 1718746                    /usr/lib/jvm/java-7-openjdk-amd64/jre/lib/amd64/libnet.so
7f284ce53000-7f284d052000 ---p 00017000 08:21 1718746                    /usr/lib/jvm/java-7-openjdk-amd64/jre/lib/amd64/libnet.so
7f284d052000-7f284d053000 r--p 00016000 08:21 1718746                    /usr/lib/jvm/java-7-openjdk-amd64/jre/lib/amd64/libnet.so
7f284d053000-7f284d054000 rw-p 00017000 08:21 1718746                    /usr/lib/jvm/java-7-openjdk-amd64/jre/lib/amd64/libnet.so
7f284d054000-7f284d057000 ---p 00000000 00:00 0 
7f284d057000-7f284d155000 rw-p 00000000 00:00 0                          [stack:8416]
7f284d155000-7f284d156000 r-xp 00000000 00:19 275143                     /home/fortegs/Downloads/idea-IC-143.382.35/bin/libbreakgen64.so
7f284d156000-7f284d355000 ---p 00001000 00:19 275143                     /home/fortegs/Downloads/idea-IC-143.382.35/bin/libbreakgen64.so
7f284d355000-7f284d356000 r--p 00000000 00:19 275143                     /home/fortegs/Downloads/idea-IC-143.382.35/bin/libbreakgen64.so
7f284d356000-7f284d357000 rw-p 00001000 00:19 275143                     /home/fortegs/Downloads/idea-IC-143.382.35/bin/libbreakgen64.so
7f284d357000-7f284d358000 ---p 00000000 00:00 0 
7f284d358000-7f284d458000 rw-p 00000000 00:00 0                          [stack:8415]
7f284d458000-7f284d45b000 ---p 00000000 00:00 0 
7f284d45b000-7f284d559000 rw-p 00000000 00:00 0                          [stack:8414]
7f284d559000-7f284d55c000 ---p 00000000 00:00 0 
7f284d55c000-7f284d65a000 rw-p 00000000 00:00 0                          [stack:8413]
7f284d65a000-7f284d65d000 ---p 00000000 00:00 0 
7f284d65d000-7f284d75b000 rw-p 00000000 00:00 0                          [stack:8412]
7f284d75b000-7f284d75e000 ---p 00000000 00:00 0 
7f284d75e000-7f284d85c000 rw-p 00000000 00:00 0                          [stack:8411]
7f284d85c000-7f284d85f000 ---p 00000000 00:00 0 
7f284d85f000-7f284d95d000 rw-p 00000000 00:00 0                          [stack:8404]
7f284d95d000-7f284d960000 ---p 00000000 00:00 0 
7f284d960000-7f284da5e000 rw-p 00000000 00:00 0                          [stack:8402]
7f284da5e000-7f284da5f000 ---p 00000000 00:00 0 
7f284da5f000-7f2850000000 rw-p 00000000 00:00 0                          [stack:8401]
7f2850000000-7f2850021000 rw-p 00000000 00:00 0 
7f2850021000-7f2854000000 ---p 00000000 00:00 0 
7f2854000000-7f2854021000 rw-p 00000000 00:00 0 
7f2854021000-7f2858000000 ---p 00000000 00:00 0 
7f2858000000-7f2858021000 rw-p 00000000 00:00 0 
7f2858021000-7f285c000000 ---p 00000000 00:00 0 
7f285c000000-7f285c001000 r--s 00009000 00:19 262191                     /home/fortegs/Downloads/selenium-2.48.2/libs/httpmime-4.5.jar
7f285c001000-7f285c006000 r--s 00040000 00:19 262173                     /home/fortegs/Downloads/selenium-2.48.2/libs/bsh-2.0b4.jar
7f285c006000-7f285c00d000 r--s 0004e000 00:19 262172                     /home/fortegs/Downloads/selenium-2.48.2/libs/apache-mime4j-0.6.jar
7f285c00d000-7f285c020000 r--s 001b8000 00:19 262171                     /home/fortegs/Downloads/selenium-2.48.2/selenium-java-2.48.2.jar
7f285c020000-7f285c02e000 r--s 0010f000 08:21 1718709                    /usr/lib/jvm/java-7-openjdk-amd64/jre/lib/rhino.jar
7f285c02e000-7f285c038000 r--s 000ae000 08:21 1718764                    /usr/lib/jvm/java-7-openjdk-amd64/jre/lib/resources.jar
7f285c038000-7f285c03d000 r--s 0004e000 08:21 1718757                    /usr/lib/jvm/java-7-openjdk-amd64/jre/lib/jsse.jar
7f285c03d000-7f285c040000 r--s 00017000 08:21 1718701                    /usr/lib/jvm/java-7-openjdk-amd64/jre/lib/jce.jar
7f285c040000-7f285ce4e000 rw-p 00000000 00:00 0 
7f285ce4e000-7f285d000000 r--s 01d2e000 08:21 1718710                    /usr/lib/jvm/java-7-openjdk-amd64/jre/lib/rt.jar
7f285d000000-7f285d270000 rwxp 00000000 00:00 0 
7f285d270000-7f2860b4a000 rw-p 00000000 00:00 0 
7f2860b4a000-7f2864000000 ---p 00000000 00:00 0 
7f2864000000-7f2864001000 r--s 0000c000 00:19 262186                     /home/fortegs/Downloads/selenium-2.48.2/libs/hamcrest-library-1.3.jar
7f2864001000-7f2864002000 r--s 00000000 08:21 1718712                    /usr/lib/jvm/java-7-openjdk-amd64/jre/lib/management-agent.jar
7f2864002000-7f2864003000 r--s 0000a000 08:21 1718763                    /usr/lib/jvm/java-7-openjdk-amd64/jre/lib/javazic.jar
7f2864003000-7f2864005000 r--s 00006000 08:21 14224                      /usr/share/java/java-atk-wrapper.jar
7f2864005000-7f2864006000 r--s 00000000 08:21 1718765                    /usr/lib/jvm/java-7-openjdk-amd64/jre/lib/compilefontconfig.jar
7f2864006000-7f2864011000 r--s 00203000 08:21 1718700                    /usr/lib/jvm/java-7-openjdk-amd64/jre/lib/charsets.jar
7f2864011000-7f2864018000 r--s 000c1000 00:19 407100                     /home/fortegs/Downloads/idea-IC-143.382.35/plugins/testng/lib/testng-plugin.jar
7f2864018000-7f2864439000 rw-p 00000000 00:00 0 
7f2864439000-7f286443a000 ---p 00000000 00:00 0 
7f286443a000-7f286453a000 rw-p 00000000 00:00 0                          [stack:8387]
7f286453a000-7f286453b000 ---p 00000000 00:00 0 
7f286453b000-7f286463b000 rw-p 00000000 00:00 0                          [stack:8386]
7f286463b000-7f286463c000 ---p 00000000 00:00 0 
7f286463c000-7f286473c000 rw-p 00000000 00:00 0                          [stack:8385]
7f286473c000-7f286473d000 ---p 00000000 00:00 0 
7f286473d000-7f2864848000 rw-p 00000000 00:00 0                          [stack:8384]
7f2864848000-7f2864890000 rw-p 00000000 00:00 0 
7f2864890000-7f28648a5000 rw-p 00000000 00:00 0 
7f28648a5000-7f28649d5000 rw-p 00000000 00:00 0 
7f28649d5000-7f28649e0000 rw-p 00000000 00:00 0 
7f28649e0000-7f2864a28000 rw-p 00000000 00:00 0 
7f2864a28000-7f2864a3d000 rw-p 00000000 00:00 0 
7f2864a3d000-7f2864b6c000 rw-p 00000000 00:00 0 
7f2864b6c000-7f2864ba9000 rw-p 00000000 00:00 0 
7f2864ba9000-7f2864c0f000 rw-p 00000000 00:00 0 
7f2864c0f000-7f2864c10000 rw-p 00000000 00:00 0 
7f2864c10000-7f2864c18000 r-xp 00000000 08:21 1718720                    /usr/lib/jvm/java-7-openjdk-amd64/jre/lib/amd64/libzip.so
7f2864c18000-7f2864e17000 ---p 00008000 08:21 1718720                    /usr/lib/jvm/java-7-openjdk-amd64/jre/lib/amd64/libzip.so
7f2864e17000-7f2864e18000 r--p 00007000 08:21 1718720                    /usr/lib/jvm/java-7-openjdk-amd64/jre/lib/amd64/libzip.so
7f2864e18000-7f2864e19000 rw-p 00008000 08:21 1718720                    /usr/lib/jvm/java-7-openjdk-amd64/jre/lib/amd64/libzip.so
7f2864e19000-7f2864e24000 r-xp 00000000 08:21 1311497                    /lib/x86_64-linux-gnu/libnss_files-2.19.so
7f2864e24000-7f2865023000 ---p 0000b000 08:21 1311497                    /lib/x86_64-linux-gnu/libnss_files-2.19.so
7f2865023000-7f2865024000 r--p 0000a000 08:21 1311497                    /lib/x86_64-linux-gnu/libnss_files-2.19.so
7f2865024000-7f2865025000 rw-p 0000b000 08:21 1311497                    /lib/x86_64-linux-gnu/libnss_files-2.19.so
7f2865025000-7f2865030000 r-xp 00000000 08:21 1311517                    /lib/x86_64-linux-gnu/libnss_nis-2.19.so
7f2865030000-7f286522f000 ---p 0000b000 08:21 1311517                    /lib/x86_64-linux-gnu/libnss_nis-2.19.so
7f286522f000-7f2865230000 r--p 0000a000 08:21 1311517                    /lib/x86_64-linux-gnu/libnss_nis-2.19.so
7f2865230000-7f2865231000 rw-p 0000b000 08:21 1311517                    /lib/x86_64-linux-gnu/libnss_nis-2.19.so
7f2865231000-7f2865248000 r-xp 00000000 08:21 1311506                    /lib/x86_64-linux-gnu/libnsl-2.19.so
7f2865248000-7f2865447000 ---p 00017000 08:21 1311506                    /lib/x86_64-linux-gnu/libnsl-2.19.so
7f2865447000-7f2865448000 r--p 00016000 08:21 1311506                    /lib/x86_64-linux-gnu/libnsl-2.19.so
7f2865448000-7f2865449000 rw-p 00017000 08:21 1311506                    /lib/x86_64-linux-gnu/libnsl-2.19.so
7f2865449000-7f286544b000 rw-p 00000000 00:00 0 
7f286544b000-7f2865454000 r-xp 00000000 08:21 1311505                    /lib/x86_64-linux-gnu/libnss_compat-2.19.so
7f2865454000-7f2865653000 ---p 00009000 08:21 1311505                    /lib/x86_64-linux-gnu/libnss_compat-2.19.so
7f2865653000-7f2865654000 r--p 00008000 08:21 1311505                    /lib/x86_64-linux-gnu/libnss_compat-2.19.so
7f2865654000-7f2865655000 rw-p 00009000 08:21 1311505                    /lib/x86_64-linux-gnu/libnss_compat-2.19.so
7f2865655000-7f2865680000 r-xp 00000000 08:21 1718728                    /usr/lib/jvm/java-7-openjdk-amd64/jre/lib/amd64/libjava.so
7f2865680000-7f2865880000 ---p 0002b000 08:21 1718728                    /usr/lib/jvm/java-7-openjdk-amd64/jre/lib/amd64/libjava.so
7f2865880000-7f2865881000 r--p 0002b000 08:21 1718728                    /usr/lib/jvm/java-7-openjdk-amd64/jre/lib/amd64/libjava.so
7f2865881000-7f2865883000 rw-p 0002c000 08:21 1718728                    /usr/lib/jvm/java-7-openjdk-amd64/jre/lib/amd64/libjava.so
7f2865883000-7f2865893000 r-xp 00000000 08:21 1718743                    /usr/lib/jvm/java-7-openjdk-amd64/jre/lib/amd64/libverify.so
7f2865893000-7f2865a92000 ---p 00010000 08:21 1718743                    /usr/lib/jvm/java-7-openjdk-amd64/jre/lib/amd64/libverify.so
7f2865a92000-7f2865a94000 r--p 0000f000 08:21 1718743                    /usr/lib/jvm/java-7-openjdk-amd64/jre/lib/amd64/libverify.so
7f2865a94000-7f2865a95000 rw-p 00011000 08:21 1718743                    /usr/lib/jvm/java-7-openjdk-amd64/jre/lib/amd64/libverify.so
7f2865a95000-7f2865a9c000 r-xp 00000000 08:21 1311514                    /lib/x86_64-linux-gnu/librt-2.19.so
7f2865a9c000-7f2865c9b000 ---p 00007000 08:21 1311514                    /lib/x86_64-linux-gnu/librt-2.19.so
7f2865c9b000-7f2865c9c000 r--p 00006000 08:21 1311514                    /lib/x86_64-linux-gnu/librt-2.19.so
7f2865c9c000-7f2865c9d000 rw-p 00007000 08:21 1311514                    /lib/x86_64-linux-gnu/librt-2.19.so
7f2865c9d000-7f2865cb3000 r-xp 00000000 08:21 1311469                    /lib/x86_64-linux-gnu/libgcc_s.so.1
7f2865cb3000-7f2865eb2000 ---p 00016000 08:21 1311469                    /lib/x86_64-linux-gnu/libgcc_s.so.1
7f2865eb2000-7f2865eb3000 rw-p 00015000 08:21 1311469                    /lib/x86_64-linux-gnu/libgcc_s.so.1
7f2865eb3000-7f2865fb8000 r-xp 00000000 08:21 1311496                    /lib/x86_64-linux-gnu/libm-2.19.so
7f2865fb8000-7f28661b7000 ---p 00105000 08:21 1311496                    /lib/x86_64-linux-gnu/libm-2.19.so
7f28661b7000-7f28661b8000 r--p 00104000 08:21 1311496                    /lib/x86_64-linux-gnu/libm-2.19.so
7f28661b8000-7f28661b9000 rw-p 00105000 08:21 1311496                    /lib/x86_64-linux-gnu/libm-2.19.so
7f28661b9000-7f286629f000 r-xp 00000000 08:21 10125                      /usr/lib/x86_64-linux-gnu/libstdc++.so.6.0.19
7f286629f000-7f286649e000 ---p 000e6000 08:21 10125                      /usr/lib/x86_64-linux-gnu/libstdc++.so.6.0.19
7f286649e000-7f28664a6000 r--p 000e5000 08:21 10125                      /usr/lib/x86_64-linux-gnu/libstdc++.so.6.0.19
7f28664a6000-7f28664a8000 rw-p 000ed000 08:21 10125                      /usr/lib/x86_64-linux-gnu/libstdc++.so.6.0.19
7f28664a8000-7f28664bd000 rw-p 00000000 00:00 0 
7f28664bd000-7f2866fe1000 r-xp 00000000 08:21 1718734                    /usr/lib/jvm/java-7-openjdk-amd64/jre/lib/amd64/server/libjvm.so
7f2866fe1000-7f28671e1000 ---p 00b24000 08:21 1718734                    /usr/lib/jvm/java-7-openjdk-amd64/jre/lib/amd64/server/libjvm.so
7f28671e1000-7f286727b000 r--p 00b24000 08:21 1718734                    /usr/lib/jvm/java-7-openjdk-amd64/jre/lib/amd64/server/libjvm.so
7f286727b000-7f286729e000 rw-p 00bbe000 08:21 1718734                    /usr/lib/jvm/java-7-openjdk-amd64/jre/lib/amd64/server/libjvm.so
7f286729e000-7f28672cc000 rw-p 00000000 00:00 0 
7f28672cc000-7f28672e4000 r-xp 00000000 08:21 1311405                    /lib/x86_64-linux-gnu/libz.so.1.2.8
7f28672e4000-7f28674e3000 ---p 00018000 08:21 1311405                    /lib/x86_64-linux-gnu/libz.so.1.2.8
7f28674e3000-7f28674e4000 r--p 00017000 08:21 1311405                    /lib/x86_64-linux-gnu/libz.so.1.2.8
7f28674e4000-7f28674e5000 rw-p 00018000 08:21 1311405                    /lib/x86_64-linux-gnu/libz.so.1.2.8
7f28674e5000-7f28674fe000 r-xp 00000000 08:21 1311512                    /lib/x86_64-linux-gnu/libpthread-2.19.so
7f28674fe000-7f28676fd000 ---p 00019000 08:21 1311512                    /lib/x86_64-linux-gnu/libpthread-2.19.so
7f28676fd000-7f28676fe000 r--p 00018000 08:21 1311512                    /lib/x86_64-linux-gnu/libpthread-2.19.so
7f28676fe000-7f28676ff000 rw-p 00019000 08:21 1311512                    /lib/x86_64-linux-gnu/libpthread-2.19.so
7f28676ff000-7f2867703000 rw-p 00000000 00:00 0 
7f2867703000-7f2867706000 r-xp 00000000 08:21 1311500                    /lib/x86_64-linux-gnu/libdl-2.19.so
7f2867706000-7f2867905000 ---p 00003000 08:21 1311500                    /lib/x86_64-linux-gnu/libdl-2.19.so
7f2867905000-7f2867906000 r--p 00002000 08:21 1311500                    /lib/x86_64-linux-gnu/libdl-2.19.so
7f2867906000-7f2867907000 rw-p 00003000 08:21 1311500                    /lib/x86_64-linux-gnu/libdl-2.19.so
7f2867907000-7f2867ac2000 r-xp 00000000 08:21 1311511                    /lib/x86_64-linux-gnu/libc-2.19.so
7f2867ac2000-7f2867cc1000 ---p 001bb000 08:21 1311511                    /lib/x86_64-linux-gnu/libc-2.19.so
7f2867cc1000-7f2867cc5000 r--p 001ba000 08:21 1311511                    /lib/x86_64-linux-gnu/libc-2.19.so
7f2867cc5000-7f2867cc7000 rw-p 001be000 08:21 1311511                    /lib/x86_64-linux-gnu/libc-2.19.so
7f2867cc7000-7f2867ccc000 rw-p 00000000 00:00 0 
7f2867ccc000-7f2867cd9000 r-xp 00000000 08:21 1718744                    /usr/lib/jvm/java-7-openjdk-amd64/jre/lib/amd64/jli/libjli.so
7f2867cd9000-7f2867ed8000 ---p 0000d000 08:21 1718744                    /usr/lib/jvm/java-7-openjdk-amd64/jre/lib/amd64/jli/libjli.so
7f2867ed8000-7f2867ed9000 r--p 0000c000 08:21 1718744                    /usr/lib/jvm/java-7-openjdk-amd64/jre/lib/amd64/jli/libjli.so
7f2867ed9000-7f2867eda000 rw-p 0000d000 08:21 1718744                    /usr/lib/jvm/java-7-openjdk-amd64/jre/lib/amd64/jli/libjli.so
7f2867eda000-7f2867efd000 r-xp 00000000 08:21 1311508                    /lib/x86_64-linux-gnu/ld-2.19.so
7f2867efd000-7f2867eff000 r--s 0001e000 00:19 273763                     /home/fortegs/Downloads/idea-IC-143.382.35/lib/idea_rt.jar
7f2867eff000-7f2867f03000 r--s 0003c000 08:21 1718706                    /usr/lib/jvm/java-7-openjdk-amd64/jre/lib/ext/sunpkcs11.jar
7f2867f03000-7f2867f24000 rw-p 00000000 00:00 0 
7f2867f24000-7f2867fda000 rw-p 00000000 00:00 0 
7f2867fda000-7f2867fdd000 ---p 00000000 00:00 0 
7f2867fdd000-7f28680e0000 rw-p 00000000 00:00 0                          [stack:8378]
7f28680e0000-7f28680e4000 r--s 00085000 08:21 1718703                    /usr/lib/jvm/java-7-openjdk-amd64/jre/lib/ext/localedata.jar
7f28680e4000-7f28680e5000 r--s 00002000 08:21 1718707                    /usr/lib/jvm/java-7-openjdk-amd64/jre/lib/ext/dnsns.jar
7f28680e5000-7f28680e7000 r--s 00006000 08:21 14224                      /usr/share/java/java-atk-wrapper.jar
7f28680e7000-7f28680e9000 r--s 00012000 08:21 1718702                    /usr/lib/jvm/java-7-openjdk-amd64/jre/lib/ext/zipfs.jar
7f28680e9000-7f28680ed000 r--s 00034000 08:21 1718705                    /usr/lib/jvm/java-7-openjdk-amd64/jre/lib/ext/sunjce_provider.jar
7f28680ed000-7f28680f0000 r--s 0000f000 08:21 1718704                    /usr/lib/jvm/java-7-openjdk-amd64/jre/lib/ext/icedtea-sound.jar
7f28680f0000-7f28680f8000 rw-s 00000000 00:0d 1015110                    /tmp/hsperfdata_fortegs/8376
7f28680f8000-7f28680f9000 rw-p 00000000 00:00 0 
7f28680f9000-7f28680fa000 r--p 00000000 00:00 0 
7f28680fa000-7f28680fc000 rw-p 00000000 00:00 0 
7f28680fc000-7f28680fd000 r--p 00022000 08:21 1311508                    /lib/x86_64-linux-gnu/ld-2.19.so
7f28680fd000-7f28680fe000 rw-p 00023000 08:21 1311508                    /lib/x86_64-linux-gnu/ld-2.19.so
7f28680fe000-7f28680ff000 rw-p 00000000 00:00 0 
7fff94f94000-7fff94fb6000 rw-p 00000000 00:00 0                          [stack]
7fff94fe4000-7fff94fe6000 r-xp 00000000 00:00 0                          [vdso]
ffffffffff600000-ffffffffff601000 r-xp 00000000 00:00 0                  [vsyscall]

VM Arguments:
jvm_args: -ea -Didea.launcher.port=7533 -Didea.launcher.bin.path=/home/fortegs/Downloads/idea-IC-143.382.35/bin -Didea.testng.sm_runner -Dfile.encoding=UTF-8 
java_command: com.intellij.rt.execution.application.AppMain org.testng.RemoteTestNGStarter -port 60052 -usedefaultlisteners false -socket58081 @w@/tmp/idea_working_dirs_testng0.tmp -temp /tmp/idea_testng0.tmp
Launcher Type: SUN_STANDARD

Environment Variables:
PATH=/usr/local/bin:/usr/bin:/bin:/usr/local/games:/usr/games
LD_LIBRARY_PATH=/home/fortegs/Downloads/idea-IC-143.382.35/bin:
SHELL=/bin/bash
DISPLAY=:1.0

Signal Handlers:
SIGSEGV: [libjvm.so+0x9548f0], sa_mask[0]=0x7ffbfeff, sa_flags=0x10000004
SIGBUS: [libjvm.so+0x9548f0], sa_mask[0]=0x7ffbfeff, sa_flags=0x10000004
SIGFPE: [libjvm.so+0x7cb0b0], sa_mask[0]=0x7ffbfeff, sa_flags=0x10000004
SIGPIPE: SIG_IGN, sa_mask[0]=0x00000000, sa_flags=0x00000000
SIGXFSZ: [libjvm.so+0x7cb0b0], sa_mask[0]=0x7ffbfeff, sa_flags=0x10000004
SIGILL: [libjvm.so+0x7cb0b0], sa_mask[0]=0x7ffbfeff, sa_flags=0x10000004
SIGUSR1: SIG_DFL, sa_mask[0]=0x00000000, sa_flags=0x00000000
SIGUSR2: [libjvm.so+0x7caf50], sa_mask[0]=0x00000004, sa_flags=0x10000004
SIGHUP: [libjvm.so+0x7cb130], sa_mask[0]=0x7ffbfeff, sa_flags=0x10000004
SIGINT: [libjvm.so+0x7cb130], sa_mask[0]=0x7ffbfeff, sa_flags=0x10000004
SIGTERM: [libjvm.so+0x7cb130], sa_mask[0]=0x7ffbfeff, sa_flags=0x10000004
SIGQUIT: [libjvm.so+0x7cb130], sa_mask[0]=0x7ffbfeff, sa_flags=0x10000004
SIGTRAP: SIG_DFL, sa_mask[0]=0x00000000, sa_flags=0x00000000


---------------  S Y S T E M  ---------------

OS:Ubuntu 14.04 (trusty)
uname:Linux 3.8.11 #1 SMP Thu Nov 5 13:33:59 PST 2015 x86_64
libc:glibc 2.19 NPTL 2.19 
rlimit: STACK 8192k, CORE 0k, NPROC 31124, NOFILE 2048, AS infinity
load average:1.84 2.71 2.47

/proc/meminfo:
MemTotal:        3985940 kB
MemFree:          267908 kB
Buffers:            2508 kB
Cached:           241460 kB
SwapCached:         1528 kB
Active:          1558148 kB
Inactive:         522460 kB
Active(anon):    1500760 kB
Inactive(anon):   424620 kB
Active(file):      57388 kB
Inactive(file):    97840 kB
Unevictable:          32 kB
Mlocked:              32 kB
SwapTotal:       5838776 kB
SwapFree:        1944728 kB
Dirty:              7952 kB
Writeback:             0 kB
AnonPages:       1837356 kB
Mapped:           102576 kB
Shmem:             88412 kB
Slab:             100136 kB
SReclaimable:      49572 kB
SUnreclaim:        50564 kB
KernelStack:        7632 kB
PageTables:        58852 kB
NFS_Unstable:          0 kB
Bounce:                0 kB
WritebackTmp:          0 kB
CommitLimit:     7831744 kB
Committed_AS:   14350196 kB
VmallocTotal:   34359738367 kB
VmallocUsed:      365100 kB
VmallocChunk:   34359370428 kB
DirectMap4k:       65000 kB
DirectMap2M:     3020800 kB
DirectMap1G:     1048576 kB


CPU:total 4 (2 cores per cpu, 2 threads per core) family 6 model 69 stepping 1, cmov, cx8, fxsr, mmx, sse, sse2, sse3, ssse3, sse4.1, sse4.2, popcnt, avx, avx2, aes, erms, ht, tsc, tscinvbit

/proc/cpuinfo:
processor	: 0
vendor_id	: GenuineIntel
cpu family	: 6
model		: 69
model name	: Intel(R) Core(TM) i3-4005U CPU @ 1.70GHz
stepping	: 1
microcode	: 0x1c
cpu MHz		: 1701.000
cache size	: 3072 KB
physical id	: 0
siblings	: 4
core id		: 0
cpu cores	: 2
apicid		: 0
initial apicid	: 0
fpu		: yes
fpu_exception	: yes
cpuid level	: 13
wp		: yes
flags		: fpu vme de pse tsc msr pae mce cx8 apic sep mtrr pge mca cmov pat pse36 clflush dts acpi mmx fxsr sse sse2 ss ht tm pbe syscall nx pdpe1gb rdtscp lm constant_tsc arch_perfmon pebs bts rep_good nopl xtopology nonstop_tsc aperfmperf eagerfpu pni pclmulqdq dtes64 monitor ds_cpl vmx est tm2 ssse3 fma cx16 xtpr pdcm pcid sse4_1 sse4_2 movbe popcnt tsc_deadline_timer aes xsave avx f16c rdrand lahf_lm abm ida arat epb xsaveopt pln pts dtherm tpr_shadow vnmi flexpriority ept vpid fsgsbase tsc_adjust bmi1 avx2 smep bmi2 erms invpcid
bogomips	: 3391.88
clflush size	: 64
cache_alignment	: 64
address sizes	: 39 bits physical, 48 bits virtual
power management:

processor	: 1
vendor_id	: GenuineIntel
cpu family	: 6
model		: 69
model name	: Intel(R) Core(TM) i3-4005U CPU @ 1.70GHz
stepping	: 1
microcode	: 0x1c
cpu MHz		: 800.000
cache size	: 3072 KB
physical id	: 0
siblings	: 4
core id		: 0
cpu cores	: 2
apicid		: 1
initial apicid	: 1
fpu		: yes
fpu_exception	: yes
cpuid level	: 13
wp		: yes
flags		: fpu vme de pse tsc msr pae mce cx8 apic sep mtrr pge mca cmov pat pse36 clflush dts acpi mmx fxsr sse sse2 ss ht tm pbe syscall nx pdpe1gb rdtscp lm constant_tsc arch_perfmon pebs bts rep_good nopl xtopology nonstop_tsc aperfmperf eagerfpu pni pclmulqdq dtes64 monitor ds_cpl vmx est tm2 ssse3 fma cx16 xtpr pdcm pcid sse4_1 sse4_2 movbe popcnt tsc_deadline_timer aes xsave avx f16c rdrand lahf_lm abm ida arat epb xsaveopt pln pts dtherm tpr_shadow vnmi flexpriority ept vpid fsgsbase tsc_adjust bmi1 avx2 smep bmi2 erms invpcid
bogomips	: 3391.88
clflush size	: 64
cache_alignment	: 64
address sizes	: 39 bits physical, 48 bits virtual
power management:

processor	: 2
vendor_id	: GenuineIntel
cpu family	: 6
model		: 69
model name	: Intel(R) Core(TM) i3-4005U CPU @ 1.70GHz
stepping	: 1
microcode	: 0x1c
cpu MHz		: 1701.000
cache size	: 3072 KB
physical id	: 0
siblings	: 4
core id		: 1
cpu cores	: 2
apicid		: 2
initial apicid	: 2
fpu		: yes
fpu_exception	: yes
cpuid level	: 13
wp		: yes
flags		: fpu vme de pse tsc msr pae mce cx8 apic sep mtrr pge mca cmov pat pse36 clflush dts acpi mmx fxsr sse sse2 ss ht tm pbe syscall nx pdpe1gb rdtscp lm constant_tsc arch_perfmon pebs bts rep_good nopl xtopology nonstop_tsc aperfmperf eagerfpu pni pclmulqdq dtes64 monitor ds_cpl vmx est tm2 ssse3 fma cx16 xtpr pdcm pcid sse4_1 sse4_2 movbe popcnt tsc_deadline_timer aes xsave avx f16c rdrand lahf_lm abm ida arat epb xsaveopt pln pts dtherm tpr_shadow vnmi flexpriority ept vpid fsgsbase tsc_adjust bmi1 avx2 smep bmi2 erms invpcid
bogomips	: 3391.88
clflush size	: 64
cache_alignment	: 64
address sizes	: 39 bits physical, 48 bits virtual
power management:

processor	: 3
vendor_id	: GenuineIntel
cpu family	: 6
model		: 69
model name	: Intel(R) Core(TM) i3-4005U CPU @ 1.70GHz
stepping	: 1
microcode	: 0x1c
cpu MHz		: 1701.000
cache size	: 3072 KB
physical id	: 0
siblings	: 4
core id		: 1
cpu cores	: 2
apicid		: 3
initial apicid	: 3
fpu		: yes
fpu_exception	: yes
cpuid level	: 13
wp		: yes
flags		: fpu vme de pse tsc msr pae mce cx8 apic sep mtrr pge mca cmov pat pse36 clflush dts acpi mmx fxsr sse sse2 ss ht tm pbe syscall nx pdpe1gb rdtscp lm constant_tsc arch_perfmon pebs bts rep_good nopl xtopology nonstop_tsc aperfmperf eagerfpu pni pclmulqdq dtes64 monitor ds_cpl vmx est tm2 ssse3 fma cx16 xtpr pdcm pcid sse4_1 sse4_2 movbe popcnt tsc_deadline_timer aes xsave avx f16c rdrand lahf_lm abm ida arat epb xsaveopt pln pts dtherm tpr_shadow vnmi flexpriority ept vpid fsgsbase tsc_adjust bmi1 avx2 smep bmi2 erms invpcid
bogomips	: 3391.88
clflush size	: 64
cache_alignment	: 64
address sizes	: 39 bits physical, 48 bits virtual
power management:



Memory: 4k page, physical 3985940k(267908k free), swap 5838776k(1944728k free)

vm_info: OpenJDK 64-Bit Server VM (24.91-b01) for linux-amd64 JRE (1.7.0_91-b02), built on Nov 19 2015 06:14:37 by "buildd" with gcc 4.8.2

time: Thu Dec  3 15:31:23 2015
elapsed time: 30 seconds

