#
# A fatal error has been detected by the Java Runtime Environment:
#
#  SIGBUS (0x7) at pc=0x00007f3e199a8802, pid=31095, tid=139904743962368
#
# JRE version: Java(TM) SE Runtime Environment (8.0_66-b17) (build 1.8.0_66-b17)
# Java VM: Java HotSpot(TM) 64-Bit Server VM (25.66-b17 mixed mode linux-amd64 compressed oops)
# Problematic frame:
# C  [libzip.so+0x11802]  newEntry+0x62
#
# Failed to write core dump. Core dumps have been disabled. To enable core dumping, try "ulimit -c unlimited" before starting Java again
#
# If you would like to submit a bug report, please visit:
#   http://bugreport.java.com/bugreport/crash.jsp
# The crash happened outside the Java Virtual Machine in native code.
# See problematic frame for where to report the bug.
#

---------------  T H R E A D  ---------------

Current thread (0x00007f3e1400c800):  JavaThread "main" [_thread_in_native, id=31097, stack(0x00007f3e1c80f000,0x00007f3e1c910000)]

siginfo: si_signo: 7 (SIGBUS), si_code: 2 (BUS_ADRERR), si_addr: 0x00007f3df4e70550

Registers:
RAX=0x00007f3e1446d310, RBX=0x00007f3e14900e60, RCX=0x00007f3e14000020, RDX=0x00007f3e1446d310
RSP=0x00007f3e1c90c380, RBP=0x00007f3e1c90c3d0, RSI=0x0000000006060020, RDI=0x0000000000000003
R8 =0x0000000000000003, R9 =0x00007f3e14000078, R10=0x00007f3e05130ad8, R11=0x00007f3e1be98a01
R12=0x00007f3df4e70533, R13=0x00007f3e1446d310, R14=0x000000004eecb6d3, R15=0x00007f3e14900cc0
RIP=0x00007f3e199a8802, EFLAGS=0x0000000000010206, CSGSFS=0x0000000000000033, ERR=0x0000000000000004
  TRAPNO=0x000000000000000e

Top of Stack: (sp=0x00007f3e1c90c380)
0x00007f3e1c90c380:   00007f3e1c90c3a0 00007f3e00000000
0x00007f3e1c90c390:   00000001000007a8 00007f3e1b60da1e
0x00007f3e1c90c3a0:   00007f3e1446d310 00007f3e14900e60
0x00007f3e1c90c3b0:   00007f3e14904ef0 00007f3e14900cc0
0x00007f3e1c90c3c0:   000000004eecb6d3 0000000000000010
0x00007f3e1c90c3d0:   00007f3e1c90c430 00007f3e199a8f5f
0x00007f3e1c90c3e0:   00007f3e1400c800 00007f3e1b1ca24a
0x00007f3e1c90c3f0:   00007f3e1c90c450 00007f3e1c90c461
0x00007f3e1c90c400:   00007f3e1c90c45f 00007f3e1c90c450
0x00007f3e1c90c410:   0000000000000010 00007f3e1400c9f8
0x00007f3e1c90c420:   00007f3e1c90c8a8 0000000000000000
0x00007f3e1c90c430:   00007f3e1c90c890 00007f3e1999ad60
0x00007f3e1c90c440:   00007f3df43a79d8 00007f3e14900cc0
0x00007f3e1c90c450:   73706f7250636f64 6c6d782e7070612f
0x00007f3e1c90c460:   0000000000000000 00007f3df43a79d8
0x00007f3e1c90c470:   00007f3e1c90c4e0 00007f3e1b525aee
0x00007f3e1c90c480:   8b0073000a8a0073 0000000000000000
0x00007f3e1c90c490:   0073000a87007300 0000000000000000
0x00007f3e1c90c4a0:   00007f3e14009eb0 0000000000000000
0x00007f3e1c90c4b0:   00007f3df43a79d8 00007f3e1400c800
0x00007f3e1c90c4c0:   00007f3e14009f20 00007f3e1c90c5e0
0x00007f3e1c90c4d0:   00007f3df43a79d8 00007f3df43a79d8
0x00007f3e1c90c4e0:   00007f3e1c90c570 00007f3e1b525e3e
0x00007f3e1c90c4f0:   0000000000000029 00007f3e1400c800
0x00007f3e1c90c500:   00000001001cbb38 00000001001caf30
0x00007f3e1c90c510:   00007f3e1c90c8e0 00000001001caf30
0x00007f3e1c90c520:   00007f3df43a79d8 00007f3e1400c800
0x00007f3e1c90c530:   00007f3df43a79d8 00007f3e1400c800
0x00007f3e1c90c540:   0000000100000001 00007f3e1c90c5f0
0x00007f3e1c90c550:   00007f3e1c90c5e0 00007f3e1c90c630
0x00007f3e1c90c560:   00007f3e1c90c6c0 0000000000000029
0x00007f3e1c90c570:   00007f3e1c90c680 00007f3e1b5268e9 

Instructions: (pc=0x00007f3e199a8802)
0x00007f3e199a87e2:   00 48 c7 40 28 00 00 00 00 41 80 7f 30 00 0f 84
0x00007f3e199a87f2:   8a 02 00 00 4c 8b 63 08 4d 2b 67 28 4d 03 67 18
0x00007f3e199a8802:   41 0f b6 5c 24 1d 41 0f b6 44 24 1c c1 e3 08 09
0x00007f3e199a8812:   c3 41 0f b6 44 24 1e 88 45 bd 41 0f b6 54 24 20 

Register to memory mapping:

RAX=0x00007f3e1446d310 is an unknown value
RBX=0x00007f3e14900e60 is an unknown value
RCX=0x00007f3e14000020 is an unknown value
RDX=0x00007f3e1446d310 is an unknown value
RSP=0x00007f3e1c90c380 is pointing into the stack for thread: 0x00007f3e1400c800
RBP=0x00007f3e1c90c3d0 is pointing into the stack for thread: 0x00007f3e1400c800
RSI=0x0000000006060020 is an unknown value
RDI=0x0000000000000003 is an unknown value
R8 =0x0000000000000003 is an unknown value
R9 =0x00007f3e14000078 is an unknown value
R10=0x00007f3e05130ad8 is at entry_point+88 in (nmethod*)0x00007f3e05130910
R11=0x00007f3e1be98a01: <offset 0x187a01> in /lib/x86_64-linux-gnu/libc.so.6 at 0x00007f3e1bd11000
R12=0x00007f3df4e70533 is an unknown value
R13=0x00007f3e1446d310 is an unknown value
R14=0x000000004eecb6d3 is an unknown value
R15=0x00007f3e14900cc0 is an unknown value


Stack: [0x00007f3e1c80f000,0x00007f3e1c910000],  sp=0x00007f3e1c90c380,  free space=1012k
Native frames: (J=compiled Java code, j=interpreted, Vv=VM code, C=native code)
C  [libzip.so+0x11802]  newEntry+0x62
C  [libzip.so+0x11f5f]  ZIP_GetEntry2+0xff
C  [libzip.so+0x3d60]  Java_java_util_zip_ZipFile_getEntry+0xf0
J 99  java.util.zip.ZipFile.getEntry(J[BZ)J (0 bytes) @ 0x00007f3e05130b4e [0x00007f3e05130a80+0xce]
J 554 C1 java.util.zip.ZipFile.getInputStream(Ljava/util/zip/ZipEntry;)Ljava/io/InputStream; (304 bytes) @ 0x00007f3e05262944 [0x00007f3e052625c0+0x384]
j  org.apache.poi.openxml4j.util.ZipSecureFile.getInputStream(Ljava/util/zip/ZipEntry;)Ljava/io/InputStream;+2
j  org.apache.poi.openxml4j.util.ZipFileZipEntrySource.getInputStream(Ljava/util/zip/ZipEntry;)Ljava/io/InputStream;+22
j  org.apache.poi.openxml4j.opc.ZipPackagePart.getInputStreamImpl()Ljava/io/InputStream;+14
j  org.apache.poi.openxml4j.opc.PackagePart.getInputStream()Ljava/io/InputStream;+1
j  org.apache.poi.POIXMLProperties.<init>(Lorg/apache/poi/openxml4j/opc/OPCPackage;)V+69
j  org.apache.poi.POIXMLDocument.getProperties()Lorg/apache/poi/POIXMLProperties;+16
j  org.apache.poi.POIXMLDocument.write(Ljava/io/OutputStream;)V+20
j  screenShotTest.screenCaptureTest()V+513
v  ~StubRoutines::call_stub
V  [libjvm.so+0x68bc46]  JavaCalls::call_helper(JavaValue*, methodHandle*, JavaCallArguments*, Thread*)+0x1056
V  [libjvm.so+0x991bf7]  Reflection::invoke(instanceKlassHandle, methodHandle, Handle, bool, objArrayHandle, BasicType, objArrayHandle, bool, Thread*)+0x5d7
V  [libjvm.so+0x995307]  Reflection::invoke_method(oopDesc*, Handle, objArrayHandle, Thread*)+0x147
V  [libjvm.so+0x71a6db]  JVM_InvokeMethod+0x26b
j  sun.reflect.NativeMethodAccessorImpl.invoke0(Ljava/lang/reflect/Method;Ljava/lang/Object;[Ljava/lang/Object;)Ljava/lang/Object;+0
j  sun.reflect.NativeMethodAccessorImpl.invoke(Ljava/lang/Object;[Ljava/lang/Object;)Ljava/lang/Object;+100
j  sun.reflect.DelegatingMethodAccessorImpl.invoke(Ljava/lang/Object;[Ljava/lang/Object;)Ljava/lang/Object;+6
j  java.lang.reflect.Method.invoke(Ljava/lang/Object;[Ljava/lang/Object;)Ljava/lang/Object;+56
j  org.testng.internal.MethodInvocationHelper.invokeMethod(Ljava/lang/reflect/Method;Ljava/lang/Object;[Ljava/lang/Object;)Ljava/lang/Object;+235
j  org.testng.internal.Invoker.invokeMethod(Ljava/lang/Object;Lorg/testng/ITestNGMethod;[Ljava/lang/Object;ILorg/testng/xml/XmlSuite;Ljava/util/Map;Lorg/testng/ITestClass;[Lorg/testng/ITestNGMethod;[Lorg/testng/ITestNGMethod;Lorg/testng/internal/ConfigurationGroupMethods;Lorg/testng/internal/Invoker$FailureContext;)Lorg/testng/ITestResult;+278
j  org.testng.internal.Invoker.invokeTestMethod(Ljava/lang/Object;Lorg/testng/ITestNGMethod;[Ljava/lang/Object;ILorg/testng/xml/XmlSuite;Ljava/util/Map;Lorg/testng/ITestClass;[Lorg/testng/ITestNGMethod;[Lorg/testng/ITestNGMethod;Lorg/testng/internal/ConfigurationGroupMethods;Lorg/testng/internal/Invoker$FailureContext;)Lorg/testng/ITestResult;+29
j  org.testng.internal.Invoker.invokeTestMethods(Lorg/testng/ITestNGMethod;Lorg/testng/xml/XmlSuite;Ljava/util/Map;Lorg/testng/internal/ConfigurationGroupMethods;Ljava/lang/Object;Lorg/testng/ITestContext;)Ljava/util/List;+675
j  org.testng.internal.TestMethodWorker.invokeTestMethods(Lorg/testng/ITestNGMethod;Ljava/lang/Object;Lorg/testng/ITestContext;)V+19
j  org.testng.internal.TestMethodWorker.run()V+60
j  org.testng.TestRunner.privateRun(Lorg/testng/xml/XmlTest;)V+358
j  org.testng.TestRunner.run()V+26
j  org.testng.SuiteRunner.runTest(Lorg/testng/TestRunner;)V+1
j  org.testng.SuiteRunner.runSequentially()V+31
j  org.testng.SuiteRunner.privateRun()V+281
j  org.testng.SuiteRunner.run()V+6
j  org.testng.SuiteRunnerWorker.runSuite(Lorg/testng/internal/SuiteRunnerMap;Lorg/testng/xml/XmlSuite;)V+89
j  org.testng.SuiteRunnerWorker.run()V+12
j  org.testng.TestNG.runSuitesSequentially(Lorg/testng/xml/XmlSuite;Lorg/testng/internal/SuiteRunnerMap;ILjava/lang/String;)V+66
j  org.testng.TestNG.runSuitesLocally()Ljava/util/List;+143
j  org.testng.TestNG.run()V+77
j  org.testng.IDEARemoteTestNG.run()V+268
j  org.testng.RemoteTestNGStarter.main([Ljava/lang/String;)V+556
v  ~StubRoutines::call_stub
V  [libjvm.so+0x68bc46]  JavaCalls::call_helper(JavaValue*, methodHandle*, JavaCallArguments*, Thread*)+0x1056
V  [libjvm.so+0x991bf7]  Reflection::invoke(instanceKlassHandle, methodHandle, Handle, bool, objArrayHandle, BasicType, objArrayHandle, bool, Thread*)+0x5d7
V  [libjvm.so+0x995307]  Reflection::invoke_method(oopDesc*, Handle, objArrayHandle, Thread*)+0x147
V  [libjvm.so+0x71a6db]  JVM_InvokeMethod+0x26b
j  sun.reflect.NativeMethodAccessorImpl.invoke0(Ljava/lang/reflect/Method;Ljava/lang/Object;[Ljava/lang/Object;)Ljava/lang/Object;+0
j  sun.reflect.NativeMethodAccessorImpl.invoke(Ljava/lang/Object;[Ljava/lang/Object;)Ljava/lang/Object;+100
j  sun.reflect.DelegatingMethodAccessorImpl.invoke(Ljava/lang/Object;[Ljava/lang/Object;)Ljava/lang/Object;+6
j  java.lang.reflect.Method.invoke(Ljava/lang/Object;[Ljava/lang/Object;)Ljava/lang/Object;+56
j  com.intellij.rt.execution.application.AppMain.main([Ljava/lang/String;)V+180
v  ~StubRoutines::call_stub
V  [libjvm.so+0x68bc46]  JavaCalls::call_helper(JavaValue*, methodHandle*, JavaCallArguments*, Thread*)+0x1056
V  [libjvm.so+0x6cd262]  jni_invoke_static(JNIEnv_*, JavaValue*, _jobject*, JNICallType, _jmethodID*, JNI_ArgumentPusher*, Thread*)+0x362
V  [libjvm.so+0x6e9c6a]  jni_CallStaticVoidMethod+0x17a
C  [libjli.so+0x7bcc]  JavaMain+0x80c
C  [libpthread.so.0+0x8182]  start_thread+0xc2

Java frames: (J=compiled Java code, j=interpreted, Vv=VM code)
J 99  java.util.zip.ZipFile.getEntry(J[BZ)J (0 bytes) @ 0x00007f3e05130ad8 [0x00007f3e05130a80+0x58]
J 554 C1 java.util.zip.ZipFile.getInputStream(Ljava/util/zip/ZipEntry;)Ljava/io/InputStream; (304 bytes) @ 0x00007f3e05262944 [0x00007f3e052625c0+0x384]
j  org.apache.poi.openxml4j.util.ZipSecureFile.getInputStream(Ljava/util/zip/ZipEntry;)Ljava/io/InputStream;+2
j  org.apache.poi.openxml4j.util.ZipFileZipEntrySource.getInputStream(Ljava/util/zip/ZipEntry;)Ljava/io/InputStream;+22
j  org.apache.poi.openxml4j.opc.ZipPackagePart.getInputStreamImpl()Ljava/io/InputStream;+14
j  org.apache.poi.openxml4j.opc.PackagePart.getInputStream()Ljava/io/InputStream;+1
j  org.apache.poi.POIXMLProperties.<init>(Lorg/apache/poi/openxml4j/opc/OPCPackage;)V+69
j  org.apache.poi.POIXMLDocument.getProperties()Lorg/apache/poi/POIXMLProperties;+16
j  org.apache.poi.POIXMLDocument.write(Ljava/io/OutputStream;)V+20
j  screenShotTest.screenCaptureTest()V+513
v  ~StubRoutines::call_stub
j  sun.reflect.NativeMethodAccessorImpl.invoke0(Ljava/lang/reflect/Method;Ljava/lang/Object;[Ljava/lang/Object;)Ljava/lang/Object;+0
j  sun.reflect.NativeMethodAccessorImpl.invoke(Ljava/lang/Object;[Ljava/lang/Object;)Ljava/lang/Object;+100
j  sun.reflect.DelegatingMethodAccessorImpl.invoke(Ljava/lang/Object;[Ljava/lang/Object;)Ljava/lang/Object;+6
j  java.lang.reflect.Method.invoke(Ljava/lang/Object;[Ljava/lang/Object;)Ljava/lang/Object;+56
j  org.testng.internal.MethodInvocationHelper.invokeMethod(Ljava/lang/reflect/Method;Ljava/lang/Object;[Ljava/lang/Object;)Ljava/lang/Object;+235
j  org.testng.internal.Invoker.invokeMethod(Ljava/lang/Object;Lorg/testng/ITestNGMethod;[Ljava/lang/Object;ILorg/testng/xml/XmlSuite;Ljava/util/Map;Lorg/testng/ITestClass;[Lorg/testng/ITestNGMethod;[Lorg/testng/ITestNGMethod;Lorg/testng/internal/ConfigurationGroupMethods;Lorg/testng/internal/Invoker$FailureContext;)Lorg/testng/ITestResult;+278
j  org.testng.internal.Invoker.invokeTestMethod(Ljava/lang/Object;Lorg/testng/ITestNGMethod;[Ljava/lang/Object;ILorg/testng/xml/XmlSuite;Ljava/util/Map;Lorg/testng/ITestClass;[Lorg/testng/ITestNGMethod;[Lorg/testng/ITestNGMethod;Lorg/testng/internal/ConfigurationGroupMethods;Lorg/testng/internal/Invoker$FailureContext;)Lorg/testng/ITestResult;+29
j  org.testng.internal.Invoker.invokeTestMethods(Lorg/testng/ITestNGMethod;Lorg/testng/xml/XmlSuite;Ljava/util/Map;Lorg/testng/internal/ConfigurationGroupMethods;Ljava/lang/Object;Lorg/testng/ITestContext;)Ljava/util/List;+675
j  org.testng.internal.TestMethodWorker.invokeTestMethods(Lorg/testng/ITestNGMethod;Ljava/lang/Object;Lorg/testng/ITestContext;)V+19
j  org.testng.internal.TestMethodWorker.run()V+60
j  org.testng.TestRunner.privateRun(Lorg/testng/xml/XmlTest;)V+358
j  org.testng.TestRunner.run()V+26
j  org.testng.SuiteRunner.runTest(Lorg/testng/TestRunner;)V+1
j  org.testng.SuiteRunner.runSequentially()V+31
j  org.testng.SuiteRunner.privateRun()V+281
j  org.testng.SuiteRunner.run()V+6
j  org.testng.SuiteRunnerWorker.runSuite(Lorg/testng/internal/SuiteRunnerMap;Lorg/testng/xml/XmlSuite;)V+89
j  org.testng.SuiteRunnerWorker.run()V+12
j  org.testng.TestNG.runSuitesSequentially(Lorg/testng/xml/XmlSuite;Lorg/testng/internal/SuiteRunnerMap;ILjava/lang/String;)V+66
j  org.testng.TestNG.runSuitesLocally()Ljava/util/List;+143
j  org.testng.TestNG.run()V+77
j  org.testng.IDEARemoteTestNG.run()V+268
j  org.testng.RemoteTestNGStarter.main([Ljava/lang/String;)V+556
v  ~StubRoutines::call_stub
j  sun.reflect.NativeMethodAccessorImpl.invoke0(Ljava/lang/reflect/Method;Ljava/lang/Object;[Ljava/lang/Object;)Ljava/lang/Object;+0
j  sun.reflect.NativeMethodAccessorImpl.invoke(Ljava/lang/Object;[Ljava/lang/Object;)Ljava/lang/Object;+100
j  sun.reflect.DelegatingMethodAccessorImpl.invoke(Ljava/lang/Object;[Ljava/lang/Object;)Ljava/lang/Object;+6
j  java.lang.reflect.Method.invoke(Ljava/lang/Object;[Ljava/lang/Object;)Ljava/lang/Object;+56
j  com.intellij.rt.execution.application.AppMain.main([Ljava/lang/String;)V+180
v  ~StubRoutines::call_stub

---------------  P R O C E S S  ---------------

Java Threads: ( => current thread )
  0x00007f3e1431d000 JavaThread "Java2D Disposer" daemon [_thread_blocked, id=31263, stack(0x00007f3df4503000,0x00007f3df4604000)]
  0x00007f3dc000c000 JavaThread "Exec Stream Pumper" daemon [_thread_in_native, id=31135, stack(0x00007f3df4604000,0x00007f3df4705000)]
  0x00007f3dc000b000 JavaThread "Exec Stream Pumper" daemon [_thread_in_native, id=31134, stack(0x00007f3df4705000,0x00007f3df4806000)]
  0x00007f3e14665800 JavaThread "UrlChecker-2" daemon [_thread_blocked, id=31133, stack(0x00007f3df4806000,0x00007f3df4907000)]
  0x00007f3dc0008800 JavaThread "process reaper" daemon [_thread_in_native, id=31132, stack(0x00007f3df4907000,0x00007f3df4940000)]
  0x00007f3e1466b000 JavaThread "Exec Default Executor" daemon [_thread_blocked, id=31130, stack(0x00007f3df4940000,0x00007f3df4a41000)]
  0x00007f3e140ee800 JavaThread "Monitor Ctrl-Break" daemon [_thread_in_native, id=31126, stack(0x00007f3df5786000,0x00007f3df5887000)]
  0x00007f3e140c0000 JavaThread "Service Thread" daemon [_thread_blocked, id=31123, stack(0x00007f3df5b8a000,0x00007f3df5c8b000)]
  0x00007f3e140bd000 JavaThread "C1 CompilerThread2" daemon [_thread_blocked, id=31121, stack(0x00007f3df5c8b000,0x00007f3df5d8c000)]
  0x00007f3e140bb000 JavaThread "C2 CompilerThread1" daemon [_thread_blocked, id=31120, stack(0x00007f3df5d8c000,0x00007f3df5e8d000)]
  0x00007f3e140b8000 JavaThread "C2 CompilerThread0" daemon [_thread_blocked, id=31119, stack(0x00007f3df5e8d000,0x00007f3df5f8e000)]
  0x00007f3e140b7000 JavaThread "Signal Dispatcher" daemon [_thread_blocked, id=31118, stack(0x00007f3df5f8e000,0x00007f3df608f000)]
  0x00007f3e14081800 JavaThread "Finalizer" daemon [_thread_blocked, id=31112, stack(0x00007f3df608f000,0x00007f3df6190000)]
  0x00007f3e1407f800 JavaThread "Reference Handler" daemon [_thread_blocked, id=31110, stack(0x00007f3e0408e000,0x00007f3e0418f000)]
=>0x00007f3e1400c800 JavaThread "main" [_thread_in_native, id=31097, stack(0x00007f3e1c80f000,0x00007f3e1c910000)]

Other Threads:
  0x00007f3e1407a800 VMThread [stack: 0x00007f3e0418f000,0x00007f3e04290000] [id=31109]
  0x00007f3e140c3000 WatcherThread [stack: 0x00007f3df5a89000,0x00007f3df5b8a000] [id=31124]

VM state:not at safepoint (normal execution)

VM Mutex/Monitor currently owned by a thread: None

Heap:
 PSYoungGen      total 61440K, used 24445K [0x00000000ebb80000, 0x00000000f0280000, 0x0000000100000000)
  eden space 51200K, 47% used [0x00000000ebb80000,0x00000000ed35f5d0,0x00000000eed80000)
  from space 10240K, 0% used [0x00000000ef880000,0x00000000ef880000,0x00000000f0280000)
  to   space 10752K, 0% used [0x00000000eed80000,0x00000000eed80000,0x00000000ef800000)
 ParOldGen       total 92160K, used 34960K [0x00000000c3200000, 0x00000000c8c00000, 0x00000000ebb80000)
  object space 92160K, 37% used [0x00000000c3200000,0x00000000c54242e8,0x00000000c8c00000)
 Metaspace       used 22051K, capacity 22326K, committed 22448K, reserved 1069056K
  class space    used 2724K, capacity 2814K, committed 2816K, reserved 1048576K

Card table byte_map: [0x00007f3e193ef000,0x00007f3e195d7000] byte_map_base: 0x00007f3e18dd6000

Marking Bits: (ParMarkBitMap*) 0x00007f3e1bce6020
 Begin Bits: [0x00007f3df6190000, 0x00007f3df70c8000)
 End Bits:   [0x00007f3df70c8000, 0x00007f3df8000000)

Polling page: 0x00007f3e1c92d000

CodeCache: size=245760Kb used=6805Kb max_used=6815Kb free=238954Kb
 bounds [0x00007f3e05000000, 0x00007f3e056b0000, 0x00007f3e14000000]
 total_blobs=2439 nmethods=1997 adapters=355
 compilation: enabled

Compilation events (10 events):
Event: 51.880 Thread 0x00007f3e140bb000 nmethod 2011 0x00007f3e056a3c90 code [0x00007f3e056a3de0, 0x00007f3e056a3e38]
Event: 51.880 Thread 0x00007f3e140bb000 1984       4       org.apache.xmlbeans.impl.store.Cur::isAttr (45 bytes)
Event: 51.883 Thread 0x00007f3e140b8000 nmethod 2043 0x00007f3e056ac250 code [0x00007f3e056ac420, 0x00007f3e056acad8]
Event: 51.883 Thread 0x00007f3e140b8000 2015       4       org.apache.xmlbeans.impl.store.Xobj::cchRight (53 bytes)
Event: 51.884 Thread 0x00007f3e140b8000 nmethod 2015 0x00007f3e0569f890 code [0x00007f3e0569f9e0, 0x00007f3e0569fa98]
Event: 51.884 Thread 0x00007f3e140b8000 2031       4       org.apache.xmlbeans.impl.store.Xobj::ensureOccupancy (158 bytes)
Event: 51.887 Thread 0x00007f3e140bb000 nmethod 1984 0x00007f3e056ad550 code [0x00007f3e056ad6e0, 0x00007f3e056ada98]
Event: 51.891 Thread 0x00007f3e140b8000 nmethod 2031 0x00007f3e056adf90 code [0x00007f3e056ae120, 0x00007f3e056ae558]
Event: 51.894 Thread 0x00007f3e140bd000 2050       3       java.lang.String::replaceAll (13 bytes)
Event: 51.894 Thread 0x00007f3e140bd000 nmethod 2050 0x00007f3e0569d1d0 code [0x00007f3e0569d360, 0x00007f3e0569d728]

GC Heap History (10 events):
Event: 49.716 GC heap before
{Heap before GC invocations=12 (full 0):
 PSYoungGen      total 30208K, used 28432K [0x00000000ebb80000, 0x00000000ef000000, 0x0000000100000000)
  eden space 19968K, 100% used [0x00000000ebb80000,0x00000000ecf00000,0x00000000ecf00000)
  from space 10240K, 82% used [0x00000000ecf00000,0x00000000ed744110,0x00000000ed900000)
  to   space 10752K, 0% used [0x00000000ee580000,0x00000000ee580000,0x00000000ef000000)
 ParOldGen       total 42496K, used 18328K [0x00000000c3200000, 0x00000000c5b80000, 0x00000000ebb80000)
  object space 42496K, 43% used [0x00000000c3200000,0x00000000c43e60a0,0x00000000c5b80000)
 Metaspace       used 20471K, capacity 20748K, committed 20864K, reserved 1067008K
  class space    used 2558K, capacity 2651K, committed 2688K, reserved 1048576K
Event: 49.720 GC heap after
Heap after GC invocations=12 (full 0):
 PSYoungGen      total 43008K, used 3474K [0x00000000ebb80000, 0x00000000ef000000, 0x0000000100000000)
  eden space 32256K, 0% used [0x00000000ebb80000,0x00000000ebb80000,0x00000000edb00000)
  from space 10752K, 32% used [0x00000000ee580000,0x00000000ee8e4ac8,0x00000000ef000000)
  to   space 10752K, 0% used [0x00000000edb00000,0x00000000edb00000,0x00000000ee580000)
 ParOldGen       total 42496K, used 18352K [0x00000000c3200000, 0x00000000c5b80000, 0x00000000ebb80000)
  object space 42496K, 43% used [0x00000000c3200000,0x00000000c43ec0a0,0x00000000c5b80000)
 Metaspace       used 20471K, capacity 20748K, committed 20864K, reserved 1067008K
  class space    used 2558K, capacity 2651K, committed 2688K, reserved 1048576K
}
Event: 50.701 GC heap before
{Heap before GC invocations=13 (full 0):
 PSYoungGen      total 43008K, used 15954K [0x00000000ebb80000, 0x00000000ef000000, 0x0000000100000000)
  eden space 32256K, 38% used [0x00000000ebb80000,0x00000000ec7afdd8,0x00000000edb00000)
  from space 10752K, 32% used [0x00000000ee580000,0x00000000ee8e4ac8,0x00000000ef000000)
  to   space 10752K, 0% used [0x00000000edb00000,0x00000000edb00000,0x00000000ee580000)
 ParOldGen       total 42496K, used 18352K [0x00000000c3200000, 0x00000000c5b80000, 0x00000000ebb80000)
  object space 42496K, 43% used [0x00000000c3200000,0x00000000c43ec0a0,0x00000000c5b80000)
 Metaspace       used 20965K, capacity 21166K, committed 21296K, reserved 1069056K
  class space    used 2606K, capacity 2684K, committed 2688K, reserved 1048576K
Event: 50.705 GC heap after
Heap after GC invocations=13 (full 0):
 PSYoungGen      total 43008K, used 252K [0x00000000ebb80000, 0x00000000f0300000, 0x0000000100000000)
  eden space 32256K, 0% used [0x00000000ebb80000,0x00000000ebb80000,0x00000000edb00000)
  from space 10752K, 2% used [0x00000000edb00000,0x00000000edb3f090,0x00000000ee580000)
  to   space 10752K, 0% used [0x00000000ef880000,0x00000000ef880000,0x00000000f0300000)
 ParOldGen       total 42496K, used 21258K [0x00000000c3200000, 0x00000000c5b80000, 0x00000000ebb80000)
  object space 42496K, 50% used [0x00000000c3200000,0x00000000c46c2b58,0x00000000c5b80000)
 Metaspace       used 20965K, capacity 21166K, committed 21296K, reserved 1069056K
  class space    used 2606K, capacity 2684K, committed 2688K, reserved 1048576K
}
Event: 50.709 GC heap before
{Heap before GC invocations=14 (full 1):
 PSYoungGen      total 43008K, used 252K [0x00000000ebb80000, 0x00000000f0300000, 0x0000000100000000)
  eden space 32256K, 0% used [0x00000000ebb80000,0x00000000ebb80000,0x00000000edb00000)
  from space 10752K, 2% used [0x00000000edb00000,0x00000000edb3f090,0x00000000ee580000)
  to   space 10752K, 0% used [0x00000000ef880000,0x00000000ef880000,0x00000000f0300000)
 ParOldGen       total 42496K, used 21258K [0x00000000c3200000, 0x00000000c5b80000, 0x00000000ebb80000)
  object space 42496K, 50% used [0x00000000c3200000,0x00000000c46c2b58,0x00000000c5b80000)
 Metaspace       used 20965K, capacity 21166K, committed 21296K, reserved 1069056K
  class space    used 2606K, capacity 2684K, committed 2688K, reserved 1048576K
Event: 50.820 GC heap after
Heap after GC invocations=14 (full 1):
 PSYoungGen      total 43008K, used 0K [0x00000000ebb80000, 0x00000000f0300000, 0x0000000100000000)
  eden space 32256K, 0% used [0x00000000ebb80000,0x00000000ebb80000,0x00000000edb00000)
  from space 10752K, 0% used [0x00000000edb00000,0x00000000edb00000,0x00000000ee580000)
  to   space 10752K, 0% used [0x00000000ef880000,0x00000000ef880000,0x00000000f0300000)
 ParOldGen       total 30720K, used 9021K [0x00000000c3200000, 0x00000000c5000000, 0x00000000ebb80000)
  object space 30720K, 29% used [0x00000000c3200000,0x00000000c3acf578,0x00000000c5000000)
 Metaspace       used 20965K, capacity 21166K, committed 21296K, reserved 1069056K
  class space    used 2606K, capacity 2684K, committed 2688K, reserved 1048576K
}
Event: 51.132 GC heap before
{Heap before GC invocations=15 (full 1):
 PSYoungGen      total 43008K, used 32256K [0x00000000ebb80000, 0x00000000f0300000, 0x0000000100000000)
  eden space 32256K, 100% used [0x00000000ebb80000,0x00000000edb00000,0x00000000edb00000)
  from space 10752K, 0% used [0x00000000edb00000,0x00000000edb00000,0x00000000ee580000)
  to   space 10752K, 0% used [0x00000000ef880000,0x00000000ef880000,0x00000000f0300000)
 ParOldGen       total 30720K, used 9021K [0x00000000c3200000, 0x00000000c5000000, 0x00000000ebb80000)
  object space 30720K, 29% used [0x00000000c3200000,0x00000000c3acf578,0x00000000c5000000)
 Metaspace       used 21713K, capacity 21968K, committed 22192K, reserved 1069056K
  class space    used 2684K, capacity 2781K, committed 2816K, reserved 1048576K
Event: 51.159 GC heap after
Heap after GC invocations=15 (full 1):
 PSYoungGen      total 61440K, used 160K [0x00000000ebb80000, 0x00000000f0280000, 0x0000000100000000)
  eden space 51200K, 0% used [0x00000000ebb80000,0x00000000ebb80000,0x00000000eed80000)
  from space 10240K, 1% used [0x00000000ef880000,0x00000000ef8a8000,0x00000000f0280000)
  to   space 10752K, 0% used [0x00000000eed80000,0x00000000eed80000,0x00000000ef800000)
 ParOldGen       total 109056K, used 86539K [0x00000000c3200000, 0x00000000c9c80000, 0x00000000ebb80000)
  object space 109056K, 79% used [0x00000000c3200000,0x00000000c8682cf8,0x00000000c9c80000)
 Metaspace       used 21713K, capacity 21968K, committed 22192K, reserved 1069056K
  class space    used 2684K, capacity 2781K, committed 2816K, reserved 1048576K
}
Event: 51.159 GC heap before
{Heap before GC invocations=16 (full 2):
 PSYoungGen      total 61440K, used 160K [0x00000000ebb80000, 0x00000000f0280000, 0x0000000100000000)
  eden space 51200K, 0% used [0x00000000ebb80000,0x00000000ebb80000,0x00000000eed80000)
  from space 10240K, 1% used [0x00000000ef880000,0x00000000ef8a8000,0x00000000f0280000)
  to   space 10752K, 0% used [0x00000000eed80000,0x00000000eed80000,0x00000000ef800000)
 ParOldGen       total 109056K, used 86539K [0x00000000c3200000, 0x00000000c9c80000, 0x00000000ebb80000)
  object space 109056K, 79% used [0x00000000c3200000,0x00000000c8682cf8,0x00000000c9c80000)
 Metaspace       used 21713K, capacity 21968K, committed 22192K, reserved 1069056K
  class space    used 2684K, capacity 2781K, committed 2816K, reserved 1048576K
Event: 51.187 GC heap after
Heap after GC invocations=16 (full 2):
 PSYoungGen      total 61440K, used 0K [0x00000000ebb80000, 0x00000000f0280000, 0x0000000100000000)
  eden space 51200K, 0% used [0x00000000ebb80000,0x00000000ebb80000,0x00000000eed80000)
  from space 10240K, 0% used [0x00000000ef880000,0x00000000ef880000,0x00000000f0280000)
  to   space 10752K, 0% used [0x00000000eed80000,0x00000000eed80000,0x00000000ef800000)
 ParOldGen       total 92160K, used 34960K [0x00000000c3200000, 0x00000000c8c00000, 0x00000000ebb80000)
  object space 92160K, 37% used [0x00000000c3200000,0x00000000c54242e8,0x00000000c8c00000)
 Metaspace       used 21713K, capacity 21968K, committed 22192K, reserved 1069056K
  class space    used 2684K, capacity 2781K, committed 2816K, reserved 1048576K
}

Deoptimization events (10 events):
Event: 51.000 Thread 0x00007f3e1400c800 Uncommon trap: reason=class_check action=maybe_recompile pc=0x00007f3e0543591c method=java.io.FilterInputStream.read()I @ 4
Event: 51.013 Thread 0x00007f3e1400c800 Uncommon trap: reason=unstable_if action=reinterpret pc=0x00007f3e0513e7ac method=com.sun.imageio.plugins.png.PNGImageReader.paethPredictor(III)I @ 34
Event: 51.749 Thread 0x00007f3e1400c800 Uncommon trap: reason=unstable_if action=reinterpret pc=0x00007f3e055e14b4 method=org.apache.xmlbeans.impl.store.Locale.isXmlns(Ljavax/xml/namespace/QName;)Z @ 11
Event: 51.750 Thread 0x00007f3e1400c800 Uncommon trap: reason=unstable_if action=reinterpret pc=0x00007f3e055b9c8c method=org.apache.xmlbeans.impl.store.Xobj.isNormal(I)Z @ 39
Event: 51.750 Thread 0x00007f3e1400c800 Uncommon trap: reason=unstable_if action=reinterpret pc=0x00007f3e055885d8 method=org.apache.xmlbeans.impl.store.Xobj.isNormal(I)Z @ 39
Event: 51.750 Thread 0x00007f3e1400c800 Uncommon trap: reason=unstable_if action=reinterpret pc=0x00007f3e055940ac method=org.apache.xmlbeans.impl.store.Xobj.isNormal(I)Z @ 39
Event: 51.750 Thread 0x00007f3e1400c800 Uncommon trap: reason=unstable_if action=reinterpret pc=0x00007f3e05588098 method=org.apache.xmlbeans.impl.store.Xobj.isNormal(I)Z @ 39
Event: 51.750 Thread 0x00007f3e1400c800 Uncommon trap: reason=unstable_if action=reinterpret pc=0x00007f3e055c71c0 method=org.apache.xmlbeans.impl.store.Cur.moveToNoCheck(Lorg/apache/xmlbeans/impl/store/Xobj;I)V @ 13
Event: 51.750 Thread 0x00007f3e1400c800 Uncommon trap: reason=unstable_if action=reinterpret pc=0x00007f3e055e1b2c method=org.apache.xmlbeans.impl.store.Xobj.isNormal(I)Z @ 39
Event: 51.775 Thread 0x00007f3e1400c800 Uncommon trap: reason=unstable_if action=reinterpret pc=0x00007f3e055c797c method=org.apache.xmlbeans.impl.store.Xobj.isNormal(I)Z @ 39

Internal exceptions (10 events):
Event: 50.436 Thread 0x00007f3e1400c800 Exception <a 'java/net/SocketTimeoutException': Read timed out> (0x00000000ec7275d0) thrown at [/HUDSON/workspace/8-2-build-linux-amd64/jdk8u66/4988/hotspot/src/share/vm/prims/jni.cpp, line 735]
Event: 50.485 Thread 0x00007f3e1400c800 Exception <a 'java/net/SocketTimeoutException': Read timed out> (0x00000000ec734c38) thrown at [/HUDSON/workspace/8-2-build-linux-amd64/jdk8u66/4988/hotspot/src/share/vm/prims/jni.cpp, line 735]
Event: 50.693 Thread 0x00007f3e1400c800 Exception <a 'java/io/FileNotFoundException'> (0x00000000ec744188) thrown at [/HUDSON/workspace/8-2-build-linux-amd64/jdk8u66/4988/hotspot/src/share/vm/prims/jni.cpp, line 709]
Event: 50.693 Thread 0x00007f3e1400c800 Exception <a 'java/io/FileNotFoundException'> (0x00000000ec744c30) thrown at [/HUDSON/workspace/8-2-build-linux-amd64/jdk8u66/4988/hotspot/src/share/vm/prims/jni.cpp, line 709]
Event: 51.417 Thread 0x00007f3e1400c800 Exception <a 'java/net/SocketTimeoutException': Read timed out> (0x00000000ed000d50) thrown at [/HUDSON/workspace/8-2-build-linux-amd64/jdk8u66/4988/hotspot/src/share/vm/prims/jni.cpp, line 735]
Event: 51.424 Thread 0x00007f3e1400c800 Exception <a 'java/net/SocketTimeoutException': Read timed out> (0x00000000ed00e278) thrown at [/HUDSON/workspace/8-2-build-linux-amd64/jdk8u66/4988/hotspot/src/share/vm/prims/jni.cpp, line 735]
Event: 51.483 Thread 0x00007f3e1400c800 Exception <a 'java/net/SocketTimeoutException': Read timed out> (0x00000000ed01a010) thrown at [/HUDSON/workspace/8-2-build-linux-amd64/jdk8u66/4988/hotspot/src/share/vm/prims/jni.cpp, line 735]
Event: 51.534 Thread 0x00007f3e1400c800 Exception <a 'java/net/SocketTimeoutException': Read timed out> (0x00000000ed027510) thrown at [/HUDSON/workspace/8-2-build-linux-amd64/jdk8u66/4988/hotspot/src/share/vm/prims/jni.cpp, line 735]
Event: 51.662 Thread 0x00007f3e1400c800 Exception <a 'java/net/SocketTimeoutException': Read timed out> (0x00000000ed100aa0) thrown at [/HUDSON/workspace/8-2-build-linux-amd64/jdk8u66/4988/hotspot/src/share/vm/prims/jni.cpp, line 735]
Event: 51.671 Thread 0x00007f3e1400c800 Exception <a 'java/net/SocketTimeoutException': Read timed out> (0x00000000ed10e348) thrown at [/HUDSON/workspace/8-2-build-linux-amd64/jdk8u66/4988/hotspot/src/share/vm/prims/jni.cpp, line 735]

Events (10 events):
Event: 51.884 loading class org/openxmlformats/schemas/officeDocument/x2006/customProperties/PropertiesDocument
Event: 51.884 loading class org/openxmlformats/schemas/officeDocument/x2006/customProperties/PropertiesDocument done
Event: 51.887 loading class org/openxmlformats/schemas/officeDocument/x2006/customProperties/impl/PropertiesDocumentImpl
Event: 51.887 loading class org/openxmlformats/schemas/officeDocument/x2006/customProperties/impl/PropertiesDocumentImpl done
Event: 51.889 loading class org/openxmlformats/schemas/officeDocument/x2006/customProperties/impl/CTPropertiesImpl
Event: 51.889 loading class org/openxmlformats/schemas/officeDocument/x2006/customProperties/impl/CTPropertiesImpl done
Event: 51.890 loading class org/openxmlformats/schemas/officeDocument/x2006/customProperties/CTProperties
Event: 51.890 loading class org/openxmlformats/schemas/officeDocument/x2006/customProperties/CTProperties done
Event: 51.891 loading class org/apache/poi/POIXMLProperties$CoreProperties
Event: 51.891 loading class org/apache/poi/POIXMLProperties$CoreProperties done


Dynamic libraries:
00400000-00401000 r-xp 00000000 08:21 1714174                            /usr/lib/jvm/java-8-oracle/bin/java
00600000-00601000 rw-p 00000000 08:21 1714174                            /usr/lib/jvm/java-8-oracle/bin/java
01ebc000-01edd000 rw-p 00000000 00:00 0                                  [heap]
c3200000-c8c00000 rw-p 00000000 00:00 0 
c8c00000-ebb80000 ---p 00000000 00:00 0 
ebb80000-f0280000 rw-p 00000000 00:00 0 
f0280000-100000000 ---p 00000000 00:00 0 
100000000-1002c0000 rw-p 00000000 00:00 0 
1002c0000-140000000 ---p 00000000 00:00 0 
7f3dae334000-7f3dae339000 r-xp 00000000 08:21 10617                      /usr/lib/x86_64-linux-gnu/libXdmcp.so.6.0.0
7f3dae339000-7f3dae538000 ---p 00005000 08:21 10617                      /usr/lib/x86_64-linux-gnu/libXdmcp.so.6.0.0
7f3dae538000-7f3dae539000 r--p 00004000 08:21 10617                      /usr/lib/x86_64-linux-gnu/libXdmcp.so.6.0.0
7f3dae539000-7f3dae53a000 rw-p 00005000 08:21 10617                      /usr/lib/x86_64-linux-gnu/libXdmcp.so.6.0.0
7f3dae53a000-7f3dae53c000 r-xp 00000000 08:21 10615                      /usr/lib/x86_64-linux-gnu/libXau.so.6.0.0
7f3dae53c000-7f3dae73c000 ---p 00002000 08:21 10615                      /usr/lib/x86_64-linux-gnu/libXau.so.6.0.0
7f3dae73c000-7f3dae73d000 r--p 00002000 08:21 10615                      /usr/lib/x86_64-linux-gnu/libXau.so.6.0.0
7f3dae73d000-7f3dae73e000 rw-p 00003000 08:21 10615                      /usr/lib/x86_64-linux-gnu/libXau.so.6.0.0
7f3dae73e000-7f3dae75b000 r-xp 00000000 08:21 10619                      /usr/lib/x86_64-linux-gnu/libxcb.so.1.1.0
7f3dae75b000-7f3dae95b000 ---p 0001d000 08:21 10619                      /usr/lib/x86_64-linux-gnu/libxcb.so.1.1.0
7f3dae95b000-7f3dae95c000 r--p 0001d000 08:21 10619                      /usr/lib/x86_64-linux-gnu/libxcb.so.1.1.0
7f3dae95c000-7f3dae95d000 rw-p 0001e000 08:21 10619                      /usr/lib/x86_64-linux-gnu/libxcb.so.1.1.0
7f3dae95d000-7f3dae96c000 r-xp 00000000 08:21 10726                      /usr/lib/x86_64-linux-gnu/libXi.so.6.1.0
7f3dae96c000-7f3daeb6b000 ---p 0000f000 08:21 10726                      /usr/lib/x86_64-linux-gnu/libXi.so.6.1.0
7f3daeb6b000-7f3daeb6c000 r--p 0000e000 08:21 10726                      /usr/lib/x86_64-linux-gnu/libXi.so.6.1.0
7f3daeb6c000-7f3daeb6d000 rw-p 0000f000 08:21 10726                      /usr/lib/x86_64-linux-gnu/libXi.so.6.1.0
7f3daeb6d000-7f3daeb72000 r-xp 00000000 08:21 10736                      /usr/lib/x86_64-linux-gnu/libXtst.so.6.1.0
7f3daeb72000-7f3daed71000 ---p 00005000 08:21 10736                      /usr/lib/x86_64-linux-gnu/libXtst.so.6.1.0
7f3daed71000-7f3daed72000 r--p 00004000 08:21 10736                      /usr/lib/x86_64-linux-gnu/libXtst.so.6.1.0
7f3daed72000-7f3daed73000 rw-p 00005000 08:21 10736                      /usr/lib/x86_64-linux-gnu/libXtst.so.6.1.0
7f3daed73000-7f3daed7c000 r-xp 00000000 08:21 10716                      /usr/lib/x86_64-linux-gnu/libXrender.so.1.3.0
7f3daed7c000-7f3daef7b000 ---p 00009000 08:21 10716                      /usr/lib/x86_64-linux-gnu/libXrender.so.1.3.0
7f3daef7b000-7f3daef7c000 r--p 00008000 08:21 10716                      /usr/lib/x86_64-linux-gnu/libXrender.so.1.3.0
7f3daef7c000-7f3daef7d000 rw-p 00009000 08:21 10716                      /usr/lib/x86_64-linux-gnu/libXrender.so.1.3.0
7f3daef7d000-7f3daf0ad000 r-xp 00000000 08:21 10621                      /usr/lib/x86_64-linux-gnu/libX11.so.6.3.0
7f3daf0ad000-7f3daf2ad000 ---p 00130000 08:21 10621                      /usr/lib/x86_64-linux-gnu/libX11.so.6.3.0
7f3daf2ad000-7f3daf2ae000 r--p 00130000 08:21 10621                      /usr/lib/x86_64-linux-gnu/libX11.so.6.3.0
7f3daf2ae000-7f3daf2b2000 rw-p 00131000 08:21 10621                      /usr/lib/x86_64-linux-gnu/libX11.so.6.3.0
7f3daf2b2000-7f3daf2c3000 r-xp 00000000 08:21 10623                      /usr/lib/x86_64-linux-gnu/libXext.so.6.4.0
7f3daf2c3000-7f3daf4c2000 ---p 00011000 08:21 10623                      /usr/lib/x86_64-linux-gnu/libXext.so.6.4.0
7f3daf4c2000-7f3daf4c3000 r--p 00010000 08:21 10623                      /usr/lib/x86_64-linux-gnu/libXext.so.6.4.0
7f3daf4c3000-7f3daf4c4000 rw-p 00011000 08:21 10623                      /usr/lib/x86_64-linux-gnu/libXext.so.6.4.0
7f3daf4c4000-7f3daf518000 r-xp 00000000 08:21 1835898                    /usr/lib/jvm/java-8-oracle/jre/lib/amd64/libawt_xawt.so
7f3daf518000-7f3daf718000 ---p 00054000 08:21 1835898                    /usr/lib/jvm/java-8-oracle/jre/lib/amd64/libawt_xawt.so
7f3daf718000-7f3daf71c000 rw-p 00054000 08:21 1835898                    /usr/lib/jvm/java-8-oracle/jre/lib/amd64/libawt_xawt.so
7f3daf71c000-7f3daf71d000 rw-p 00000000 00:00 0 
7f3daf71d000-7f3daf7bf000 r-xp 00000000 08:21 1835911                    /usr/lib/jvm/java-8-oracle/jre/lib/amd64/libawt.so
7f3daf7bf000-7f3daf9bf000 ---p 000a2000 08:21 1835911                    /usr/lib/jvm/java-8-oracle/jre/lib/amd64/libawt.so
7f3daf9bf000-7f3daf9cb000 rw-p 000a2000 08:21 1835911                    /usr/lib/jvm/java-8-oracle/jre/lib/amd64/libawt.so
7f3daf9cb000-7f3dafb1b000 rw-p 00000000 00:00 0 
7f3dafb1b000-7f3dafbef000 ---p 00000000 00:00 0 
7f3dafbef000-7f3dafc00000 r-xp 00000000 08:21 1835925                    /usr/lib/jvm/java-8-oracle/jre/lib/amd64/libnio.so
7f3dafc00000-7f3dafdff000 ---p 00011000 08:21 1835925                    /usr/lib/jvm/java-8-oracle/jre/lib/amd64/libnio.so
7f3dafdff000-7f3dafe00000 rw-p 00010000 08:21 1835925                    /usr/lib/jvm/java-8-oracle/jre/lib/amd64/libnio.so
7f3dafe00000-7f3db0000000 rw-p 00000000 00:00 0 
7f3db0000000-7f3db0021000 rw-p 00000000 00:00 0 
7f3db0021000-7f3db4000000 ---p 00000000 00:00 0 
7f3db4000000-7f3db4021000 rw-p 00000000 00:00 0 
7f3db4021000-7f3db8000000 ---p 00000000 00:00 0 
7f3db8000000-7f3db8021000 rw-p 00000000 00:00 0 
7f3db8021000-7f3dbc000000 ---p 00000000 00:00 0 
7f3dbc000000-7f3dbc021000 rw-p 00000000 00:00 0 
7f3dbc021000-7f3dc0000000 ---p 00000000 00:00 0 
7f3dc0000000-7f3dc0021000 rw-p 00000000 00:00 0 
7f3dc0021000-7f3dc4000000 ---p 00000000 00:00 0 
7f3dc4000000-7f3dc4021000 rw-p 00000000 00:00 0 
7f3dc4021000-7f3dc8000000 ---p 00000000 00:00 0 
7f3dc8000000-7f3dc8021000 rw-p 00000000 00:00 0 
7f3dc8021000-7f3dcc000000 ---p 00000000 00:00 0 
7f3dcc000000-7f3dcc021000 rw-p 00000000 00:00 0 
7f3dcc021000-7f3dd0000000 ---p 00000000 00:00 0 
7f3dd0000000-7f3dd02ae000 rw-p 00000000 00:00 0 
7f3dd02ae000-7f3dd4000000 ---p 00000000 00:00 0 
7f3dd4000000-7f3dd4021000 rw-p 00000000 00:00 0 
7f3dd4021000-7f3dd8000000 ---p 00000000 00:00 0 
7f3dd8000000-7f3dd85d4000 rw-p 00000000 00:00 0 
7f3dd85d4000-7f3ddc000000 ---p 00000000 00:00 0 
7f3ddc000000-7f3ddd01f000 rw-p 00000000 00:00 0 
7f3ddd01f000-7f3de0000000 ---p 00000000 00:00 0 
7f3de0000000-7f3de0021000 rw-p 00000000 00:00 0 
7f3de0021000-7f3de4000000 ---p 00000000 00:00 0 
7f3de4000000-7f3de4021000 rw-p 00000000 00:00 0 
7f3de4021000-7f3de8000000 ---p 00000000 00:00 0 
7f3de8000000-7f3de8039000 rw-p 00000000 00:00 0 
7f3de8039000-7f3dec000000 ---p 00000000 00:00 0 
7f3dec000000-7f3dec021000 rw-p 00000000 00:00 0 
7f3dec021000-7f3df0000000 ---p 00000000 00:00 0 
7f3df0000000-7f3df0021000 rw-p 00000000 00:00 0 
7f3df0021000-7f3df4000000 ---p 00000000 00:00 0 
7f3df4103000-7f3df4303000 rw-p 00000000 00:00 0 
7f3df4303000-7f3df4503000 rw-p 00000000 00:00 0 
7f3df4503000-7f3df4506000 ---p 00000000 00:00 0 
7f3df4506000-7f3df4604000 rw-p 00000000 00:00 0                          [stack:31263]
7f3df4604000-7f3df4607000 ---p 00000000 00:00 0 
7f3df4607000-7f3df4705000 rw-p 00000000 00:00 0                          [stack:31135]
7f3df4705000-7f3df4708000 ---p 00000000 00:00 0 
7f3df4708000-7f3df4806000 rw-p 00000000 00:00 0                          [stack:31134]
7f3df4806000-7f3df4809000 ---p 00000000 00:00 0 
7f3df4809000-7f3df4907000 rw-p 00000000 00:00 0                          [stack:31133]
7f3df4907000-7f3df490a000 ---p 00000000 00:00 0 
7f3df490a000-7f3df4940000 rw-p 00000000 00:00 0                          [stack:31132]
7f3df4940000-7f3df4943000 ---p 00000000 00:00 0 
7f3df4943000-7f3df4c41000 rw-p 00000000 00:00 0                          [stack:31130]
7f3df4c41000-7f3df4c57000 r-xp 00000000 08:21 1311469                    /lib/x86_64-linux-gnu/libgcc_s.so.1
7f3df4c57000-7f3df4e56000 ---p 00016000 08:21 1311469                    /lib/x86_64-linux-gnu/libgcc_s.so.1
7f3df4e56000-7f3df4e57000 rw-p 00015000 08:21 1311469                    /lib/x86_64-linux-gnu/libgcc_s.so.1
7f3df4e6c000-7f3df4e70000 rw-p 00000000 00:00 0 
7f3df4e70000-7f3df4e71000 r--s 00002000 08:21 1314135                    /home/fortegs/IdeaProjects/java1/src/NewsIDResults.xlsx
7f3df4e71000-7f3df4ea3000 r-xp 00000000 08:21 1835953                    /usr/lib/jvm/java-8-oracle/jre/lib/amd64/libsunec.so
7f3df4ea3000-7f3df50a2000 ---p 00032000 08:21 1835953                    /usr/lib/jvm/java-8-oracle/jre/lib/amd64/libsunec.so
7f3df50a2000-7f3df50a8000 rw-p 00031000 08:21 1835953                    /usr/lib/jvm/java-8-oracle/jre/lib/amd64/libsunec.so
7f3df50a8000-7f3df52b8000 rw-p 00000000 00:00 0 
7f3df52b8000-7f3df52b9000 r--s 00009000 08:21 1835840                    /usr/lib/jvm/java-8-oracle/jre/lib/ext/sunec.jar
7f3df52b9000-7f3df52bc000 r--s 0001a000 08:21 1714235                    /usr/lib/jvm/java-8-oracle/jre/lib/jce.jar
7f3df52bc000-7f3df52c6000 r--s 00116000 08:21 1835848                    /usr/lib/jvm/java-8-oracle/jre/lib/ext/localedata.jar
7f3df52c6000-7f3df52e2000 r--s 00393000 08:21 1835849                    /usr/lib/jvm/java-8-oracle/jre/lib/ext/cldrdata.jar
7f3df52e2000-7f3df52e7000 r--s 00096000 08:21 1714223                    /usr/lib/jvm/java-8-oracle/jre/lib/jsse.jar
7f3df52e7000-7f3df52e9000 r--s 0000c000 00:19 407098                     /home/fortegs/Downloads/idea-IC-143.382.35/plugins/testng/lib/jcommander.jar
7f3df52e9000-7f3df5327000 r--s 0025d000 00:19 270816                     /home/fortegs/Downloads/poi-3.13/ooxml-lib/xmlbeans-2.6.0.jar
7f3df5327000-7f3df5338000 r--s 0012f000 00:19 270822                     /home/fortegs/Downloads/poi-3.13/poi-scratchpad-3.13-20150929.jar
7f3df5338000-7f3df53f1000 r--s 004a9000 00:19 270821                     /home/fortegs/Downloads/poi-3.13/poi-ooxml-schemas-3.13-20150929.jar
7f3df53f1000-7f3df53ff000 r--s 00109000 00:19 270820                     /home/fortegs/Downloads/poi-3.13/poi-ooxml-3.13-20150929.jar
7f3df53ff000-7f3df5401000 r--s 00006000 00:19 270819                     /home/fortegs/Downloads/poi-3.13/poi-excelant-3.13-20150929.jar
7f3df5401000-7f3df5408000 r--s 0004e000 00:19 270818                     /home/fortegs/Downloads/poi-3.13/poi-examples-3.13-20150929.jar
7f3df5408000-7f3df5432000 r--s 00238000 00:19 270817                     /home/fortegs/Downloads/poi-3.13/poi-3.13-20150929.jar
7f3df5432000-7f3df543b000 r--s 0002d000 00:19 262221                     /home/fortegs/Downloads/selenium-2.48.2/libs/xml-apis-1.4.01.jar
7f3df543b000-7f3df5454000 r--s 00135000 00:19 262220                     /home/fortegs/Downloads/selenium-2.48.2/libs/xercesImpl-2.11.0.jar
7f3df5454000-7f3df5479000 r--s 002de000 00:19 262219                     /home/fortegs/Downloads/selenium-2.48.2/libs/xalan-2.7.2.jar
7f3df5479000-7f3df547d000 r--s 00028000 00:19 262218                     /home/fortegs/Downloads/selenium-2.48.2/libs/websocket-common-9.2.13.v20150730.jar
7f3df547d000-7f3df547e000 r--s 00008000 00:19 262217                     /home/fortegs/Downloads/selenium-2.48.2/libs/websocket-client-9.2.13.v20150730.jar
7f3df547e000-7f3df5480000 r--s 00009000 00:19 262216                     /home/fortegs/Downloads/selenium-2.48.2/libs/websocket-api-9.2.13.v20150730.jar
7f3df5480000-7f3df548e000 r--s 000c7000 00:19 262215                     /home/fortegs/Downloads/selenium-2.48.2/libs/testng-6.9.6.jar
7f3df548e000-7f3df5492000 r--s 00040000 00:19 262214                     /home/fortegs/Downloads/selenium-2.48.2/libs/serializer-2.7.2.jar
7f3df5492000-7f3df5493000 r--s 00003000 00:19 262213                     /home/fortegs/Downloads/selenium-2.48.2/libs/sac-1.3.jar
7f3df5493000-7f3df5494000 r--s 00002000 00:19 262212                     /home/fortegs/Downloads/selenium-2.48.2/libs/phantomjsdriver-1.2.1.jar
7f3df5494000-7f3df54aa000 r--s 000f9000 00:19 262211                     /home/fortegs/Downloads/selenium-2.48.2/libs/netty-3.5.7.Final.jar
7f3df54aa000-7f3df54ac000 r--s 0001d000 00:19 262210                     /home/fortegs/Downloads/selenium-2.48.2/libs/nekohtml-1.9.22.jar
7f3df54ac000-7f3df54b4000 r--s 00045000 00:19 262209                     /home/fortegs/Downloads/selenium-2.48.2/libs/junit-4.12.jar
7f3df54b4000-7f3df54b6000 r--s 0000c000 00:19 262208                     /home/fortegs/Downloads/selenium-2.48.2/libs/jsp-api-2.0.jar
7f3df54b6000-7f3df54c7000 r--s 00155000 00:19 262207                     /home/fortegs/Downloads/selenium-2.48.2/libs/jna-platform-4.1.0.jar
7f3df54c7000-7f3df54cb000 r--s 000dc000 00:19 262206                     /home/fortegs/Downloads/selenium-2.48.2/libs/jna-4.1.0.jar
7f3df54cb000-7f3df54d1000 r--s 00052000 00:19 262205                     /home/fortegs/Downloads/selenium-2.48.2/libs/jetty-util-9.2.13.v20150730.jar
7f3df54d1000-7f3df54d3000 r--s 0001c000 00:19 262204                     /home/fortegs/Downloads/selenium-2.48.2/libs/jetty-servlets-9.2.13.v20150730.jar
7f3df54d3000-7f3df54d6000 r--s 0001a000 00:19 262203                     /home/fortegs/Downloads/selenium-2.48.2/libs/jetty-servlet-9.2.13.v20150730.jar
7f3df54d6000-7f3df54dc000 r--s 00061000 00:19 262202                     /home/fortegs/Downloads/selenium-2.48.2/libs/jetty-server-9.2.13.v20150730.jar
7f3df54dc000-7f3df54df000 r--s 00015000 00:19 262201                     /home/fortegs/Downloads/selenium-2.48.2/libs/jetty-security-9.2.13.v20150730.jar
7f3df54df000-7f3df54e0000 r--s 00005000 00:19 262200                     /home/fortegs/Downloads/selenium-2.48.2/libs/jetty-jmx-9.2.13.v20150730.jar
7f3df54e0000-7f3df54e3000 r--s 00018000 00:19 262199                     /home/fortegs/Downloads/selenium-2.48.2/libs/jetty-io-9.2.13.v20150730.jar
7f3df54e3000-7f3df54e5000 r--s 00018000 00:19 262198                     /home/fortegs/Downloads/selenium-2.48.2/libs/jetty-http-9.2.13.v20150730.jar
7f3df54e5000-7f3df54e6000 r--s 00003000 00:19 262197                     /home/fortegs/Downloads/selenium-2.48.2/libs/jetty-continuation-9.2.13.v20150730.jar
7f3df54e6000-7f3df54e8000 r--s 0000e000 00:19 262196                     /home/fortegs/Downloads/selenium-2.48.2/libs/jcommander-1.48.jar
7f3df54e8000-7f3df54eb000 r--s 00015000 00:19 262195                     /home/fortegs/Downloads/selenium-2.48.2/libs/javax.servlet-api-3.1.0.jar
7f3df54eb000-7f3df54ed000 r--s 00011000 00:19 262194                     /home/fortegs/Downloads/selenium-2.48.2/libs/jasper-runtime-5.5.15.jar
7f3df54ed000-7f3df54f8000 r--s 0011d000 00:19 262193                     /home/fortegs/Downloads/selenium-2.48.2/libs/jasper-compiler-jdt-5.5.15.jar
7f3df54f8000-7f3df54fd000 r--s 0005f000 00:19 262192                     /home/fortegs/Downloads/selenium-2.48.2/libs/jasper-compiler-5.5.15.jar
7f3df54fd000-7f3df5504000 r--s 00049000 00:19 262190                     /home/fortegs/Downloads/selenium-2.48.2/libs/httpcore-4.4.3.jar
7f3df5504000-7f3df5511000 r--s 000a6000 00:19 262189                     /home/fortegs/Downloads/selenium-2.48.2/libs/httpclient-4.5.1.jar
7f3df5511000-7f3df551f000 r--s 000fc000 00:19 262188                     /home/fortegs/Downloads/selenium-2.48.2/libs/htmlunit-core-js-2.17.jar
7f3df551f000-7f3df5544000 r--s 001a1000 00:19 262187                     /home/fortegs/Downloads/selenium-2.48.2/libs/htmlunit-2.18.jar
7f3df5544000-7f3df556f000 r--s 001fc000 00:19 262184                     /home/fortegs/Downloads/selenium-2.48.2/libs/guava-18.0.jar
7f3df556f000-7f3df5585000 r-xp 00000000 08:21 1835946                    /usr/lib/jvm/java-8-oracle/jre/lib/amd64/libnet.so
7f3df5585000-7f3df5785000 ---p 00016000 08:21 1835946                    /usr/lib/jvm/java-8-oracle/jre/lib/amd64/libnet.so
7f3df5785000-7f3df5786000 rw-p 00016000 08:21 1835946                    /usr/lib/jvm/java-8-oracle/jre/lib/amd64/libnet.so
7f3df5786000-7f3df5789000 ---p 00000000 00:00 0 
7f3df5789000-7f3df5887000 rw-p 00000000 00:00 0                          [stack:31126]
7f3df5887000-7f3df5888000 r-xp 00000000 00:19 275143                     /home/fortegs/Downloads/idea-IC-143.382.35/bin/libbreakgen64.so
7f3df5888000-7f3df5a87000 ---p 00001000 00:19 275143                     /home/fortegs/Downloads/idea-IC-143.382.35/bin/libbreakgen64.so
7f3df5a87000-7f3df5a88000 r--p 00000000 00:19 275143                     /home/fortegs/Downloads/idea-IC-143.382.35/bin/libbreakgen64.so
7f3df5a88000-7f3df5a89000 rw-p 00001000 00:19 275143                     /home/fortegs/Downloads/idea-IC-143.382.35/bin/libbreakgen64.so
7f3df5a89000-7f3df5a8a000 ---p 00000000 00:00 0 
7f3df5a8a000-7f3df5b8a000 rw-p 00000000 00:00 0                          [stack:31124]
7f3df5b8a000-7f3df5b8d000 ---p 00000000 00:00 0 
7f3df5b8d000-7f3df5c8b000 rw-p 00000000 00:00 0                          [stack:31123]
7f3df5c8b000-7f3df5c8e000 ---p 00000000 00:00 0 
7f3df5c8e000-7f3df5d8c000 rw-p 00000000 00:00 0                          [stack:31121]
7f3df5d8c000-7f3df5d8f000 ---p 00000000 00:00 0 
7f3df5d8f000-7f3df5e8d000 rw-p 00000000 00:00 0                          [stack:31120]
7f3df5e8d000-7f3df5e90000 ---p 00000000 00:00 0 
7f3df5e90000-7f3df5f8e000 rw-p 00000000 00:00 0                          [stack:31119]
7f3df5f8e000-7f3df5f91000 ---p 00000000 00:00 0 
7f3df5f91000-7f3df608f000 rw-p 00000000 00:00 0                          [stack:31118]
7f3df608f000-7f3df6092000 ---p 00000000 00:00 0 
7f3df6092000-7f3df8000000 rw-p 00000000 00:00 0                          [stack:31112]
7f3df8000000-7f3df8021000 rw-p 00000000 00:00 0 
7f3df8021000-7f3dfc000000 ---p 00000000 00:00 0 
7f3dfc000000-7f3dfc021000 rw-p 00000000 00:00 0 
7f3dfc021000-7f3e00000000 ---p 00000000 00:00 0 
7f3e00000000-7f3e00021000 rw-p 00000000 00:00 0 
7f3e00021000-7f3e04000000 ---p 00000000 00:00 0 
7f3e04000000-7f3e04001000 r--s 00009000 00:19 262191                     /home/fortegs/Downloads/selenium-2.48.2/libs/httpmime-4.5.jar
7f3e04001000-7f3e04003000 r--s 00009000 00:19 262185                     /home/fortegs/Downloads/selenium-2.48.2/libs/hamcrest-core-1.3.jar
7f3e04003000-7f3e04008000 r--s 0002f000 00:19 262183                     /home/fortegs/Downloads/selenium-2.48.2/libs/gson-2.3.1.jar
7f3e04008000-7f3e0400b000 r--s 0005a000 00:19 262182                     /home/fortegs/Downloads/selenium-2.48.2/libs/cssparser-0.9.16.jar
7f3e0400b000-7f3e0400d000 r--s 0000e000 00:19 262181                     /home/fortegs/Downloads/selenium-2.48.2/libs/commons-logging-1.2.jar
7f3e0400d000-7f3e04014000 r--s 00064000 00:19 262180                     /home/fortegs/Downloads/selenium-2.48.2/libs/commons-lang3-3.4.jar
7f3e04014000-7f3e04018000 r--s 0002a000 00:19 262179                     /home/fortegs/Downloads/selenium-2.48.2/libs/commons-io-2.4.jar
7f3e04018000-7f3e0401a000 r--s 0000c000 00:19 262178                     /home/fortegs/Downloads/selenium-2.48.2/libs/commons-exec-1.3.jar
7f3e0401a000-7f3e04028000 r--s 0007f000 00:19 262176                     /home/fortegs/Downloads/selenium-2.48.2/libs/commons-collections-3.2.1.jar
7f3e04028000-7f3e0402f000 r--s 0003f000 00:19 262175                     /home/fortegs/Downloads/selenium-2.48.2/libs/commons-codec-1.10.jar
7f3e0402f000-7f3e04036000 r--s 00049000 00:19 262174                     /home/fortegs/Downloads/selenium-2.48.2/libs/cglib-nodep-2.1_3.jar
7f3e04036000-7f3e0403b000 r--s 00040000 00:19 262173                     /home/fortegs/Downloads/selenium-2.48.2/libs/bsh-2.0b4.jar
7f3e0403b000-7f3e04042000 r--s 0004e000 00:19 262172                     /home/fortegs/Downloads/selenium-2.48.2/libs/apache-mime4j-0.6.jar
7f3e04042000-7f3e04055000 r--s 001b8000 00:19 262171                     /home/fortegs/Downloads/selenium-2.48.2/selenium-java-2.48.2.jar
7f3e04055000-7f3e04067000 r--s 00345000 08:21 1714241                    /usr/lib/jvm/java-8-oracle/jre/lib/resources.jar
7f3e04067000-7f3e0407a000 r--s 000d5000 08:21 1714247                    /usr/lib/jvm/java-8-oracle/jre/lib/plugin.jar
7f3e0407a000-7f3e0407f000 r--s 00096000 08:21 1714223                    /usr/lib/jvm/java-8-oracle/jre/lib/jsse.jar
7f3e0407f000-7f3e04084000 r--s 00083000 08:21 1714226                    /usr/lib/jvm/java-8-oracle/jre/lib/jfr.jar
7f3e04084000-7f3e0408e000 r--s 0006b000 08:21 1714238                    /usr/lib/jvm/java-8-oracle/jre/lib/javaws.jar
7f3e0408e000-7f3e04091000 ---p 00000000 00:00 0 
7f3e04091000-7f3e0418f000 rw-p 00000000 00:00 0                          [stack:31110]
7f3e0418f000-7f3e04190000 ---p 00000000 00:00 0 
7f3e04190000-7f3e05000000 rw-p 00000000 00:00 0                          [stack:31109]
7f3e05000000-7f3e056b0000 rwxp 00000000 00:00 0 
7f3e056b0000-7f3e14000000 ---p 00000000 00:00 0 
7f3e14000000-7f3e14bb2000 rw-p 00000000 00:00 0 
7f3e14bb2000-7f3e18000000 ---p 00000000 00:00 0 
7f3e18000000-7f3e18001000 r--s 0000c000 00:19 262186                     /home/fortegs/Downloads/selenium-2.48.2/libs/hamcrest-library-1.3.jar
7f3e18001000-7f3e18004000 r--s 00019000 00:19 262177                     /home/fortegs/Downloads/selenium-2.48.2/libs/commons-el-1.0.jar
7f3e18004000-7f3e1801f000 r--s 001fe000 08:21 1714224                    /usr/lib/jvm/java-8-oracle/jre/lib/deploy.jar
7f3e1801f000-7f3e18270000 rw-p 00000000 00:00 0 
7f3e18270000-7f3e18449000 r--s 03d20000 08:21 1714215                    /usr/lib/jvm/java-8-oracle/jre/lib/rt.jar
7f3e18449000-7f3e18ea6000 rw-p 00000000 00:00 0 
7f3e18ea6000-7f3e18ea7000 ---p 00000000 00:00 0 
7f3e18ea7000-7f3e18fa7000 rw-p 00000000 00:00 0                          [stack:31102]
7f3e18fa7000-7f3e18fa8000 ---p 00000000 00:00 0 
7f3e18fa8000-7f3e190a8000 rw-p 00000000 00:00 0                          [stack:31101]
7f3e190a8000-7f3e190a9000 ---p 00000000 00:00 0 
7f3e190a9000-7f3e191a9000 rw-p 00000000 00:00 0                          [stack:31100]
7f3e191a9000-7f3e191aa000 ---p 00000000 00:00 0 
7f3e191aa000-7f3e192d7000 rw-p 00000000 00:00 0                          [stack:31099]
7f3e192d7000-7f3e193ef000 ---p 00000000 00:00 0 
7f3e193ef000-7f3e1941c000 rw-p 00000000 00:00 0 
7f3e1941c000-7f3e19533000 ---p 00000000 00:00 0 
7f3e19533000-7f3e19558000 rw-p 00000000 00:00 0 
7f3e19558000-7f3e195d6000 ---p 00000000 00:00 0 
7f3e195d6000-7f3e195f2000 rw-p 00000000 00:00 0 
7f3e195f2000-7f3e19997000 ---p 00000000 00:00 0 
7f3e19997000-7f3e199b1000 r-xp 00000000 08:21 1835915                    /usr/lib/jvm/java-8-oracle/jre/lib/amd64/libzip.so
7f3e199b1000-7f3e19bb1000 ---p 0001a000 08:21 1835915                    /usr/lib/jvm/java-8-oracle/jre/lib/amd64/libzip.so
7f3e19bb1000-7f3e19bb2000 rw-p 0001a000 08:21 1835915                    /usr/lib/jvm/java-8-oracle/jre/lib/amd64/libzip.so
7f3e19bb2000-7f3e19bbd000 r-xp 00000000 08:21 1311497                    /lib/x86_64-linux-gnu/libnss_files-2.19.so
7f3e19bbd000-7f3e19dbc000 ---p 0000b000 08:21 1311497                    /lib/x86_64-linux-gnu/libnss_files-2.19.so
7f3e19dbc000-7f3e19dbd000 r--p 0000a000 08:21 1311497                    /lib/x86_64-linux-gnu/libnss_files-2.19.so
7f3e19dbd000-7f3e19dbe000 rw-p 0000b000 08:21 1311497                    /lib/x86_64-linux-gnu/libnss_files-2.19.so
7f3e19dbe000-7f3e19dc9000 r-xp 00000000 08:21 1311517                    /lib/x86_64-linux-gnu/libnss_nis-2.19.so
7f3e19dc9000-7f3e19fc8000 ---p 0000b000 08:21 1311517                    /lib/x86_64-linux-gnu/libnss_nis-2.19.so
7f3e19fc8000-7f3e19fc9000 r--p 0000a000 08:21 1311517                    /lib/x86_64-linux-gnu/libnss_nis-2.19.so
7f3e19fc9000-7f3e19fca000 rw-p 0000b000 08:21 1311517                    /lib/x86_64-linux-gnu/libnss_nis-2.19.so
7f3e19fca000-7f3e19fe1000 r-xp 00000000 08:21 1311506                    /lib/x86_64-linux-gnu/libnsl-2.19.so
7f3e19fe1000-7f3e1a1e0000 ---p 00017000 08:21 1311506                    /lib/x86_64-linux-gnu/libnsl-2.19.so
7f3e1a1e0000-7f3e1a1e1000 r--p 00016000 08:21 1311506                    /lib/x86_64-linux-gnu/libnsl-2.19.so
7f3e1a1e1000-7f3e1a1e2000 rw-p 00017000 08:21 1311506                    /lib/x86_64-linux-gnu/libnsl-2.19.so
7f3e1a1e2000-7f3e1a1e4000 rw-p 00000000 00:00 0 
7f3e1a1e4000-7f3e1a1ed000 r-xp 00000000 08:21 1311505                    /lib/x86_64-linux-gnu/libnss_compat-2.19.so
7f3e1a1ed000-7f3e1a3ec000 ---p 00009000 08:21 1311505                    /lib/x86_64-linux-gnu/libnss_compat-2.19.so
7f3e1a3ec000-7f3e1a3ed000 r--p 00008000 08:21 1311505                    /lib/x86_64-linux-gnu/libnss_compat-2.19.so
7f3e1a3ed000-7f3e1a3ee000 rw-p 00009000 08:21 1311505                    /lib/x86_64-linux-gnu/libnss_compat-2.19.so
7f3e1a3ee000-7f3e1a418000 r-xp 00000000 08:21 1835935                    /usr/lib/jvm/java-8-oracle/jre/lib/amd64/libjava.so
7f3e1a418000-7f3e1a618000 ---p 0002a000 08:21 1835935                    /usr/lib/jvm/java-8-oracle/jre/lib/amd64/libjava.so
7f3e1a618000-7f3e1a61a000 rw-p 0002a000 08:21 1835935                    /usr/lib/jvm/java-8-oracle/jre/lib/amd64/libjava.so
7f3e1a61a000-7f3e1a627000 r-xp 00000000 08:21 1835917                    /usr/lib/jvm/java-8-oracle/jre/lib/amd64/libverify.so
7f3e1a627000-7f3e1a827000 ---p 0000d000 08:21 1835917                    /usr/lib/jvm/java-8-oracle/jre/lib/amd64/libverify.so
7f3e1a827000-7f3e1a829000 rw-p 0000d000 08:21 1835917                    /usr/lib/jvm/java-8-oracle/jre/lib/amd64/libverify.so
7f3e1a829000-7f3e1a830000 r-xp 00000000 08:21 1311514                    /lib/x86_64-linux-gnu/librt-2.19.so
7f3e1a830000-7f3e1aa2f000 ---p 00007000 08:21 1311514                    /lib/x86_64-linux-gnu/librt-2.19.so
7f3e1aa2f000-7f3e1aa30000 r--p 00006000 08:21 1311514                    /lib/x86_64-linux-gnu/librt-2.19.so
7f3e1aa30000-7f3e1aa31000 rw-p 00007000 08:21 1311514                    /lib/x86_64-linux-gnu/librt-2.19.so
7f3e1aa31000-7f3e1ab36000 r-xp 00000000 08:21 1311496                    /lib/x86_64-linux-gnu/libm-2.19.so
7f3e1ab36000-7f3e1ad35000 ---p 00105000 08:21 1311496                    /lib/x86_64-linux-gnu/libm-2.19.so
7f3e1ad35000-7f3e1ad36000 r--p 00104000 08:21 1311496                    /lib/x86_64-linux-gnu/libm-2.19.so
7f3e1ad36000-7f3e1ad37000 rw-p 00105000 08:21 1311496                    /lib/x86_64-linux-gnu/libm-2.19.so
7f3e1ad37000-7f3e1b9f5000 r-xp 00000000 08:21 1835937                    /usr/lib/jvm/java-8-oracle/jre/lib/amd64/server/libjvm.so
7f3e1b9f5000-7f3e1bbf4000 ---p 00cbe000 08:21 1835937                    /usr/lib/jvm/java-8-oracle/jre/lib/amd64/server/libjvm.so
7f3e1bbf4000-7f3e1bccd000 rw-p 00cbd000 08:21 1835937                    /usr/lib/jvm/java-8-oracle/jre/lib/amd64/server/libjvm.so
7f3e1bccd000-7f3e1bd11000 rw-p 00000000 00:00 0 
7f3e1bd11000-7f3e1becc000 r-xp 00000000 08:21 1311511                    /lib/x86_64-linux-gnu/libc-2.19.so
7f3e1becc000-7f3e1c0cb000 ---p 001bb000 08:21 1311511                    /lib/x86_64-linux-gnu/libc-2.19.so
7f3e1c0cb000-7f3e1c0cf000 r--p 001ba000 08:21 1311511                    /lib/x86_64-linux-gnu/libc-2.19.so
7f3e1c0cf000-7f3e1c0d1000 rw-p 001be000 08:21 1311511                    /lib/x86_64-linux-gnu/libc-2.19.so
7f3e1c0d1000-7f3e1c0d6000 rw-p 00000000 00:00 0 
7f3e1c0d6000-7f3e1c0d9000 r-xp 00000000 08:21 1311500                    /lib/x86_64-linux-gnu/libdl-2.19.so
7f3e1c0d9000-7f3e1c2d8000 ---p 00003000 08:21 1311500                    /lib/x86_64-linux-gnu/libdl-2.19.so
7f3e1c2d8000-7f3e1c2d9000 r--p 00002000 08:21 1311500                    /lib/x86_64-linux-gnu/libdl-2.19.so
7f3e1c2d9000-7f3e1c2da000 rw-p 00003000 08:21 1311500                    /lib/x86_64-linux-gnu/libdl-2.19.so
7f3e1c2da000-7f3e1c2ef000 r-xp 00000000 08:21 1714297                    /usr/lib/jvm/java-8-oracle/lib/amd64/jli/libjli.so
7f3e1c2ef000-7f3e1c4ef000 ---p 00015000 08:21 1714297                    /usr/lib/jvm/java-8-oracle/lib/amd64/jli/libjli.so
7f3e1c4ef000-7f3e1c4f0000 rw-p 00015000 08:21 1714297                    /usr/lib/jvm/java-8-oracle/lib/amd64/jli/libjli.so
7f3e1c4f0000-7f3e1c509000 r-xp 00000000 08:21 1311512                    /lib/x86_64-linux-gnu/libpthread-2.19.so
7f3e1c509000-7f3e1c708000 ---p 00019000 08:21 1311512                    /lib/x86_64-linux-gnu/libpthread-2.19.so
7f3e1c708000-7f3e1c709000 r--p 00018000 08:21 1311512                    /lib/x86_64-linux-gnu/libpthread-2.19.so
7f3e1c709000-7f3e1c70a000 rw-p 00019000 08:21 1311512                    /lib/x86_64-linux-gnu/libpthread-2.19.so
7f3e1c70a000-7f3e1c70e000 rw-p 00000000 00:00 0 
7f3e1c70e000-7f3e1c731000 r-xp 00000000 08:21 1311508                    /lib/x86_64-linux-gnu/ld-2.19.so
7f3e1c731000-7f3e1c733000 r--s 00007000 08:21 1714219                    /usr/lib/jvm/java-8-oracle/jre/lib/jfxswt.jar
7f3e1c733000-7f3e1c736000 r--s 0001a000 08:21 1714235                    /usr/lib/jvm/java-8-oracle/jre/lib/jce.jar
7f3e1c736000-7f3e1c80f000 rw-p 00000000 00:00 0 
7f3e1c80f000-7f3e1c812000 ---p 00000000 00:00 0 
7f3e1c812000-7f3e1c914000 rw-p 00000000 00:00 0                          [stack:31097]
7f3e1c914000-7f3e1c915000 r--s 00000000 08:21 1714250                    /usr/lib/jvm/java-8-oracle/jre/lib/management-agent.jar
7f3e1c915000-7f3e1c91b000 r--s 002f8000 08:21 1714232                    /usr/lib/jvm/java-8-oracle/jre/lib/charsets.jar
7f3e1c91b000-7f3e1c922000 r--s 000c1000 00:19 407100                     /home/fortegs/Downloads/idea-IC-143.382.35/plugins/testng/lib/testng-plugin.jar
7f3e1c922000-7f3e1c924000 r--s 0001e000 00:19 273763                     /home/fortegs/Downloads/idea-IC-143.382.35/lib/idea_rt.jar
7f3e1c924000-7f3e1c92c000 rw-s 00000000 00:0d 962255                     /tmp/hsperfdata_fortegs/31095
7f3e1c92c000-7f3e1c92d000 rw-p 00000000 00:00 0 
7f3e1c92d000-7f3e1c92e000 r--p 00000000 00:00 0 
7f3e1c92e000-7f3e1c930000 rw-p 00000000 00:00 0 
7f3e1c930000-7f3e1c931000 r--p 00022000 08:21 1311508                    /lib/x86_64-linux-gnu/ld-2.19.so
7f3e1c931000-7f3e1c932000 rw-p 00023000 08:21 1311508                    /lib/x86_64-linux-gnu/ld-2.19.so
7f3e1c932000-7f3e1c933000 rw-p 00000000 00:00 0 
7ffc559c7000-7ffc559e9000 rw-p 00000000 00:00 0                          [stack]
7ffc559ef000-7ffc559f1000 r-xp 00000000 00:00 0                          [vdso]
ffffffffff600000-ffffffffff601000 r-xp 00000000 00:00 0                  [vsyscall]

VM Arguments:
jvm_args: -ea -Didea.launcher.port=7543 -Didea.launcher.bin.path=/home/fortegs/Downloads/idea-IC-143.382.35/bin -Didea.testng.sm_runner -Dfile.encoding=UTF-8 
java_command: com.intellij.rt.execution.application.AppMain org.testng.RemoteTestNGStarter -port 50085 -usedefaultlisteners false -socket49335 @w@/tmp/idea_working_dirs_testng0.tmp -temp /tmp/idea_testng0.tmp
java_class_path (initial): /home/fortegs/Downloads/idea-IC-143.382.35/lib/idea_rt.jar:/home/fortegs/Downloads/idea-IC-143.382.35/plugins/testng/lib/testng-plugin.jar:/usr/lib/jvm/java-8-oracle/jre/lib/charsets.jar:/usr/lib/jvm/java-8-oracle/jre/lib/deploy.jar:/usr/lib/jvm/java-8-oracle/jre/lib/ext/cldrdata.jar:/usr/lib/jvm/java-8-oracle/jre/lib/ext/dnsns.jar:/usr/lib/jvm/java-8-oracle/jre/lib/ext/jaccess.jar:/usr/lib/jvm/java-8-oracle/jre/lib/ext/jfxrt.jar:/usr/lib/jvm/java-8-oracle/jre/lib/ext/localedata.jar:/usr/lib/jvm/java-8-oracle/jre/lib/ext/nashorn.jar:/usr/lib/jvm/java-8-oracle/jre/lib/ext/sunec.jar:/usr/lib/jvm/java-8-oracle/jre/lib/ext/sunjce_provider.jar:/usr/lib/jvm/java-8-oracle/jre/lib/ext/sunpkcs11.jar:/usr/lib/jvm/java-8-oracle/jre/lib/ext/zipfs.jar:/usr/lib/jvm/java-8-oracle/jre/lib/javaws.jar:/usr/lib/jvm/java-8-oracle/jre/lib/jce.jar:/usr/lib/jvm/java-8-oracle/jre/lib/jfr.jar:/usr/lib/jvm/java-8-oracle/jre/lib/jfxswt.jar:/usr/lib/jvm/java-8-oracle/jre/lib/jsse.jar:/usr/lib/jvm/java-8-oracle/jre/lib/management-agent.jar:/usr/lib/jvm/java-8-oracle/jre/lib/plugin.jar:/usr/lib/jvm/java-8-oracle/jre/lib/resources.jar:/usr/lib/jvm/java-8-oracle/jre/lib/rt.jar:/home/fortegs/IdeaProjects/java1/out/production/java1:/home/fortegs/Downloads/selenium-2.48.2/selenium-java-2.48.2.jar:/home/fortegs/Downloads/selenium-2.48.2/libs/apache-mime4j-0.6.jar:/home/fortegs/Downloads/selenium-2.48.2/libs/bsh-2.0b4.jar:/home/fortegs/Downloads/selenium-2.48.2/libs/cglib-nodep-2.1_3.jar:/home/fortegs/Downloads/selenium-2.48.2/libs/commons-codec-1.10.jar:/home/fortegs/Downloads/selenium-2.48.2/libs/commons-collections-3.2.1.jar:/home/fortegs/Downloads/selenium-2.48.2/libs/commons-el-1.0.jar:/home/fortegs/Downloads/selenium-2.48.2/libs/commons-exec-1.3.jar:/home/fortegs/Downloads/selenium-2.48.2/libs/commons-io-2.4.jar:/home/fortegs/Downloads/selenium-2.48.2/libs/commons-lang3-3.4.jar:/home/fortegs/Downloads/selenium-2.48.2/libs/commons-logging-1.2.jar:/home/fortegs/Download
Launcher Type: SUN_STANDARD

Environment Variables:
PATH=/usr/local/bin:/usr/bin:/bin:/usr/local/games:/usr/games
LD_LIBRARY_PATH=/home/fortegs/Downloads/idea-IC-143.382.35/bin:
SHELL=/bin/bash
DISPLAY=:1.0

Signal Handlers:
SIGSEGV: [libjvm.so+0xaba2a0], sa_mask[0]=11111111011111111101111111111110, sa_flags=SA_RESTART|SA_SIGINFO
SIGBUS: [libjvm.so+0xaba2a0], sa_mask[0]=11111111011111111101111111111110, sa_flags=SA_RESTART|SA_SIGINFO
SIGFPE: [libjvm.so+0x917710], sa_mask[0]=11111111011111111101111111111110, sa_flags=SA_RESTART|SA_SIGINFO
SIGPIPE: [libjvm.so+0x917710], sa_mask[0]=11111111011111111101111111111110, sa_flags=SA_RESTART|SA_SIGINFO
SIGXFSZ: [libjvm.so+0x917710], sa_mask[0]=11111111011111111101111111111110, sa_flags=SA_RESTART|SA_SIGINFO
SIGILL: [libjvm.so+0x917710], sa_mask[0]=11111111011111111101111111111110, sa_flags=SA_RESTART|SA_SIGINFO
SIGUSR1: SIG_DFL, sa_mask[0]=00000000000000000000000000000000, sa_flags=none
SIGUSR2: [libjvm.so+0x918d40], sa_mask[0]=00100000000000000000000000000000, sa_flags=SA_RESTART|SA_SIGINFO
SIGHUP: [libjvm.so+0x91a140], sa_mask[0]=11111111011111111101111111111110, sa_flags=SA_RESTART|SA_SIGINFO
SIGINT: [libjvm.so+0x91a140], sa_mask[0]=11111111011111111101111111111110, sa_flags=SA_RESTART|SA_SIGINFO
SIGTERM: [libjvm.so+0x91a140], sa_mask[0]=11111111011111111101111111111110, sa_flags=SA_RESTART|SA_SIGINFO
SIGQUIT: [libjvm.so+0x91a140], sa_mask[0]=11111111011111111101111111111110, sa_flags=SA_RESTART|SA_SIGINFO


---------------  S Y S T E M  ---------------

OS:DISTRIB_ID=Ubuntu
DISTRIB_RELEASE=14.04
DISTRIB_CODENAME=trusty
DISTRIB_DESCRIPTION="Ubuntu 14.04.3 LTS"

uname:Linux 3.8.11 #1 SMP Thu Nov 5 13:33:59 PST 2015 x86_64
libc:glibc 2.19 NPTL 2.19 
rlimit: STACK 8192k, CORE 0k, NPROC 31124, NOFILE 2048, AS infinity
load average:2.12 1.75 1.52

/proc/meminfo:
MemTotal:        3985940 kB
MemFree:           34980 kB
Buffers:            1716 kB
Cached:           294912 kB
SwapCached:       178436 kB
Active:          1924164 kB
Inactive:         637148 kB
Active(anon):    1868124 kB
Inactive(anon):   583380 kB
Active(file):      56040 kB
Inactive(file):    53768 kB
Unevictable:          32 kB
Mlocked:              32 kB
SwapTotal:       5838776 kB
SwapFree:        2784928 kB
Dirty:               128 kB
Writeback:             0 kB
AnonPages:       2265204 kB
Mapped:           211676 kB
Shmem:            186588 kB
Slab:             101712 kB
SReclaimable:      50908 kB
SUnreclaim:        50804 kB
KernelStack:        6680 kB
PageTables:        51080 kB
NFS_Unstable:          0 kB
Bounce:                0 kB
WritebackTmp:          0 kB
CommitLimit:     7831744 kB
Committed_AS:   12220428 kB
VmallocTotal:   34359738367 kB
VmallocUsed:      365100 kB
VmallocChunk:   34359370428 kB
DirectMap4k:       65000 kB
DirectMap2M:     3020800 kB
DirectMap1G:     1048576 kB


CPU:total 4 (2 cores per cpu, 2 threads per core) family 6 model 69 stepping 1, cmov, cx8, fxsr, mmx, sse, sse2, sse3, ssse3, sse4.1, sse4.2, popcnt, avx, avx2, aes, clmul, erms, lzcnt, ht, tsc, tscinvbit, bmi1, bmi2

/proc/cpuinfo:
processor	: 0
vendor_id	: GenuineIntel
cpu family	: 6
model		: 69
model name	: Intel(R) Core(TM) i3-4005U CPU @ 1.70GHz
stepping	: 1
microcode	: 0x1c
cpu MHz		: 800.000
cache size	: 3072 KB
physical id	: 0
siblings	: 4
core id		: 0
cpu cores	: 2
apicid		: 0
initial apicid	: 0
fpu		: yes
fpu_exception	: yes
cpuid level	: 13
wp		: yes
flags		: fpu vme de pse tsc msr pae mce cx8 apic sep mtrr pge mca cmov pat pse36 clflush dts acpi mmx fxsr sse sse2 ss ht tm pbe syscall nx pdpe1gb rdtscp lm constant_tsc arch_perfmon pebs bts rep_good nopl xtopology nonstop_tsc aperfmperf eagerfpu pni pclmulqdq dtes64 monitor ds_cpl vmx est tm2 ssse3 fma cx16 xtpr pdcm pcid sse4_1 sse4_2 movbe popcnt tsc_deadline_timer aes xsave avx f16c rdrand lahf_lm abm ida arat epb xsaveopt pln pts dtherm tpr_shadow vnmi flexpriority ept vpid fsgsbase tsc_adjust bmi1 avx2 smep bmi2 erms invpcid
bogomips	: 3391.88
clflush size	: 64
cache_alignment	: 64
address sizes	: 39 bits physical, 48 bits virtual
power management:

processor	: 1
vendor_id	: GenuineIntel
cpu family	: 6
model		: 69
model name	: Intel(R) Core(TM) i3-4005U CPU @ 1.70GHz
stepping	: 1
microcode	: 0x1c
cpu MHz		: 1701.000
cache size	: 3072 KB
physical id	: 0
siblings	: 4
core id		: 0
cpu cores	: 2
apicid		: 1
initial apicid	: 1
fpu		: yes
fpu_exception	: yes
cpuid level	: 13
wp		: yes
flags		: fpu vme de pse tsc msr pae mce cx8 apic sep mtrr pge mca cmov pat pse36 clflush dts acpi mmx fxsr sse sse2 ss ht tm pbe syscall nx pdpe1gb rdtscp lm constant_tsc arch_perfmon pebs bts rep_good nopl xtopology nonstop_tsc aperfmperf eagerfpu pni pclmulqdq dtes64 monitor ds_cpl vmx est tm2 ssse3 fma cx16 xtpr pdcm pcid sse4_1 sse4_2 movbe popcnt tsc_deadline_timer aes xsave avx f16c rdrand lahf_lm abm ida arat epb xsaveopt pln pts dtherm tpr_shadow vnmi flexpriority ept vpid fsgsbase tsc_adjust bmi1 avx2 smep bmi2 erms invpcid
bogomips	: 3391.88
clflush size	: 64
cache_alignment	: 64
address sizes	: 39 bits physical, 48 bits virtual
power management:

processor	: 2
vendor_id	: GenuineIntel
cpu family	: 6
model		: 69
model name	: Intel(R) Core(TM) i3-4005U CPU @ 1.70GHz
stepping	: 1
microcode	: 0x1c
cpu MHz		: 800.000
cache size	: 3072 KB
physical id	: 0
siblings	: 4
core id		: 1
cpu cores	: 2
apicid		: 2
initial apicid	: 2
fpu		: yes
fpu_exception	: yes
cpuid level	: 13
wp		: yes
flags		: fpu vme de pse tsc msr pae mce cx8 apic sep mtrr pge mca cmov pat pse36 clflush dts acpi mmx fxsr sse sse2 ss ht tm pbe syscall nx pdpe1gb rdtscp lm constant_tsc arch_perfmon pebs bts rep_good nopl xtopology nonstop_tsc aperfmperf eagerfpu pni pclmulqdq dtes64 monitor ds_cpl vmx est tm2 ssse3 fma cx16 xtpr pdcm pcid sse4_1 sse4_2 movbe popcnt tsc_deadline_timer aes xsave avx f16c rdrand lahf_lm abm ida arat epb xsaveopt pln pts dtherm tpr_shadow vnmi flexpriority ept vpid fsgsbase tsc_adjust bmi1 avx2 smep bmi2 erms invpcid
bogomips	: 3391.88
clflush size	: 64
cache_alignment	: 64
address sizes	: 39 bits physical, 48 bits virtual
power management:

processor	: 3
vendor_id	: GenuineIntel
cpu family	: 6
model		: 69
model name	: Intel(R) Core(TM) i3-4005U CPU @ 1.70GHz
stepping	: 1
microcode	: 0x1c
cpu MHz		: 800.000
cache size	: 3072 KB
physical id	: 0
siblings	: 4
core id		: 1
cpu cores	: 2
apicid		: 3
initial apicid	: 3
fpu		: yes
fpu_exception	: yes
cpuid level	: 13
wp		: yes
flags		: fpu vme de pse tsc msr pae mce cx8 apic sep mtrr pge mca cmov pat pse36 clflush dts acpi mmx fxsr sse sse2 ss ht tm pbe syscall nx pdpe1gb rdtscp lm constant_tsc arch_perfmon pebs bts rep_good nopl xtopology nonstop_tsc aperfmperf eagerfpu pni pclmulqdq dtes64 monitor ds_cpl vmx est tm2 ssse3 fma cx16 xtpr pdcm pcid sse4_1 sse4_2 movbe popcnt tsc_deadline_timer aes xsave avx f16c rdrand lahf_lm abm ida arat epb xsaveopt pln pts dtherm tpr_shadow vnmi flexpriority ept vpid fsgsbase tsc_adjust bmi1 avx2 smep bmi2 erms invpcid
bogomips	: 3391.88
clflush size	: 64
cache_alignment	: 64
address sizes	: 39 bits physical, 48 bits virtual
power management:



Memory: 4k page, physical 3985940k(34980k free), swap 5838776k(2784928k free)

vm_info: Java HotSpot(TM) 64-Bit Server VM (25.66-b17) for linux-amd64 JRE (1.8.0_66-b17), built on Oct  6 2015 17:28:34 by "java_re" with gcc 4.3.0 20080428 (Red Hat 4.3.0-8)

time: Thu Dec  3 14:44:42 2015
elapsed time: 52 seconds (0d 0h 0m 52s)

